{"/Users/mac/bootcamp/collab/skylab-bootcamp-202004/staff/sergi-ramos/coohappy/coohappy-server-logic/add-date-laundry.spec.js":{"path":"/Users/mac/bootcamp/collab/skylab-bootcamp-202004/staff/sergi-ramos/coohappy/coohappy-server-logic/add-date-laundry.spec.js","statementMap":{"0":{"start":{"line":1,"column":0},"end":{"line":1,"column":26}},"1":{"start":{"line":3,"column":51},"end":{"line":3,"column":58}},"2":{"start":{"line":5,"column":19},"end":{"line":5,"column":34}},"3":{"start":{"line":6,"column":19},"end":{"line":6,"column":23}},"4":{"start":{"line":7,"column":23},"end":{"line":7,"column":52}},"5":{"start":{"line":8,"column":15},"end":{"line":8,"column":34}},"6":{"start":{"line":9,"column":40},"end":{"line":9,"column":67}},"7":{"start":{"line":10,"column":21},"end":{"line":10,"column":45}},"8":{"start":{"line":11,"column":34},"end":{"line":11,"column":61}},"9":{"start":{"line":12,"column":64},"end":{"line":12,"column":88}},"10":{"start":{"line":17,"column":0},"end":{"line":151,"column":2}},"11":{"start":{"line":19,"column":4},"end":{"line":19,"column":47}},"12":{"start":{"line":19,"column":17},"end":{"line":19,"column":46}},"13":{"start":{"line":21,"column":4},"end":{"line":53,"column":6}},"14":{"start":{"line":23,"column":8},"end":{"line":23,"column":31}},"15":{"start":{"line":24,"column":8},"end":{"line":24,"column":36}},"16":{"start":{"line":26,"column":8},"end":{"line":26,"column":33}},"17":{"start":{"line":27,"column":8},"end":{"line":27,"column":39}},"18":{"start":{"line":28,"column":8},"end":{"line":28,"column":40}},"19":{"start":{"line":29,"column":8},"end":{"line":29,"column":41}},"20":{"start":{"line":31,"column":8},"end":{"line":31,"column":34}},"21":{"start":{"line":32,"column":8},"end":{"line":32,"column":40}},"22":{"start":{"line":33,"column":8},"end":{"line":33,"column":41}},"23":{"start":{"line":34,"column":8},"end":{"line":34,"column":42}},"24":{"start":{"line":36,"column":8},"end":{"line":36,"column":42}},"25":{"start":{"line":37,"column":8},"end":{"line":37,"column":37}},"26":{"start":{"line":38,"column":8},"end":{"line":38,"column":25}},"27":{"start":{"line":39,"column":8},"end":{"line":39,"column":33}},"28":{"start":{"line":40,"column":8},"end":{"line":40,"column":43}},"29":{"start":{"line":41,"column":8},"end":{"line":41,"column":22}},"30":{"start":{"line":44,"column":8},"end":{"line":44,"column":46}},"31":{"start":{"line":45,"column":8},"end":{"line":45,"column":47}},"32":{"start":{"line":46,"column":21},"end":{"line":46,"column":80}},"33":{"start":{"line":47,"column":8},"end":{"line":47,"column":24}},"34":{"start":{"line":48,"column":8},"end":{"line":48,"column":101}},"35":{"start":{"line":49,"column":8},"end":{"line":49,"column":26}},"36":{"start":{"line":50,"column":22},"end":{"line":50,"column":46}},"37":{"start":{"line":51,"column":26},"end":{"line":51,"column":141}},"38":{"start":{"line":55,"column":4},"end":{"line":67,"column":6}},"39":{"start":{"line":57,"column":8},"end":{"line":66,"column":10}},"40":{"start":{"line":59,"column":12},"end":{"line":59,"column":50}},"41":{"start":{"line":60,"column":30},"end":{"line":60,"column":76}},"42":{"start":{"line":62,"column":12},"end":{"line":62,"column":46}},"43":{"start":{"line":63,"column":12},"end":{"line":63,"column":58}},"44":{"start":{"line":64,"column":12},"end":{"line":64,"column":59}},"45":{"start":{"line":65,"column":12},"end":{"line":65,"column":73}},"46":{"start":{"line":70,"column":4},"end":{"line":130,"column":6}},"47":{"start":{"line":72,"column":8},"end":{"line":76,"column":10}},"48":{"start":{"line":73,"column":30},"end":{"line":73,"column":76}},"49":{"start":{"line":74,"column":12},"end":{"line":74,"column":43}},"50":{"start":{"line":75,"column":12},"end":{"line":75,"column":28}},"51":{"start":{"line":78,"column":8},"end":{"line":96,"column":10}},"52":{"start":{"line":80,"column":12},"end":{"line":80,"column":50}},"53":{"start":{"line":82,"column":30},"end":{"line":82,"column":76}},"54":{"start":{"line":84,"column":12},"end":{"line":84,"column":46}},"55":{"start":{"line":85,"column":12},"end":{"line":85,"column":58}},"56":{"start":{"line":86,"column":12},"end":{"line":86,"column":59}},"57":{"start":{"line":87,"column":12},"end":{"line":87,"column":73}},"58":{"start":{"line":88,"column":12},"end":{"line":95,"column":13}},"59":{"start":{"line":89,"column":16},"end":{"line":89,"column":55}},"60":{"start":{"line":93,"column":16},"end":{"line":93,"column":38}},"61":{"start":{"line":94,"column":16},"end":{"line":94,"column":90}},"62":{"start":{"line":98,"column":8},"end":{"line":112,"column":10}},"63":{"start":{"line":100,"column":30},"end":{"line":100,"column":114}},"64":{"start":{"line":102,"column":12},"end":{"line":102,"column":50}},"65":{"start":{"line":104,"column":12},"end":{"line":111,"column":13}},"66":{"start":{"line":105,"column":16},"end":{"line":105,"column":54}},"67":{"start":{"line":109,"column":16},"end":{"line":109,"column":38}},"68":{"start":{"line":110,"column":16},"end":{"line":110,"column":97}},"69":{"start":{"line":114,"column":8},"end":{"line":129,"column":10}},"70":{"start":{"line":116,"column":12},"end":{"line":116,"column":96}},"71":{"start":{"line":118,"column":12},"end":{"line":118,"column":50}},"72":{"start":{"line":119,"column":12},"end":{"line":119,"column":51}},"73":{"start":{"line":120,"column":31},"end":{"line":120,"column":77}},"74":{"start":{"line":121,"column":12},"end":{"line":121,"column":46}},"75":{"start":{"line":122,"column":12},"end":{"line":122,"column":58}},"76":{"start":{"line":123,"column":12},"end":{"line":123,"column":59}},"77":{"start":{"line":124,"column":12},"end":{"line":124,"column":73}},"78":{"start":{"line":126,"column":12},"end":{"line":126,"column":58}},"79":{"start":{"line":127,"column":12},"end":{"line":127,"column":59}},"80":{"start":{"line":128,"column":12},"end":{"line":128,"column":74}},"81":{"start":{"line":133,"column":4},"end":{"line":141,"column":6}},"82":{"start":{"line":135,"column":8},"end":{"line":140,"column":10}},"83":{"start":{"line":137,"column":12},"end":{"line":137,"column":119}},"84":{"start":{"line":137,"column":25},"end":{"line":137,"column":69}},"85":{"start":{"line":138,"column":12},"end":{"line":138,"column":109}},"86":{"start":{"line":138,"column":25},"end":{"line":138,"column":56}},"87":{"start":{"line":144,"column":4},"end":{"line":147,"column":6}},"88":{"start":{"line":145,"column":8},"end":{"line":145,"column":25}},"89":{"start":{"line":146,"column":8},"end":{"line":146,"column":30}},"90":{"start":{"line":149,"column":4},"end":{"line":149,"column":30}}},"fnMap":{"0":{"name":"(anonymous_0)","decl":{"start":{"line":17,"column":37},"end":{"line":17,"column":38}},"loc":{"start":{"line":17,"column":43},"end":{"line":151,"column":1}},"line":17},"1":{"name":"(anonymous_1)","decl":{"start":{"line":19,"column":11},"end":{"line":19,"column":12}},"loc":{"start":{"line":19,"column":17},"end":{"line":19,"column":46}},"line":19},"2":{"name":"(anonymous_2)","decl":{"start":{"line":21,"column":15},"end":{"line":21,"column":16}},"loc":{"start":{"line":21,"column":27},"end":{"line":53,"column":5}},"line":21},"3":{"name":"(anonymous_3)","decl":{"start":{"line":55,"column":48},"end":{"line":55,"column":49}},"loc":{"start":{"line":55,"column":54},"end":{"line":67,"column":5}},"line":55},"4":{"name":"(anonymous_4)","decl":{"start":{"line":57,"column":43},"end":{"line":57,"column":44}},"loc":{"start":{"line":57,"column":55},"end":{"line":66,"column":9}},"line":57},"5":{"name":"(anonymous_5)","decl":{"start":{"line":70,"column":44},"end":{"line":70,"column":45}},"loc":{"start":{"line":70,"column":50},"end":{"line":130,"column":5}},"line":70},"6":{"name":"(anonymous_6)","decl":{"start":{"line":72,"column":19},"end":{"line":72,"column":20}},"loc":{"start":{"line":72,"column":31},"end":{"line":76,"column":9}},"line":72},"7":{"name":"(anonymous_7)","decl":{"start":{"line":78,"column":140},"end":{"line":78,"column":141}},"loc":{"start":{"line":78,"column":152},"end":{"line":96,"column":9}},"line":78},"8":{"name":"(anonymous_8)","decl":{"start":{"line":98,"column":103},"end":{"line":98,"column":104}},"loc":{"start":{"line":98,"column":115},"end":{"line":112,"column":9}},"line":98},"9":{"name":"(anonymous_9)","decl":{"start":{"line":114,"column":167},"end":{"line":114,"column":168}},"loc":{"start":{"line":114,"column":179},"end":{"line":129,"column":9}},"line":114},"10":{"name":"(anonymous_10)","decl":{"start":{"line":133,"column":28},"end":{"line":133,"column":29}},"loc":{"start":{"line":133,"column":34},"end":{"line":141,"column":5}},"line":133},"11":{"name":"(anonymous_11)","decl":{"start":{"line":135,"column":36},"end":{"line":135,"column":37}},"loc":{"start":{"line":135,"column":42},"end":{"line":140,"column":9}},"line":135},"12":{"name":"(anonymous_12)","decl":{"start":{"line":137,"column":19},"end":{"line":137,"column":20}},"loc":{"start":{"line":137,"column":25},"end":{"line":137,"column":69}},"line":137},"13":{"name":"(anonymous_13)","decl":{"start":{"line":138,"column":19},"end":{"line":138,"column":20}},"loc":{"start":{"line":138,"column":25},"end":{"line":138,"column":56}},"line":138},"14":{"name":"(anonymous_14)","decl":{"start":{"line":144,"column":14},"end":{"line":144,"column":15}},"loc":{"start":{"line":144,"column":20},"end":{"line":147,"column":5}},"line":144}},"branchMap":{},"s":{"0":1,"1":1,"2":1,"3":1,"4":1,"5":1,"6":1,"7":1,"8":1,"9":1,"10":1,"11":1,"12":1,"13":1,"14":5,"15":5,"16":5,"17":5,"18":5,"19":5,"20":5,"21":5,"22":5,"23":5,"24":5,"25":5,"26":5,"27":5,"28":5,"29":5,"30":5,"31":5,"32":5,"33":5,"34":5,"35":5,"36":5,"37":5,"38":1,"39":1,"40":1,"41":1,"42":1,"43":1,"44":1,"45":1,"46":1,"47":1,"48":3,"49":3,"50":3,"51":1,"52":1,"53":1,"54":1,"55":1,"56":1,"57":1,"58":1,"59":1,"60":1,"61":1,"62":1,"63":1,"64":1,"65":1,"66":1,"67":1,"68":1,"69":1,"70":1,"71":1,"72":1,"73":1,"74":1,"75":1,"76":1,"77":1,"78":1,"79":1,"80":1,"81":1,"82":1,"83":1,"84":1,"85":1,"86":1,"87":1,"88":5,"89":5,"90":1},"f":{"0":1,"1":1,"2":5,"3":1,"4":1,"5":1,"6":3,"7":1,"8":1,"9":1,"10":1,"11":1,"12":1,"13":1,"14":5},"b":{},"_coverageSchema":"1a1c01bbd47fc00a2c39e90264f33305004495a9","hash":"e59fbfd4fef29fdf01f984504beee5b64c05b3b5","contentHash":"213e891d48dd7c0df4f039875ac91d0f1b6281854b1c9dda368316ab995f4979"},"/Users/mac/bootcamp/collab/skylab-bootcamp-202004/staff/sergi-ramos/coohappy/coohappy-server-logic/add-date-laundry.js":{"path":"/Users/mac/bootcamp/collab/skylab-bootcamp-202004/staff/sergi-ramos/coohappy/coohappy-server-logic/add-date-laundry.js","statementMap":{"0":{"start":{"line":1,"column":0},"end":{"line":1,"column":44}},"1":{"start":{"line":2,"column":0},"end":{"line":2,"column":42}},"2":{"start":{"line":3,"column":57},"end":{"line":3,"column":84}},"3":{"start":{"line":4,"column":34},"end":{"line":4,"column":58}},"4":{"start":{"line":5,"column":35},"end":{"line":5,"column":59}},"5":{"start":{"line":7,"column":0},"end":{"line":36,"column":1}},"6":{"start":{"line":9,"column":4},"end":{"line":9,"column":35}},"7":{"start":{"line":10,"column":4},"end":{"line":10,"column":32}},"8":{"start":{"line":11,"column":4},"end":{"line":11,"column":33}},"9":{"start":{"line":13,"column":4},"end":{"line":35,"column":8}},"10":{"start":{"line":15,"column":26},"end":{"line":15,"column":89}},"11":{"start":{"line":16,"column":8},"end":{"line":16,"column":108}},"12":{"start":{"line":16,"column":24},"end":{"line":16,"column":108}},"13":{"start":{"line":17,"column":28},"end":{"line":17,"column":37}},"14":{"start":{"line":18,"column":34},"end":{"line":21,"column":10}},"15":{"start":{"line":20,"column":12},"end":{"line":20,"column":63}},"16":{"start":{"line":23,"column":8},"end":{"line":33,"column":9}},"17":{"start":{"line":25,"column":12},"end":{"line":30,"column":13}},"18":{"start":{"line":25,"column":61},"end":{"line":25,"column":88}},"19":{"start":{"line":26,"column":16},"end":{"line":26,"column":128}},"20":{"start":{"line":29,"column":16},"end":{"line":29,"column":91}},"21":{"start":{"line":32,"column":12},"end":{"line":32,"column":80}}},"fnMap":{"0":{"name":"(anonymous_0)","decl":{"start":{"line":7,"column":17},"end":{"line":7,"column":18}},"loc":{"start":{"line":7,"column":40},"end":{"line":36,"column":1}},"line":7},"1":{"name":"(anonymous_1)","decl":{"start":{"line":13,"column":12},"end":{"line":13,"column":13}},"loc":{"start":{"line":13,"column":24},"end":{"line":35,"column":5}},"line":13},"2":{"name":"(anonymous_2)","decl":{"start":{"line":18,"column":49},"end":{"line":18,"column":50}},"loc":{"start":{"line":18,"column":60},"end":{"line":21,"column":9}},"line":18},"3":{"name":"(anonymous_3)","decl":{"start":{"line":25,"column":40},"end":{"line":25,"column":41}},"loc":{"start":{"line":25,"column":61},"end":{"line":25,"column":88}},"line":25}},"branchMap":{"0":{"loc":{"start":{"line":16,"column":8},"end":{"line":16,"column":108}},"type":"if","locations":[{"start":{"line":16,"column":8},"end":{"line":16,"column":108}},{"start":{"line":16,"column":8},"end":{"line":16,"column":108}}],"line":16},"1":{"loc":{"start":{"line":20,"column":19},"end":{"line":20,"column":63}},"type":"binary-expr","locations":[{"start":{"line":20,"column":19},"end":{"line":20,"column":38}},{"start":{"line":20,"column":42},"end":{"line":20,"column":63}}],"line":20},"2":{"loc":{"start":{"line":23,"column":8},"end":{"line":33,"column":9}},"type":"if","locations":[{"start":{"line":23,"column":8},"end":{"line":33,"column":9}},{"start":{"line":23,"column":8},"end":{"line":33,"column":9}}],"line":23},"3":{"loc":{"start":{"line":23,"column":12},"end":{"line":23,"column":93}},"type":"binary-expr","locations":[{"start":{"line":23,"column":12},"end":{"line":23,"column":42}},{"start":{"line":23,"column":46},"end":{"line":23,"column":93}}],"line":23},"4":{"loc":{"start":{"line":25,"column":12},"end":{"line":30,"column":13}},"type":"if","locations":[{"start":{"line":25,"column":12},"end":{"line":30,"column":13}},{"start":{"line":25,"column":12},"end":{"line":30,"column":13}}],"line":25}},"s":{"0":1,"1":1,"2":1,"3":1,"4":1,"5":1,"6":9,"7":9,"8":7,"9":7,"10":7,"11":7,"12":0,"13":7,"14":7,"15":3,"16":7,"17":6,"18":2,"19":5,"20":1,"21":1},"f":{"0":9,"1":7,"2":3,"3":2},"b":{"0":[0,7],"1":[3,3],"2":[6,1],"3":[7,3],"4":[5,1]},"_coverageSchema":"1a1c01bbd47fc00a2c39e90264f33305004495a9","hash":"2ba80685b8c583aa9577b4644c4a9e99de7c383a","contentHash":"c215a55a39fcea9381717fdde132358cba99a7122165b0ea921713058fb53088"},"/Users/mac/bootcamp/collab/skylab-bootcamp-202004/staff/sergi-ramos/coohappy/coohappy-server-logic/add-food.spec.js":{"path":"/Users/mac/bootcamp/collab/skylab-bootcamp-202004/staff/sergi-ramos/coohappy/coohappy-server-logic/add-food.spec.js","statementMap":{"0":{"start":{"line":1,"column":0},"end":{"line":1,"column":26}},"1":{"start":{"line":3,"column":51},"end":{"line":3,"column":58}},"2":{"start":{"line":5,"column":19},"end":{"line":5,"column":34}},"3":{"start":{"line":6,"column":19},"end":{"line":6,"column":23}},"4":{"start":{"line":7,"column":16},"end":{"line":7,"column":37}},"5":{"start":{"line":8,"column":15},"end":{"line":8,"column":34}},"6":{"start":{"line":9,"column":40},"end":{"line":9,"column":67}},"7":{"start":{"line":10,"column":21},"end":{"line":10,"column":45}},"8":{"start":{"line":11,"column":34},"end":{"line":11,"column":61}},"9":{"start":{"line":12,"column":64},"end":{"line":12,"column":88}},"10":{"start":{"line":16,"column":0},"end":{"line":169,"column":2}},"11":{"start":{"line":18,"column":4},"end":{"line":18,"column":47}},"12":{"start":{"line":18,"column":17},"end":{"line":18,"column":46}},"13":{"start":{"line":20,"column":4},"end":{"line":46,"column":6}},"14":{"start":{"line":22,"column":8},"end":{"line":22,"column":31}},"15":{"start":{"line":23,"column":8},"end":{"line":23,"column":36}},"16":{"start":{"line":25,"column":8},"end":{"line":25,"column":33}},"17":{"start":{"line":26,"column":8},"end":{"line":26,"column":39}},"18":{"start":{"line":27,"column":8},"end":{"line":27,"column":40}},"19":{"start":{"line":28,"column":8},"end":{"line":28,"column":41}},"20":{"start":{"line":30,"column":8},"end":{"line":30,"column":42}},"21":{"start":{"line":31,"column":8},"end":{"line":31,"column":37}},"22":{"start":{"line":32,"column":8},"end":{"line":32,"column":25}},"23":{"start":{"line":33,"column":8},"end":{"line":33,"column":33}},"24":{"start":{"line":34,"column":8},"end":{"line":34,"column":43}},"25":{"start":{"line":35,"column":8},"end":{"line":35,"column":22}},"26":{"start":{"line":37,"column":8},"end":{"line":37,"column":38}},"27":{"start":{"line":38,"column":8},"end":{"line":38,"column":40}},"28":{"start":{"line":41,"column":8},"end":{"line":41,"column":46}},"29":{"start":{"line":42,"column":21},"end":{"line":42,"column":80}},"30":{"start":{"line":43,"column":8},"end":{"line":43,"column":24}},"31":{"start":{"line":44,"column":22},"end":{"line":44,"column":46}},"32":{"start":{"line":45,"column":8},"end":{"line":45,"column":123}},"33":{"start":{"line":48,"column":4},"end":{"line":62,"column":6}},"34":{"start":{"line":50,"column":8},"end":{"line":61,"column":10}},"35":{"start":{"line":52,"column":12},"end":{"line":52,"column":43}},"36":{"start":{"line":53,"column":30},"end":{"line":53,"column":74}},"37":{"start":{"line":54,"column":25},"end":{"line":54,"column":52}},"38":{"start":{"line":55,"column":12},"end":{"line":55,"column":42}},"39":{"start":{"line":56,"column":12},"end":{"line":56,"column":60}},"40":{"start":{"line":57,"column":12},"end":{"line":57,"column":57}},"41":{"start":{"line":58,"column":12},"end":{"line":58,"column":47}},"42":{"start":{"line":59,"column":12},"end":{"line":59,"column":65}},"43":{"start":{"line":60,"column":12},"end":{"line":60,"column":62}},"44":{"start":{"line":64,"column":4},"end":{"line":88,"column":6}},"45":{"start":{"line":66,"column":8},"end":{"line":68,"column":10}},"46":{"start":{"line":67,"column":12},"end":{"line":67,"column":43}},"47":{"start":{"line":70,"column":8},"end":{"line":87,"column":10}},"48":{"start":{"line":72,"column":12},"end":{"line":72,"column":45}},"49":{"start":{"line":73,"column":30},"end":{"line":73,"column":74}},"50":{"start":{"line":74,"column":25},"end":{"line":74,"column":52}},"51":{"start":{"line":75,"column":12},"end":{"line":75,"column":42}},"52":{"start":{"line":76,"column":12},"end":{"line":76,"column":60}},"53":{"start":{"line":77,"column":12},"end":{"line":77,"column":57}},"54":{"start":{"line":78,"column":12},"end":{"line":78,"column":42}},"55":{"start":{"line":79,"column":12},"end":{"line":79,"column":62}},"56":{"start":{"line":80,"column":12},"end":{"line":80,"column":57}},"57":{"start":{"line":81,"column":12},"end":{"line":81,"column":47}},"58":{"start":{"line":82,"column":12},"end":{"line":82,"column":67}},"59":{"start":{"line":83,"column":12},"end":{"line":83,"column":62}},"60":{"start":{"line":84,"column":12},"end":{"line":84,"column":47}},"61":{"start":{"line":85,"column":12},"end":{"line":85,"column":65}},"62":{"start":{"line":86,"column":12},"end":{"line":86,"column":62}},"63":{"start":{"line":90,"column":4},"end":{"line":124,"column":6}},"64":{"start":{"line":92,"column":8},"end":{"line":94,"column":10}},"65":{"start":{"line":93,"column":12},"end":{"line":93,"column":43}},"66":{"start":{"line":96,"column":8},"end":{"line":107,"column":10}},"67":{"start":{"line":98,"column":12},"end":{"line":98,"column":43}},"68":{"start":{"line":99,"column":30},"end":{"line":99,"column":74}},"69":{"start":{"line":100,"column":25},"end":{"line":100,"column":52}},"70":{"start":{"line":101,"column":12},"end":{"line":101,"column":42}},"71":{"start":{"line":102,"column":12},"end":{"line":102,"column":60}},"72":{"start":{"line":103,"column":12},"end":{"line":103,"column":55}},"73":{"start":{"line":104,"column":12},"end":{"line":104,"column":47}},"74":{"start":{"line":105,"column":12},"end":{"line":105,"column":65}},"75":{"start":{"line":106,"column":12},"end":{"line":106,"column":60}},"76":{"start":{"line":108,"column":8},"end":{"line":123,"column":10}},"77":{"start":{"line":110,"column":12},"end":{"line":110,"column":45}},"78":{"start":{"line":111,"column":30},"end":{"line":111,"column":74}},"79":{"start":{"line":112,"column":25},"end":{"line":112,"column":52}},"80":{"start":{"line":113,"column":12},"end":{"line":113,"column":42}},"81":{"start":{"line":114,"column":12},"end":{"line":114,"column":60}},"82":{"start":{"line":115,"column":12},"end":{"line":115,"column":57}},"83":{"start":{"line":116,"column":12},"end":{"line":116,"column":62}},"84":{"start":{"line":117,"column":12},"end":{"line":117,"column":57}},"85":{"start":{"line":118,"column":12},"end":{"line":118,"column":47}},"86":{"start":{"line":119,"column":12},"end":{"line":119,"column":65}},"87":{"start":{"line":120,"column":12},"end":{"line":120,"column":62}},"88":{"start":{"line":121,"column":12},"end":{"line":121,"column":67}},"89":{"start":{"line":122,"column":12},"end":{"line":122,"column":62}},"90":{"start":{"line":125,"column":4},"end":{"line":152,"column":6}},"91":{"start":{"line":126,"column":23},"end":{"line":126,"column":49}},"92":{"start":{"line":128,"column":8},"end":{"line":136,"column":10}},"93":{"start":{"line":129,"column":12},"end":{"line":135,"column":13}},"94":{"start":{"line":130,"column":16},"end":{"line":130,"column":49}},"95":{"start":{"line":133,"column":16},"end":{"line":133,"column":38}},"96":{"start":{"line":134,"column":16},"end":{"line":134,"column":87}},"97":{"start":{"line":137,"column":8},"end":{"line":150,"column":10}},"98":{"start":{"line":139,"column":12},"end":{"line":142,"column":14}},"99":{"start":{"line":140,"column":29},"end":{"line":140,"column":88}},"100":{"start":{"line":141,"column":16},"end":{"line":141,"column":32}},"101":{"start":{"line":143,"column":12},"end":{"line":149,"column":13}},"102":{"start":{"line":144,"column":16},"end":{"line":144,"column":49}},"103":{"start":{"line":147,"column":16},"end":{"line":147,"column":38}},"104":{"start":{"line":148,"column":16},"end":{"line":148,"column":104}},"105":{"start":{"line":155,"column":4},"end":{"line":162,"column":6}},"106":{"start":{"line":157,"column":8},"end":{"line":161,"column":10}},"107":{"start":{"line":159,"column":12},"end":{"line":159,"column":91}},"108":{"start":{"line":159,"column":25},"end":{"line":159,"column":46}},"109":{"start":{"line":160,"column":12},"end":{"line":160,"column":87}},"110":{"start":{"line":160,"column":25},"end":{"line":160,"column":45}},"111":{"start":{"line":165,"column":4},"end":{"line":165,"column":38}},"112":{"start":{"line":165,"column":20},"end":{"line":165,"column":37}},"113":{"start":{"line":167,"column":4},"end":{"line":167,"column":30}}},"fnMap":{"0":{"name":"(anonymous_0)","decl":{"start":{"line":16,"column":29},"end":{"line":16,"column":30}},"loc":{"start":{"line":16,"column":35},"end":{"line":169,"column":1}},"line":16},"1":{"name":"(anonymous_1)","decl":{"start":{"line":18,"column":11},"end":{"line":18,"column":12}},"loc":{"start":{"line":18,"column":17},"end":{"line":18,"column":46}},"line":18},"2":{"name":"(anonymous_2)","decl":{"start":{"line":20,"column":15},"end":{"line":20,"column":16}},"loc":{"start":{"line":20,"column":27},"end":{"line":46,"column":5}},"line":20},"3":{"name":"(anonymous_3)","decl":{"start":{"line":48,"column":64},"end":{"line":48,"column":65}},"loc":{"start":{"line":48,"column":70},"end":{"line":62,"column":5}},"line":48},"4":{"name":"(anonymous_4)","decl":{"start":{"line":50,"column":50},"end":{"line":50,"column":51}},"loc":{"start":{"line":50,"column":62},"end":{"line":61,"column":9}},"line":50},"5":{"name":"(anonymous_5)","decl":{"start":{"line":64,"column":80},"end":{"line":64,"column":81}},"loc":{"start":{"line":64,"column":86},"end":{"line":88,"column":5}},"line":64},"6":{"name":"(anonymous_6)","decl":{"start":{"line":66,"column":19},"end":{"line":66,"column":20}},"loc":{"start":{"line":66,"column":31},"end":{"line":68,"column":9}},"line":66},"7":{"name":"(anonymous_7)","decl":{"start":{"line":70,"column":50},"end":{"line":70,"column":51}},"loc":{"start":{"line":70,"column":62},"end":{"line":87,"column":9}},"line":70},"8":{"name":"(anonymous_8)","decl":{"start":{"line":90,"column":69},"end":{"line":90,"column":70}},"loc":{"start":{"line":90,"column":75},"end":{"line":124,"column":5}},"line":90},"9":{"name":"(anonymous_9)","decl":{"start":{"line":92,"column":19},"end":{"line":92,"column":20}},"loc":{"start":{"line":92,"column":31},"end":{"line":94,"column":9}},"line":92},"10":{"name":"(anonymous_10)","decl":{"start":{"line":96,"column":50},"end":{"line":96,"column":51}},"loc":{"start":{"line":96,"column":62},"end":{"line":107,"column":9}},"line":96},"11":{"name":"(anonymous_11)","decl":{"start":{"line":108,"column":86},"end":{"line":108,"column":87}},"loc":{"start":{"line":108,"column":98},"end":{"line":123,"column":9}},"line":108},"12":{"name":"(anonymous_12)","decl":{"start":{"line":125,"column":53},"end":{"line":125,"column":54}},"loc":{"start":{"line":125,"column":59},"end":{"line":152,"column":5}},"line":125},"13":{"name":"(anonymous_13)","decl":{"start":{"line":128,"column":51},"end":{"line":128,"column":52}},"loc":{"start":{"line":128,"column":63},"end":{"line":136,"column":9}},"line":128},"14":{"name":"(anonymous_14)","decl":{"start":{"line":137,"column":56},"end":{"line":137,"column":57}},"loc":{"start":{"line":137,"column":68},"end":{"line":150,"column":9}},"line":137},"15":{"name":"(anonymous_15)","decl":{"start":{"line":139,"column":23},"end":{"line":139,"column":24}},"loc":{"start":{"line":139,"column":35},"end":{"line":142,"column":13}},"line":139},"16":{"name":"(anonymous_16)","decl":{"start":{"line":155,"column":28},"end":{"line":155,"column":29}},"loc":{"start":{"line":155,"column":34},"end":{"line":162,"column":5}},"line":155},"17":{"name":"(anonymous_17)","decl":{"start":{"line":157,"column":36},"end":{"line":157,"column":37}},"loc":{"start":{"line":157,"column":42},"end":{"line":161,"column":9}},"line":157},"18":{"name":"(anonymous_18)","decl":{"start":{"line":159,"column":19},"end":{"line":159,"column":20}},"loc":{"start":{"line":159,"column":25},"end":{"line":159,"column":46}},"line":159},"19":{"name":"(anonymous_19)","decl":{"start":{"line":160,"column":19},"end":{"line":160,"column":20}},"loc":{"start":{"line":160,"column":25},"end":{"line":160,"column":45}},"line":160},"20":{"name":"(anonymous_20)","decl":{"start":{"line":165,"column":14},"end":{"line":165,"column":15}},"loc":{"start":{"line":165,"column":20},"end":{"line":165,"column":37}},"line":165}},"branchMap":{},"s":{"0":1,"1":1,"2":1,"3":1,"4":1,"5":1,"6":1,"7":1,"8":1,"9":1,"10":1,"11":1,"12":1,"13":1,"14":7,"15":7,"16":7,"17":7,"18":7,"19":7,"20":7,"21":7,"22":7,"23":7,"24":7,"25":7,"26":7,"27":7,"28":7,"29":7,"30":7,"31":7,"32":7,"33":1,"34":1,"35":1,"36":1,"37":1,"38":1,"39":1,"40":1,"41":1,"42":1,"43":1,"44":1,"45":1,"46":1,"47":1,"48":1,"49":1,"50":1,"51":1,"52":1,"53":1,"54":1,"55":1,"56":1,"57":1,"58":1,"59":1,"60":1,"61":1,"62":1,"63":1,"64":1,"65":2,"66":1,"67":1,"68":1,"69":1,"70":1,"71":1,"72":1,"73":1,"74":1,"75":1,"76":1,"77":1,"78":1,"79":1,"80":1,"81":1,"82":1,"83":1,"84":1,"85":1,"86":1,"87":1,"88":1,"89":1,"90":1,"91":1,"92":1,"93":1,"94":1,"95":1,"96":1,"97":1,"98":1,"99":60,"100":60,"101":1,"102":1,"103":0,"104":0,"105":1,"106":1,"107":1,"108":1,"109":1,"110":1,"111":1,"112":7,"113":1},"f":{"0":1,"1":1,"2":7,"3":1,"4":1,"5":1,"6":1,"7":1,"8":1,"9":2,"10":1,"11":1,"12":1,"13":1,"14":1,"15":60,"16":1,"17":1,"18":1,"19":1,"20":7},"b":{},"_coverageSchema":"1a1c01bbd47fc00a2c39e90264f33305004495a9","hash":"9d32c29055c479d1f47cdc3e86321df65d563891","contentHash":"90c9f95c52fd9f9ce33f1001ce222861c189d8cd8e165e3ba5040dd27b6b9a42"},"/Users/mac/bootcamp/collab/skylab-bootcamp-202004/staff/sergi-ramos/coohappy/coohappy-server-logic/add-food.js":{"path":"/Users/mac/bootcamp/collab/skylab-bootcamp-202004/staff/sergi-ramos/coohappy/coohappy-server-logic/add-food.js","statementMap":{"0":{"start":{"line":1,"column":0},"end":{"line":1,"column":44}},"1":{"start":{"line":2,"column":0},"end":{"line":2,"column":42}},"2":{"start":{"line":3,"column":41},"end":{"line":3,"column":68}},"3":{"start":{"line":4,"column":40},"end":{"line":4,"column":64}},"4":{"start":{"line":5,"column":35},"end":{"line":5,"column":59}},"5":{"start":{"line":8,"column":0},"end":{"line":51,"column":1}},"6":{"start":{"line":10,"column":4},"end":{"line":10,"column":37}},"7":{"start":{"line":11,"column":4},"end":{"line":11,"column":35}},"8":{"start":{"line":13,"column":4},"end":{"line":50,"column":8}},"9":{"start":{"line":16,"column":21},"end":{"line":16,"column":48}},"10":{"start":{"line":17,"column":8},"end":{"line":17,"column":86}},"11":{"start":{"line":17,"column":19},"end":{"line":17,"column":86}},"12":{"start":{"line":19,"column":26},"end":{"line":19,"column":82}},"13":{"start":{"line":20,"column":8},"end":{"line":20,"column":108}},"14":{"start":{"line":20,"column":24},"end":{"line":20,"column":108}},"15":{"start":{"line":22,"column":27},"end":{"line":22,"column":59}},"16":{"start":{"line":22,"column":36},"end":{"line":22,"column":59}},"17":{"start":{"line":24,"column":8},"end":{"line":33,"column":9}},"18":{"start":{"line":24,"column":47},"end":{"line":24,"column":98}},"19":{"start":{"line":27,"column":12},"end":{"line":32,"column":13}},"20":{"start":{"line":29,"column":16},"end":{"line":31,"column":17}},"21":{"start":{"line":30,"column":20},"end":{"line":30,"column":83}},"22":{"start":{"line":35,"column":8},"end":{"line":44,"column":9}},"23":{"start":{"line":35,"column":52},"end":{"line":35,"column":108}},"24":{"start":{"line":38,"column":12},"end":{"line":43,"column":13}},"25":{"start":{"line":40,"column":16},"end":{"line":42,"column":17}},"26":{"start":{"line":41,"column":20},"end":{"line":41,"column":93}},"27":{"start":{"line":46,"column":8},"end":{"line":46,"column":25}},"28":{"start":{"line":47,"column":8},"end":{"line":47,"column":30}}},"fnMap":{"0":{"name":"(anonymous_0)","decl":{"start":{"line":8,"column":17},"end":{"line":8,"column":18}},"loc":{"start":{"line":8,"column":39},"end":{"line":51,"column":1}},"line":8},"1":{"name":"(anonymous_1)","decl":{"start":{"line":13,"column":12},"end":{"line":13,"column":13}},"loc":{"start":{"line":13,"column":24},"end":{"line":50,"column":5}},"line":13},"2":{"name":"(anonymous_2)","decl":{"start":{"line":22,"column":27},"end":{"line":22,"column":28}},"loc":{"start":{"line":22,"column":36},"end":{"line":22,"column":59}},"line":22}},"branchMap":{"0":{"loc":{"start":{"line":17,"column":8},"end":{"line":17,"column":86}},"type":"if","locations":[{"start":{"line":17,"column":8},"end":{"line":17,"column":86}},{"start":{"line":17,"column":8},"end":{"line":17,"column":86}}],"line":17},"1":{"loc":{"start":{"line":20,"column":8},"end":{"line":20,"column":108}},"type":"if","locations":[{"start":{"line":20,"column":8},"end":{"line":20,"column":108}},{"start":{"line":20,"column":8},"end":{"line":20,"column":108}}],"line":20},"2":{"loc":{"start":{"line":24,"column":8},"end":{"line":33,"column":9}},"type":"if","locations":[{"start":{"line":24,"column":8},"end":{"line":33,"column":9}},{"start":{"line":24,"column":8},"end":{"line":33,"column":9}}],"line":24},"3":{"loc":{"start":{"line":29,"column":16},"end":{"line":31,"column":17}},"type":"if","locations":[{"start":{"line":29,"column":16},"end":{"line":31,"column":17}},{"start":{"line":29,"column":16},"end":{"line":31,"column":17}}],"line":29},"4":{"loc":{"start":{"line":35,"column":8},"end":{"line":44,"column":9}},"type":"if","locations":[{"start":{"line":35,"column":8},"end":{"line":44,"column":9}},{"start":{"line":35,"column":8},"end":{"line":44,"column":9}}],"line":35},"5":{"loc":{"start":{"line":40,"column":16},"end":{"line":42,"column":17}},"type":"if","locations":[{"start":{"line":40,"column":16},"end":{"line":42,"column":17}},{"start":{"line":40,"column":16},"end":{"line":42,"column":17}}],"line":40}},"s":{"0":1,"1":1,"2":1,"3":1,"4":1,"5":1,"6":11,"7":10,"8":9,"9":9,"10":9,"11":1,"12":8,"13":8,"14":0,"15":8,"16":6,"17":8,"18":7,"19":1,"20":1,"21":1,"22":8,"23":7,"24":1,"25":1,"26":1,"27":8,"28":8},"f":{"0":11,"1":9,"2":6},"b":{"0":[1,8],"1":[0,8],"2":[7,1],"3":[1,0],"4":[7,1],"5":[1,0]},"_coverageSchema":"1a1c01bbd47fc00a2c39e90264f33305004495a9","hash":"ab89720925b21ee9e964116c3e335a5d73f74c13","contentHash":"d619fb30091e025007883e2a69acf0c206fc058dd88d92d38723fe084b51e12f"},"/Users/mac/bootcamp/collab/skylab-bootcamp-202004/staff/sergi-ramos/coohappy/coohappy-server-logic/authenticate-user.spec.js":{"path":"/Users/mac/bootcamp/collab/skylab-bootcamp-202004/staff/sergi-ramos/coohappy/coohappy-server-logic/authenticate-user.spec.js","statementMap":{"0":{"start":{"line":1,"column":0},"end":{"line":1,"column":26}},"1":{"start":{"line":3,"column":51},"end":{"line":3,"column":58}},"2":{"start":{"line":5,"column":25},"end":{"line":5,"column":55}},"3":{"start":{"line":6,"column":19},"end":{"line":6,"column":23}},"4":{"start":{"line":7,"column":19},"end":{"line":7,"column":34}},"5":{"start":{"line":8,"column":39},"end":{"line":8,"column":63}},"6":{"start":{"line":9,"column":15},"end":{"line":9,"column":34}},"7":{"start":{"line":11,"column":0},"end":{"line":64,"column":2}},"8":{"start":{"line":12,"column":4},"end":{"line":12,"column":47}},"9":{"start":{"line":12,"column":17},"end":{"line":12,"column":46}},"10":{"start":{"line":16,"column":4},"end":{"line":27,"column":5}},"11":{"start":{"line":17,"column":8},"end":{"line":26,"column":40}},"12":{"start":{"line":19,"column":16},"end":{"line":19,"column":41}},"13":{"start":{"line":20,"column":16},"end":{"line":20,"column":47}},"14":{"start":{"line":21,"column":16},"end":{"line":21,"column":48}},"15":{"start":{"line":22,"column":16},"end":{"line":22,"column":49}},"16":{"start":{"line":24,"column":16},"end":{"line":24,"column":48}},"17":{"start":{"line":26,"column":27},"end":{"line":26,"column":39}},"18":{"start":{"line":29,"column":4},"end":{"line":50,"column":6}},"19":{"start":{"line":30,"column":8},"end":{"line":33,"column":9}},"20":{"start":{"line":31,"column":12},"end":{"line":32,"column":47}},"21":{"start":{"line":32,"column":30},"end":{"line":32,"column":46}},"22":{"start":{"line":35,"column":8},"end":{"line":38,"column":9}},"23":{"start":{"line":36,"column":12},"end":{"line":37,"column":66}},"24":{"start":{"line":37,"column":33},"end":{"line":37,"column":65}},"25":{"start":{"line":40,"column":8},"end":{"line":49,"column":10}},"26":{"start":{"line":41,"column":12},"end":{"line":41,"column":32}},"27":{"start":{"line":43,"column":12},"end":{"line":48,"column":18}},"28":{"start":{"line":44,"column":30},"end":{"line":44,"column":76}},"29":{"start":{"line":46,"column":20},"end":{"line":46,"column":60}},"30":{"start":{"line":47,"column":20},"end":{"line":47,"column":68}},"31":{"start":{"line":52,"column":4},"end":{"line":59,"column":5}},"32":{"start":{"line":53,"column":8},"end":{"line":58,"column":14}},"33":{"start":{"line":54,"column":26},"end":{"line":54,"column":72}},"34":{"start":{"line":56,"column":16},"end":{"line":56,"column":56}},"35":{"start":{"line":57,"column":16},"end":{"line":57,"column":90}},"36":{"start":{"line":61,"column":4},"end":{"line":61,"column":38}},"37":{"start":{"line":61,"column":20},"end":{"line":61,"column":37}},"38":{"start":{"line":63,"column":4},"end":{"line":63,"column":30}}},"fnMap":{"0":{"name":"(anonymous_0)","decl":{"start":{"line":11,"column":38},"end":{"line":11,"column":39}},"loc":{"start":{"line":11,"column":44},"end":{"line":64,"column":1}},"line":11},"1":{"name":"(anonymous_1)","decl":{"start":{"line":12,"column":11},"end":{"line":12,"column":12}},"loc":{"start":{"line":12,"column":17},"end":{"line":12,"column":46}},"line":12},"2":{"name":"(anonymous_2)","decl":{"start":{"line":16,"column":15},"end":{"line":16,"column":16}},"loc":{"start":{"line":17,"column":8},"end":{"line":26,"column":40}},"line":17},"3":{"name":"(anonymous_3)","decl":{"start":{"line":18,"column":18},"end":{"line":18,"column":19}},"loc":{"start":{"line":18,"column":24},"end":{"line":25,"column":13}},"line":18},"4":{"name":"(anonymous_4)","decl":{"start":{"line":26,"column":18},"end":{"line":26,"column":19}},"loc":{"start":{"line":26,"column":27},"end":{"line":26,"column":39}},"line":26},"5":{"name":"(anonymous_5)","decl":{"start":{"line":29,"column":41},"end":{"line":29,"column":42}},"loc":{"start":{"line":29,"column":47},"end":{"line":50,"column":5}},"line":29},"6":{"name":"(anonymous_6)","decl":{"start":{"line":30,"column":19},"end":{"line":30,"column":20}},"loc":{"start":{"line":31,"column":12},"end":{"line":32,"column":47}},"line":31},"7":{"name":"(anonymous_7)","decl":{"start":{"line":32,"column":22},"end":{"line":32,"column":23}},"loc":{"start":{"line":32,"column":30},"end":{"line":32,"column":46}},"line":32},"8":{"name":"(anonymous_8)","decl":{"start":{"line":35,"column":52},"end":{"line":35,"column":53}},"loc":{"start":{"line":36,"column":12},"end":{"line":37,"column":66}},"line":36},"9":{"name":"(anonymous_9)","decl":{"start":{"line":37,"column":22},"end":{"line":37,"column":23}},"loc":{"start":{"line":37,"column":33},"end":{"line":37,"column":65}},"line":37},"10":{"name":"(anonymous_10)","decl":{"start":{"line":40,"column":44},"end":{"line":40,"column":45}},"loc":{"start":{"line":40,"column":50},"end":{"line":49,"column":9}},"line":40},"11":{"name":"(anonymous_11)","decl":{"start":{"line":44,"column":22},"end":{"line":44,"column":23}},"loc":{"start":{"line":44,"column":28},"end":{"line":44,"column":78}},"line":44},"12":{"name":"(anonymous_12)","decl":{"start":{"line":45,"column":23},"end":{"line":45,"column":24}},"loc":{"start":{"line":45,"column":32},"end":{"line":48,"column":17}},"line":45},"13":{"name":"(anonymous_13)","decl":{"start":{"line":52,"column":47},"end":{"line":52,"column":48}},"loc":{"start":{"line":53,"column":8},"end":{"line":58,"column":14}},"line":53},"14":{"name":"(anonymous_14)","decl":{"start":{"line":54,"column":18},"end":{"line":54,"column":19}},"loc":{"start":{"line":54,"column":24},"end":{"line":54,"column":74}},"line":54},"15":{"name":"(anonymous_15)","decl":{"start":{"line":55,"column":19},"end":{"line":55,"column":20}},"loc":{"start":{"line":55,"column":28},"end":{"line":58,"column":13}},"line":55},"16":{"name":"(anonymous_16)","decl":{"start":{"line":61,"column":14},"end":{"line":61,"column":15}},"loc":{"start":{"line":61,"column":20},"end":{"line":61,"column":37}},"line":61}},"branchMap":{},"s":{"0":1,"1":1,"2":1,"3":1,"4":1,"5":1,"6":1,"7":1,"8":1,"9":1,"10":1,"11":3,"12":3,"13":3,"14":3,"15":3,"16":3,"17":3,"18":1,"19":1,"20":2,"21":2,"22":1,"23":1,"24":1,"25":1,"26":1,"27":1,"28":0,"29":1,"30":1,"31":1,"32":1,"33":0,"34":1,"35":1,"36":1,"37":3,"38":1},"f":{"0":1,"1":1,"2":3,"3":3,"4":3,"5":1,"6":2,"7":2,"8":1,"9":1,"10":1,"11":0,"12":1,"13":1,"14":0,"15":1,"16":3},"b":{},"_coverageSchema":"1a1c01bbd47fc00a2c39e90264f33305004495a9","hash":"1fabe783fda41c10850447544d8b47c83b71b4f9","contentHash":"7296292ad2a4ced92773585ee4b3a53939d0d745f03e78fd66f9c94821387acf"},"/Users/mac/bootcamp/collab/skylab-bootcamp-202004/staff/sergi-ramos/coohappy/coohappy-server-logic/authenticate-user.js":{"path":"/Users/mac/bootcamp/collab/skylab-bootcamp-202004/staff/sergi-ramos/coohappy/coohappy-server-logic/authenticate-user.js","statementMap":{"0":{"start":{"line":1,"column":0},"end":{"line":1,"column":44}},"1":{"start":{"line":2,"column":29},"end":{"line":2,"column":53}},"2":{"start":{"line":3,"column":77},"end":{"line":3,"column":104}},"3":{"start":{"line":4,"column":15},"end":{"line":4,"column":34}},"4":{"start":{"line":6,"column":0},"end":{"line":22,"column":1}},"5":{"start":{"line":7,"column":4},"end":{"line":7,"column":34}},"6":{"start":{"line":8,"column":4},"end":{"line":8,"column":25}},"7":{"start":{"line":9,"column":4},"end":{"line":9,"column":37}},"8":{"start":{"line":11,"column":4},"end":{"line":21,"column":10}},"9":{"start":{"line":13,"column":12},"end":{"line":13,"column":93}},"10":{"start":{"line":13,"column":23},"end":{"line":13,"column":93}},"11":{"start":{"line":15,"column":12},"end":{"line":20,"column":18}},"12":{"start":{"line":17,"column":20},"end":{"line":17,"column":76}},"13":{"start":{"line":17,"column":32},"end":{"line":17,"column":76}},"14":{"start":{"line":19,"column":20},"end":{"line":19,"column":34}}},"fnMap":{"0":{"name":"(anonymous_0)","decl":{"start":{"line":6,"column":17},"end":{"line":6,"column":18}},"loc":{"start":{"line":6,"column":38},"end":{"line":22,"column":1}},"line":6},"1":{"name":"(anonymous_1)","decl":{"start":{"line":12,"column":14},"end":{"line":12,"column":15}},"loc":{"start":{"line":12,"column":22},"end":{"line":21,"column":9}},"line":12},"2":{"name":"(anonymous_2)","decl":{"start":{"line":16,"column":22},"end":{"line":16,"column":23}},"loc":{"start":{"line":16,"column":31},"end":{"line":20,"column":17}},"line":16}},"branchMap":{"0":{"loc":{"start":{"line":13,"column":12},"end":{"line":13,"column":93}},"type":"if","locations":[{"start":{"line":13,"column":12},"end":{"line":13,"column":93}},{"start":{"line":13,"column":12},"end":{"line":13,"column":93}}],"line":13},"1":{"loc":{"start":{"line":17,"column":20},"end":{"line":17,"column":76}},"type":"if","locations":[{"start":{"line":17,"column":20},"end":{"line":17,"column":76}},{"start":{"line":17,"column":20},"end":{"line":17,"column":76}}],"line":17}},"s":{"0":1,"1":1,"2":1,"3":1,"4":1,"5":3,"6":3,"7":3,"8":3,"9":3,"10":1,"11":2,"12":2,"13":1,"14":1},"f":{"0":3,"1":3,"2":2},"b":{"0":[1,2],"1":[1,1]},"_coverageSchema":"1a1c01bbd47fc00a2c39e90264f33305004495a9","hash":"854d781afd34d9e8014aac902307a55053e268b8","contentHash":"6d5503f33cf6bb8186f1aa39ebcda02fdc928449bf887fedcc1824e6c6515115"},"/Users/mac/bootcamp/collab/skylab-bootcamp-202004/staff/sergi-ramos/coohappy/coohappy-server-logic/delete-date-laundry.spec.js":{"path":"/Users/mac/bootcamp/collab/skylab-bootcamp-202004/staff/sergi-ramos/coohappy/coohappy-server-logic/delete-date-laundry.spec.js","statementMap":{"0":{"start":{"line":1,"column":0},"end":{"line":1,"column":26}},"1":{"start":{"line":3,"column":51},"end":{"line":3,"column":58}},"2":{"start":{"line":5,"column":19},"end":{"line":5,"column":34}},"3":{"start":{"line":6,"column":26},"end":{"line":6,"column":30}},"4":{"start":{"line":7,"column":26},"end":{"line":7,"column":58}},"5":{"start":{"line":8,"column":15},"end":{"line":8,"column":34}},"6":{"start":{"line":9,"column":40},"end":{"line":9,"column":67}},"7":{"start":{"line":10,"column":21},"end":{"line":10,"column":45}},"8":{"start":{"line":11,"column":34},"end":{"line":11,"column":61}},"9":{"start":{"line":12,"column":64},"end":{"line":12,"column":88}},"10":{"start":{"line":16,"column":0},"end":{"line":126,"column":2}},"11":{"start":{"line":18,"column":4},"end":{"line":18,"column":47}},"12":{"start":{"line":18,"column":17},"end":{"line":18,"column":46}},"13":{"start":{"line":20,"column":4},"end":{"line":57,"column":6}},"14":{"start":{"line":22,"column":8},"end":{"line":22,"column":31}},"15":{"start":{"line":23,"column":8},"end":{"line":23,"column":36}},"16":{"start":{"line":25,"column":8},"end":{"line":25,"column":33}},"17":{"start":{"line":26,"column":8},"end":{"line":26,"column":39}},"18":{"start":{"line":27,"column":8},"end":{"line":27,"column":40}},"19":{"start":{"line":28,"column":8},"end":{"line":28,"column":41}},"20":{"start":{"line":30,"column":8},"end":{"line":30,"column":34}},"21":{"start":{"line":31,"column":8},"end":{"line":31,"column":40}},"22":{"start":{"line":32,"column":8},"end":{"line":32,"column":41}},"23":{"start":{"line":33,"column":8},"end":{"line":33,"column":42}},"24":{"start":{"line":35,"column":8},"end":{"line":35,"column":42}},"25":{"start":{"line":36,"column":8},"end":{"line":36,"column":37}},"26":{"start":{"line":37,"column":8},"end":{"line":37,"column":25}},"27":{"start":{"line":38,"column":8},"end":{"line":38,"column":33}},"28":{"start":{"line":39,"column":8},"end":{"line":39,"column":43}},"29":{"start":{"line":40,"column":8},"end":{"line":40,"column":48}},"30":{"start":{"line":42,"column":8},"end":{"line":42,"column":47}},"31":{"start":{"line":43,"column":8},"end":{"line":43,"column":48}},"32":{"start":{"line":46,"column":8},"end":{"line":46,"column":46}},"33":{"start":{"line":47,"column":8},"end":{"line":47,"column":47}},"34":{"start":{"line":48,"column":21},"end":{"line":48,"column":80}},"35":{"start":{"line":49,"column":8},"end":{"line":49,"column":24}},"36":{"start":{"line":50,"column":8},"end":{"line":50,"column":101}},"37":{"start":{"line":51,"column":8},"end":{"line":51,"column":26}},"38":{"start":{"line":53,"column":22},"end":{"line":53,"column":46}},"39":{"start":{"line":54,"column":26},"end":{"line":54,"column":191}},"40":{"start":{"line":59,"column":4},"end":{"line":75,"column":6}},"41":{"start":{"line":61,"column":8},"end":{"line":74,"column":10}},"42":{"start":{"line":63,"column":31},"end":{"line":63,"column":77}},"43":{"start":{"line":65,"column":12},"end":{"line":65,"column":47}},"44":{"start":{"line":66,"column":12},"end":{"line":66,"column":59}},"45":{"start":{"line":67,"column":12},"end":{"line":67,"column":61}},"46":{"start":{"line":68,"column":12},"end":{"line":68,"column":74}},"47":{"start":{"line":70,"column":12},"end":{"line":70,"column":43}},"48":{"start":{"line":71,"column":30},"end":{"line":71,"column":76}},"49":{"start":{"line":73,"column":12},"end":{"line":73,"column":65}},"50":{"start":{"line":77,"column":4},"end":{"line":107,"column":6}},"51":{"start":{"line":79,"column":8},"end":{"line":93,"column":10}},"52":{"start":{"line":81,"column":12},"end":{"line":81,"column":109}},"53":{"start":{"line":83,"column":31},"end":{"line":83,"column":77}},"54":{"start":{"line":85,"column":12},"end":{"line":92,"column":13}},"55":{"start":{"line":87,"column":16},"end":{"line":87,"column":47}},"56":{"start":{"line":90,"column":16},"end":{"line":90,"column":38}},"57":{"start":{"line":91,"column":16},"end":{"line":91,"column":107}},"58":{"start":{"line":95,"column":8},"end":{"line":106,"column":10}},"59":{"start":{"line":96,"column":28},"end":{"line":96,"column":54}},"60":{"start":{"line":97,"column":12},"end":{"line":104,"column":13}},"61":{"start":{"line":99,"column":16},"end":{"line":99,"column":48}},"62":{"start":{"line":102,"column":16},"end":{"line":102,"column":38}},"63":{"start":{"line":103,"column":16},"end":{"line":103,"column":105}},"64":{"start":{"line":109,"column":4},"end":{"line":117,"column":6}},"65":{"start":{"line":111,"column":8},"end":{"line":116,"column":10}},"66":{"start":{"line":113,"column":12},"end":{"line":113,"column":99}},"67":{"start":{"line":113,"column":25},"end":{"line":113,"column":46}},"68":{"start":{"line":114,"column":12},"end":{"line":114,"column":93}},"69":{"start":{"line":114,"column":25},"end":{"line":114,"column":48}},"70":{"start":{"line":119,"column":4},"end":{"line":122,"column":6}},"71":{"start":{"line":120,"column":8},"end":{"line":121,"column":32}},"72":{"start":{"line":124,"column":4},"end":{"line":124,"column":30}}},"fnMap":{"0":{"name":"(anonymous_0)","decl":{"start":{"line":16,"column":37},"end":{"line":16,"column":38}},"loc":{"start":{"line":16,"column":43},"end":{"line":126,"column":1}},"line":16},"1":{"name":"(anonymous_1)","decl":{"start":{"line":18,"column":11},"end":{"line":18,"column":12}},"loc":{"start":{"line":18,"column":17},"end":{"line":18,"column":46}},"line":18},"2":{"name":"(anonymous_2)","decl":{"start":{"line":20,"column":15},"end":{"line":20,"column":16}},"loc":{"start":{"line":20,"column":27},"end":{"line":57,"column":5}},"line":20},"3":{"name":"(anonymous_3)","decl":{"start":{"line":59,"column":44},"end":{"line":59,"column":45}},"loc":{"start":{"line":59,"column":50},"end":{"line":75,"column":5}},"line":59},"4":{"name":"(anonymous_4)","decl":{"start":{"line":61,"column":50},"end":{"line":61,"column":51}},"loc":{"start":{"line":61,"column":62},"end":{"line":74,"column":9}},"line":61},"5":{"name":"(anonymous_5)","decl":{"start":{"line":77,"column":48},"end":{"line":77,"column":49}},"loc":{"start":{"line":77,"column":54},"end":{"line":107,"column":5}},"line":77},"6":{"name":"(anonymous_6)","decl":{"start":{"line":79,"column":48},"end":{"line":79,"column":49}},"loc":{"start":{"line":79,"column":60},"end":{"line":93,"column":9}},"line":79},"7":{"name":"(anonymous_7)","decl":{"start":{"line":95,"column":68},"end":{"line":95,"column":69}},"loc":{"start":{"line":95,"column":80},"end":{"line":106,"column":9}},"line":95},"8":{"name":"(anonymous_8)","decl":{"start":{"line":109,"column":28},"end":{"line":109,"column":29}},"loc":{"start":{"line":109,"column":34},"end":{"line":117,"column":5}},"line":109},"9":{"name":"(anonymous_9)","decl":{"start":{"line":111,"column":36},"end":{"line":111,"column":37}},"loc":{"start":{"line":111,"column":42},"end":{"line":116,"column":9}},"line":111},"10":{"name":"(anonymous_10)","decl":{"start":{"line":113,"column":19},"end":{"line":113,"column":20}},"loc":{"start":{"line":113,"column":25},"end":{"line":113,"column":46}},"line":113},"11":{"name":"(anonymous_11)","decl":{"start":{"line":114,"column":19},"end":{"line":114,"column":20}},"loc":{"start":{"line":114,"column":25},"end":{"line":114,"column":48}},"line":114},"12":{"name":"(anonymous_12)","decl":{"start":{"line":119,"column":14},"end":{"line":119,"column":15}},"loc":{"start":{"line":119,"column":26},"end":{"line":122,"column":5}},"line":119}},"branchMap":{},"s":{"0":1,"1":1,"2":1,"3":1,"4":1,"5":1,"6":1,"7":1,"8":1,"9":1,"10":1,"11":1,"12":1,"13":1,"14":4,"15":4,"16":4,"17":4,"18":4,"19":4,"20":4,"21":4,"22":4,"23":4,"24":4,"25":4,"26":4,"27":4,"28":4,"29":4,"30":4,"31":4,"32":4,"33":4,"34":4,"35":4,"36":4,"37":4,"38":4,"39":4,"40":1,"41":1,"42":1,"43":1,"44":1,"45":1,"46":1,"47":1,"48":1,"49":1,"50":1,"51":1,"52":1,"53":1,"54":1,"55":1,"56":1,"57":1,"58":1,"59":1,"60":1,"61":1,"62":1,"63":1,"64":1,"65":1,"66":1,"67":1,"68":1,"69":1,"70":1,"71":4,"72":1},"f":{"0":1,"1":1,"2":4,"3":1,"4":1,"5":1,"6":1,"7":1,"8":1,"9":1,"10":1,"11":1,"12":4},"b":{},"_coverageSchema":"1a1c01bbd47fc00a2c39e90264f33305004495a9","hash":"1345452af85b3acbcef6c528a1f468dca36380d9","contentHash":"79ac9d8e9877c14494645c188eff68bbd43a551d4f40ca39bbf2cc9ef31f60cd"},"/Users/mac/bootcamp/collab/skylab-bootcamp-202004/staff/sergi-ramos/coohappy/coohappy-server-logic/delete-date-laundry.js":{"path":"/Users/mac/bootcamp/collab/skylab-bootcamp-202004/staff/sergi-ramos/coohappy/coohappy-server-logic/delete-date-laundry.js","statementMap":{"0":{"start":{"line":1,"column":0},"end":{"line":1,"column":44}},"1":{"start":{"line":2,"column":0},"end":{"line":2,"column":42}},"2":{"start":{"line":3,"column":56},"end":{"line":3,"column":83}},"3":{"start":{"line":4,"column":34},"end":{"line":4,"column":58}},"4":{"start":{"line":5,"column":35},"end":{"line":5,"column":59}},"5":{"start":{"line":7,"column":0},"end":{"line":24,"column":1}},"6":{"start":{"line":9,"column":4},"end":{"line":9,"column":35}},"7":{"start":{"line":11,"column":4},"end":{"line":23,"column":8}},"8":{"start":{"line":13,"column":26},"end":{"line":13,"column":82}},"9":{"start":{"line":14,"column":8},"end":{"line":14,"column":108}},"10":{"start":{"line":14,"column":24},"end":{"line":14,"column":108}},"11":{"start":{"line":16,"column":8},"end":{"line":21,"column":9}},"12":{"start":{"line":16,"column":53},"end":{"line":16,"column":80}},"13":{"start":{"line":17,"column":12},"end":{"line":17,"column":109}},"14":{"start":{"line":20,"column":12},"end":{"line":20,"column":97}}},"fnMap":{"0":{"name":"(anonymous_0)","decl":{"start":{"line":7,"column":17},"end":{"line":7,"column":18}},"loc":{"start":{"line":7,"column":29},"end":{"line":24,"column":1}},"line":7},"1":{"name":"(anonymous_1)","decl":{"start":{"line":11,"column":12},"end":{"line":11,"column":13}},"loc":{"start":{"line":11,"column":24},"end":{"line":23,"column":5}},"line":11},"2":{"name":"(anonymous_2)","decl":{"start":{"line":16,"column":35},"end":{"line":16,"column":36}},"loc":{"start":{"line":16,"column":53},"end":{"line":16,"column":80}},"line":16}},"branchMap":{"0":{"loc":{"start":{"line":14,"column":8},"end":{"line":14,"column":108}},"type":"if","locations":[{"start":{"line":14,"column":8},"end":{"line":14,"column":108}},{"start":{"line":14,"column":8},"end":{"line":14,"column":108}}],"line":14},"1":{"loc":{"start":{"line":16,"column":8},"end":{"line":21,"column":9}},"type":"if","locations":[{"start":{"line":16,"column":8},"end":{"line":21,"column":9}},{"start":{"line":16,"column":8},"end":{"line":21,"column":9}}],"line":16}},"s":{"0":1,"1":1,"2":1,"3":1,"4":1,"5":1,"6":5,"7":3,"8":3,"9":3,"10":1,"11":2,"12":1,"13":1,"14":1},"f":{"0":5,"1":3,"2":1},"b":{"0":[1,2],"1":[1,1]},"_coverageSchema":"1a1c01bbd47fc00a2c39e90264f33305004495a9","hash":"828f8caf48c782f5104766f35e0ba175be915498","contentHash":"3343067e426a9cc201cd448974d2562f199940c0208cd0376663c4c55798d209"},"/Users/mac/bootcamp/collab/skylab-bootcamp-202004/staff/sergi-ramos/coohappy/coohappy-server-logic/joinToCohousing.spec.js":{"path":"/Users/mac/bootcamp/collab/skylab-bootcamp-202004/staff/sergi-ramos/coohappy/coohappy-server-logic/joinToCohousing.spec.js","statementMap":{"0":{"start":{"line":1,"column":0},"end":{"line":1,"column":26}},"1":{"start":{"line":3,"column":51},"end":{"line":3,"column":58}},"2":{"start":{"line":5,"column":19},"end":{"line":5,"column":34}},"3":{"start":{"line":6,"column":19},"end":{"line":6,"column":23}},"4":{"start":{"line":7,"column":24},"end":{"line":7,"column":52}},"5":{"start":{"line":8,"column":15},"end":{"line":8,"column":34}},"6":{"start":{"line":9,"column":40},"end":{"line":9,"column":67}},"7":{"start":{"line":10,"column":21},"end":{"line":10,"column":45}},"8":{"start":{"line":11,"column":64},"end":{"line":11,"column":88}},"9":{"start":{"line":12,"column":34},"end":{"line":12,"column":61}},"10":{"start":{"line":16,"column":0},"end":{"line":113,"column":2}},"11":{"start":{"line":18,"column":4},"end":{"line":18,"column":47}},"12":{"start":{"line":18,"column":17},"end":{"line":18,"column":46}},"13":{"start":{"line":20,"column":4},"end":{"line":51,"column":6}},"14":{"start":{"line":22,"column":8},"end":{"line":22,"column":31}},"15":{"start":{"line":23,"column":8},"end":{"line":23,"column":36}},"16":{"start":{"line":25,"column":8},"end":{"line":25,"column":33}},"17":{"start":{"line":26,"column":8},"end":{"line":26,"column":39}},"18":{"start":{"line":27,"column":8},"end":{"line":27,"column":40}},"19":{"start":{"line":28,"column":8},"end":{"line":28,"column":41}},"20":{"start":{"line":30,"column":8},"end":{"line":30,"column":35}},"21":{"start":{"line":31,"column":8},"end":{"line":31,"column":41}},"22":{"start":{"line":32,"column":8},"end":{"line":32,"column":42}},"23":{"start":{"line":33,"column":8},"end":{"line":33,"column":43}},"24":{"start":{"line":35,"column":8},"end":{"line":35,"column":42}},"25":{"start":{"line":36,"column":8},"end":{"line":36,"column":37}},"26":{"start":{"line":37,"column":8},"end":{"line":37,"column":25}},"27":{"start":{"line":38,"column":8},"end":{"line":38,"column":33}},"28":{"start":{"line":39,"column":8},"end":{"line":39,"column":43}},"29":{"start":{"line":40,"column":8},"end":{"line":40,"column":22}},"30":{"start":{"line":42,"column":8},"end":{"line":42,"column":46}},"31":{"start":{"line":43,"column":8},"end":{"line":43,"column":50}},"32":{"start":{"line":44,"column":21},"end":{"line":44,"column":80}},"33":{"start":{"line":45,"column":23},"end":{"line":45,"column":112}},"34":{"start":{"line":46,"column":8},"end":{"line":46,"column":24}},"35":{"start":{"line":47,"column":8},"end":{"line":47,"column":28}},"36":{"start":{"line":48,"column":22},"end":{"line":48,"column":46}},"37":{"start":{"line":49,"column":23},"end":{"line":49,"column":138}},"38":{"start":{"line":50,"column":8},"end":{"line":50,"column":24}},"39":{"start":{"line":54,"column":4},"end":{"line":85,"column":6}},"40":{"start":{"line":56,"column":8},"end":{"line":63,"column":10}},"41":{"start":{"line":58,"column":12},"end":{"line":58,"column":55}},"42":{"start":{"line":59,"column":30},"end":{"line":59,"column":67}},"43":{"start":{"line":60,"column":12},"end":{"line":60,"column":38}},"44":{"start":{"line":61,"column":12},"end":{"line":61,"column":70}},"45":{"start":{"line":64,"column":8},"end":{"line":73,"column":10}},"46":{"start":{"line":65,"column":27},"end":{"line":65,"column":53}},"47":{"start":{"line":66,"column":12},"end":{"line":72,"column":13}},"48":{"start":{"line":67,"column":16},"end":{"line":67,"column":57}},"49":{"start":{"line":70,"column":16},"end":{"line":70,"column":38}},"50":{"start":{"line":71,"column":16},"end":{"line":71,"column":87}},"51":{"start":{"line":75,"column":8},"end":{"line":84,"column":10}},"52":{"start":{"line":76,"column":35},"end":{"line":76,"column":48}},"53":{"start":{"line":77,"column":12},"end":{"line":83,"column":13}},"54":{"start":{"line":78,"column":16},"end":{"line":78,"column":63}},"55":{"start":{"line":81,"column":16},"end":{"line":81,"column":38}},"56":{"start":{"line":82,"column":16},"end":{"line":82,"column":110}},"57":{"start":{"line":87,"column":4},"end":{"line":99,"column":6}},"58":{"start":{"line":89,"column":8},"end":{"line":98,"column":10}},"59":{"start":{"line":91,"column":12},"end":{"line":97,"column":13}},"60":{"start":{"line":92,"column":16},"end":{"line":92,"column":57}},"61":{"start":{"line":95,"column":16},"end":{"line":95,"column":38}},"62":{"start":{"line":96,"column":16},"end":{"line":96,"column":103}},"63":{"start":{"line":102,"column":4},"end":{"line":109,"column":6}},"64":{"start":{"line":104,"column":8},"end":{"line":108,"column":10}},"65":{"start":{"line":106,"column":12},"end":{"line":106,"column":103}},"66":{"start":{"line":106,"column":25},"end":{"line":106,"column":58}},"67":{"start":{"line":107,"column":12},"end":{"line":107,"column":109}},"68":{"start":{"line":107,"column":25},"end":{"line":107,"column":59}},"69":{"start":{"line":111,"column":4},"end":{"line":111,"column":89}},"70":{"start":{"line":111,"column":26},"end":{"line":111,"column":88}},"71":{"start":{"line":112,"column":4},"end":{"line":112,"column":30}}},"fnMap":{"0":{"name":"(anonymous_0)","decl":{"start":{"line":16,"column":38},"end":{"line":16,"column":39}},"loc":{"start":{"line":16,"column":44},"end":{"line":113,"column":1}},"line":16},"1":{"name":"(anonymous_1)","decl":{"start":{"line":18,"column":11},"end":{"line":18,"column":12}},"loc":{"start":{"line":18,"column":17},"end":{"line":18,"column":46}},"line":18},"2":{"name":"(anonymous_2)","decl":{"start":{"line":20,"column":15},"end":{"line":20,"column":16}},"loc":{"start":{"line":20,"column":27},"end":{"line":51,"column":5}},"line":20},"3":{"name":"(anonymous_3)","decl":{"start":{"line":54,"column":66},"end":{"line":54,"column":67}},"loc":{"start":{"line":54,"column":72},"end":{"line":85,"column":5}},"line":54},"4":{"name":"(anonymous_4)","decl":{"start":{"line":56,"column":50},"end":{"line":56,"column":51}},"loc":{"start":{"line":56,"column":62},"end":{"line":63,"column":9}},"line":56},"5":{"name":"(anonymous_5)","decl":{"start":{"line":64,"column":57},"end":{"line":64,"column":58}},"loc":{"start":{"line":64,"column":69},"end":{"line":73,"column":9}},"line":64},"6":{"name":"(anonymous_6)","decl":{"start":{"line":75,"column":53},"end":{"line":75,"column":54}},"loc":{"start":{"line":75,"column":65},"end":{"line":84,"column":9}},"line":75},"7":{"name":"(anonymous_7)","decl":{"start":{"line":87,"column":62},"end":{"line":87,"column":63}},"loc":{"start":{"line":87,"column":68},"end":{"line":99,"column":5}},"line":87},"8":{"name":"(anonymous_8)","decl":{"start":{"line":89,"column":71},"end":{"line":89,"column":72}},"loc":{"start":{"line":89,"column":83},"end":{"line":98,"column":9}},"line":89},"9":{"name":"(anonymous_9)","decl":{"start":{"line":102,"column":28},"end":{"line":102,"column":29}},"loc":{"start":{"line":102,"column":34},"end":{"line":109,"column":5}},"line":102},"10":{"name":"(anonymous_10)","decl":{"start":{"line":104,"column":36},"end":{"line":104,"column":37}},"loc":{"start":{"line":104,"column":42},"end":{"line":108,"column":9}},"line":104},"11":{"name":"(anonymous_11)","decl":{"start":{"line":106,"column":19},"end":{"line":106,"column":20}},"loc":{"start":{"line":106,"column":25},"end":{"line":106,"column":58}},"line":106},"12":{"name":"(anonymous_12)","decl":{"start":{"line":107,"column":19},"end":{"line":107,"column":20}},"loc":{"start":{"line":107,"column":25},"end":{"line":107,"column":59}},"line":107},"13":{"name":"(anonymous_13)","decl":{"start":{"line":111,"column":14},"end":{"line":111,"column":15}},"loc":{"start":{"line":111,"column":26},"end":{"line":111,"column":88}},"line":111}},"branchMap":{},"s":{"0":1,"1":1,"2":1,"3":1,"4":1,"5":1,"6":1,"7":1,"8":1,"9":1,"10":1,"11":1,"12":1,"13":1,"14":5,"15":5,"16":5,"17":5,"18":5,"19":5,"20":5,"21":5,"22":5,"23":5,"24":5,"25":5,"26":5,"27":5,"28":5,"29":5,"30":5,"31":5,"32":5,"33":5,"34":5,"35":5,"36":5,"37":5,"38":5,"39":1,"40":1,"41":1,"42":1,"43":1,"44":1,"45":1,"46":1,"47":1,"48":1,"49":1,"50":1,"51":1,"52":1,"53":1,"54":1,"55":1,"56":1,"57":1,"58":1,"59":1,"60":1,"61":1,"62":1,"63":1,"64":1,"65":1,"66":1,"67":1,"68":1,"69":1,"70":5,"71":1},"f":{"0":1,"1":1,"2":5,"3":1,"4":1,"5":1,"6":1,"7":1,"8":1,"9":1,"10":1,"11":1,"12":1,"13":5},"b":{},"_coverageSchema":"1a1c01bbd47fc00a2c39e90264f33305004495a9","hash":"242aa8d2e793670ebe4572dc75e29c7b3ad4c526","contentHash":"a8df4abad434ffb7ea4df7e19ebcbe8a176bcabbaa1ffc6f330af7b864b4b660"},"/Users/mac/bootcamp/collab/skylab-bootcamp-202004/staff/sergi-ramos/coohappy/coohappy-server-logic/joinToCohousing.js":{"path":"/Users/mac/bootcamp/collab/skylab-bootcamp-202004/staff/sergi-ramos/coohappy/coohappy-server-logic/joinToCohousing.js","statementMap":{"0":{"start":{"line":1,"column":0},"end":{"line":1,"column":44}},"1":{"start":{"line":2,"column":0},"end":{"line":2,"column":42}},"2":{"start":{"line":3,"column":57},"end":{"line":3,"column":84}},"3":{"start":{"line":4,"column":40},"end":{"line":4,"column":64}},"4":{"start":{"line":5,"column":35},"end":{"line":5,"column":59}},"5":{"start":{"line":6,"column":15},"end":{"line":6,"column":34}},"6":{"start":{"line":9,"column":0},"end":{"line":31,"column":1}},"7":{"start":{"line":11,"column":4},"end":{"line":11,"column":35}},"8":{"start":{"line":12,"column":4},"end":{"line":12,"column":39}},"9":{"start":{"line":14,"column":4},"end":{"line":30,"column":8}},"10":{"start":{"line":16,"column":21},"end":{"line":16,"column":48}},"11":{"start":{"line":17,"column":8},"end":{"line":17,"column":86}},"12":{"start":{"line":17,"column":19},"end":{"line":17,"column":86}},"13":{"start":{"line":19,"column":27},"end":{"line":19,"column":83}},"14":{"start":{"line":20,"column":8},"end":{"line":20,"column":105}},"15":{"start":{"line":20,"column":24},"end":{"line":20,"column":105}},"16":{"start":{"line":22,"column":26},"end":{"line":22,"column":77}},"17":{"start":{"line":23,"column":8},"end":{"line":23,"column":109}},"18":{"start":{"line":23,"column":23},"end":{"line":23,"column":109}},"19":{"start":{"line":24,"column":8},"end":{"line":27,"column":10}},"20":{"start":{"line":29,"column":8},"end":{"line":29,"column":15}}},"fnMap":{"0":{"name":"(anonymous_0)","decl":{"start":{"line":9,"column":17},"end":{"line":9,"column":18}},"loc":{"start":{"line":9,"column":41},"end":{"line":31,"column":1}},"line":9},"1":{"name":"(anonymous_1)","decl":{"start":{"line":14,"column":12},"end":{"line":14,"column":13}},"loc":{"start":{"line":14,"column":24},"end":{"line":30,"column":5}},"line":14}},"branchMap":{"0":{"loc":{"start":{"line":17,"column":8},"end":{"line":17,"column":86}},"type":"if","locations":[{"start":{"line":17,"column":8},"end":{"line":17,"column":86}},{"start":{"line":17,"column":8},"end":{"line":17,"column":86}}],"line":17},"1":{"loc":{"start":{"line":20,"column":8},"end":{"line":20,"column":105}},"type":"if","locations":[{"start":{"line":20,"column":8},"end":{"line":20,"column":105}},{"start":{"line":20,"column":8},"end":{"line":20,"column":105}}],"line":20},"2":{"loc":{"start":{"line":23,"column":8},"end":{"line":23,"column":109}},"type":"if","locations":[{"start":{"line":23,"column":8},"end":{"line":23,"column":109}},{"start":{"line":23,"column":8},"end":{"line":23,"column":109}}],"line":23}},"s":{"0":1,"1":1,"2":1,"3":1,"4":1,"5":1,"6":1,"7":6,"8":5,"9":4,"10":4,"11":4,"12":1,"13":3,"14":3,"15":1,"16":2,"17":2,"18":1,"19":1,"20":1},"f":{"0":6,"1":4},"b":{"0":[1,3],"1":[1,2],"2":[1,1]},"_coverageSchema":"1a1c01bbd47fc00a2c39e90264f33305004495a9","hash":"fa45bf2e10ae31f5c287fe1822093234272cc323","contentHash":"e8996f583b937d0ac6d5c878a64ba178c986313f632e49ed3117fc03bf952c4a"},"/Users/mac/bootcamp/collab/skylab-bootcamp-202004/staff/sergi-ramos/coohappy/coohappy-server-logic/register-cohousing.spec.js":{"path":"/Users/mac/bootcamp/collab/skylab-bootcamp-202004/staff/sergi-ramos/coohappy/coohappy-server-logic/register-cohousing.spec.js","statementMap":{"0":{"start":{"line":1,"column":0},"end":{"line":1,"column":26}},"1":{"start":{"line":3,"column":51},"end":{"line":3,"column":58}},"2":{"start":{"line":6,"column":26},"end":{"line":6,"column":57}},"3":{"start":{"line":7,"column":19},"end":{"line":7,"column":23}},"4":{"start":{"line":8,"column":19},"end":{"line":8,"column":34}},"5":{"start":{"line":9,"column":50},"end":{"line":9,"column":74}},"6":{"start":{"line":10,"column":15},"end":{"line":10,"column":34}},"7":{"start":{"line":11,"column":57},"end":{"line":11,"column":84}},"8":{"start":{"line":13,"column":0},"end":{"line":124,"column":2}},"9":{"start":{"line":14,"column":4},"end":{"line":14,"column":47}},"10":{"start":{"line":14,"column":17},"end":{"line":14,"column":46}},"11":{"start":{"line":18,"column":4},"end":{"line":43,"column":5}},"12":{"start":{"line":19,"column":8},"end":{"line":42,"column":47}},"13":{"start":{"line":25,"column":16},"end":{"line":25,"column":41}},"14":{"start":{"line":26,"column":16},"end":{"line":26,"column":47}},"15":{"start":{"line":27,"column":16},"end":{"line":27,"column":48}},"16":{"start":{"line":28,"column":16},"end":{"line":28,"column":49}},"17":{"start":{"line":30,"column":16},"end":{"line":30,"column":50}},"18":{"start":{"line":31,"column":16},"end":{"line":31,"column":45}},"19":{"start":{"line":32,"column":16},"end":{"line":32,"column":33}},"20":{"start":{"line":33,"column":16},"end":{"line":33,"column":41}},"21":{"start":{"line":34,"column":16},"end":{"line":34,"column":30}},"22":{"start":{"line":36,"column":16},"end":{"line":36,"column":48}},"23":{"start":{"line":38,"column":27},"end":{"line":38,"column":39}},"24":{"start":{"line":40,"column":16},"end":{"line":40,"column":69}},"25":{"start":{"line":42,"column":28},"end":{"line":42,"column":44}},"26":{"start":{"line":45,"column":4},"end":{"line":65,"column":2}},"27":{"start":{"line":47,"column":8},"end":{"line":64,"column":9}},"28":{"start":{"line":48,"column":12},"end":{"line":63,"column":18}},"29":{"start":{"line":49,"column":28},"end":{"line":49,"column":65}},"30":{"start":{"line":51,"column":20},"end":{"line":51,"column":46}},"31":{"start":{"line":52,"column":20},"end":{"line":52,"column":83}},"32":{"start":{"line":53,"column":20},"end":{"line":53,"column":77}},"33":{"start":{"line":54,"column":20},"end":{"line":54,"column":80}},"34":{"start":{"line":55,"column":20},"end":{"line":55,"column":69}},"35":{"start":{"line":56,"column":20},"end":{"line":56,"column":76}},"36":{"start":{"line":57,"column":20},"end":{"line":62,"column":22}},"37":{"start":{"line":59,"column":24},"end":{"line":59,"column":59}},"38":{"start":{"line":60,"column":24},"end":{"line":60,"column":55}},"39":{"start":{"line":61,"column":24},"end":{"line":61,"column":92}},"40":{"start":{"line":67,"column":0},"end":{"line":79,"column":2}},"41":{"start":{"line":69,"column":4},"end":{"line":78,"column":5}},"42":{"start":{"line":71,"column":8},"end":{"line":77,"column":14}},"43":{"start":{"line":72,"column":24},"end":{"line":72,"column":101}},"44":{"start":{"line":75,"column":16},"end":{"line":75,"column":65}},"45":{"start":{"line":76,"column":16},"end":{"line":76,"column":105}},"46":{"start":{"line":81,"column":0},"end":{"line":93,"column":2}},"47":{"start":{"line":83,"column":4},"end":{"line":92,"column":5}},"48":{"start":{"line":85,"column":8},"end":{"line":91,"column":14}},"49":{"start":{"line":86,"column":24},"end":{"line":86,"column":101}},"50":{"start":{"line":89,"column":16},"end":{"line":89,"column":65}},"51":{"start":{"line":90,"column":16},"end":{"line":90,"column":105}},"52":{"start":{"line":95,"column":0},"end":{"line":109,"column":2}},"53":{"start":{"line":97,"column":4},"end":{"line":97,"column":39}},"54":{"start":{"line":97,"column":21},"end":{"line":97,"column":38}},"55":{"start":{"line":98,"column":4},"end":{"line":108,"column":6}},"56":{"start":{"line":99,"column":8},"end":{"line":107,"column":9}},"57":{"start":{"line":100,"column":12},"end":{"line":100,"column":95}},"58":{"start":{"line":101,"column":12},"end":{"line":101,"column":58}},"59":{"start":{"line":105,"column":12},"end":{"line":105,"column":63}},"60":{"start":{"line":106,"column":12},"end":{"line":106,"column":66}},"61":{"start":{"line":110,"column":0},"end":{"line":118,"column":2}},"62":{"start":{"line":111,"column":4},"end":{"line":117,"column":6}},"63":{"start":{"line":113,"column":8},"end":{"line":113,"column":128}},"64":{"start":{"line":113,"column":21},"end":{"line":113,"column":86}},"65":{"start":{"line":114,"column":8},"end":{"line":114,"column":127}},"66":{"start":{"line":114,"column":21},"end":{"line":114,"column":78}},"67":{"start":{"line":115,"column":8},"end":{"line":115,"column":154}},"68":{"start":{"line":115,"column":21},"end":{"line":115,"column":101}},"69":{"start":{"line":121,"column":0},"end":{"line":121,"column":73}},"70":{"start":{"line":121,"column":16},"end":{"line":121,"column":72}},"71":{"start":{"line":123,"column":0},"end":{"line":123,"column":26}}},"fnMap":{"0":{"name":"(anonymous_0)","decl":{"start":{"line":13,"column":39},"end":{"line":13,"column":40}},"loc":{"start":{"line":13,"column":45},"end":{"line":124,"column":1}},"line":13},"1":{"name":"(anonymous_1)","decl":{"start":{"line":14,"column":11},"end":{"line":14,"column":12}},"loc":{"start":{"line":14,"column":17},"end":{"line":14,"column":46}},"line":14},"2":{"name":"(anonymous_2)","decl":{"start":{"line":18,"column":15},"end":{"line":18,"column":16}},"loc":{"start":{"line":19,"column":8},"end":{"line":42,"column":47}},"line":19},"3":{"name":"(anonymous_3)","decl":{"start":{"line":24,"column":18},"end":{"line":24,"column":19}},"loc":{"start":{"line":24,"column":24},"end":{"line":37,"column":13}},"line":24},"4":{"name":"(anonymous_4)","decl":{"start":{"line":38,"column":18},"end":{"line":38,"column":19}},"loc":{"start":{"line":38,"column":27},"end":{"line":38,"column":39}},"line":38},"5":{"name":"(anonymous_5)","decl":{"start":{"line":39,"column":18},"end":{"line":39,"column":19}},"loc":{"start":{"line":40,"column":16},"end":{"line":40,"column":69}},"line":40},"6":{"name":"(anonymous_6)","decl":{"start":{"line":42,"column":18},"end":{"line":42,"column":19}},"loc":{"start":{"line":42,"column":26},"end":{"line":42,"column":46}},"line":42},"7":{"name":"(anonymous_7)","decl":{"start":{"line":45,"column":57},"end":{"line":45,"column":58}},"loc":{"start":{"line":45,"column":63},"end":{"line":65,"column":1}},"line":45},"8":{"name":"(anonymous_8)","decl":{"start":{"line":47,"column":43},"end":{"line":47,"column":44}},"loc":{"start":{"line":48,"column":12},"end":{"line":63,"column":18}},"line":48},"9":{"name":"(anonymous_9)","decl":{"start":{"line":49,"column":22},"end":{"line":49,"column":23}},"loc":{"start":{"line":49,"column":28},"end":{"line":49,"column":65}},"line":49},"10":{"name":"(anonymous_10)","decl":{"start":{"line":50,"column":22},"end":{"line":50,"column":23}},"loc":{"start":{"line":50,"column":35},"end":{"line":63,"column":17}},"line":50},"11":{"name":"(anonymous_11)","decl":{"start":{"line":58,"column":26},"end":{"line":58,"column":27}},"loc":{"start":{"line":58,"column":36},"end":{"line":62,"column":21}},"line":58},"12":{"name":"(anonymous_12)","decl":{"start":{"line":67,"column":52},"end":{"line":67,"column":53}},"loc":{"start":{"line":67,"column":58},"end":{"line":79,"column":1}},"line":67},"13":{"name":"(anonymous_13)","decl":{"start":{"line":69,"column":39},"end":{"line":69,"column":40}},"loc":{"start":{"line":71,"column":8},"end":{"line":77,"column":14}},"line":71},"14":{"name":"(anonymous_14)","decl":{"start":{"line":72,"column":18},"end":{"line":72,"column":19}},"loc":{"start":{"line":72,"column":24},"end":{"line":72,"column":101}},"line":72},"15":{"name":"(anonymous_15)","decl":{"start":{"line":74,"column":19},"end":{"line":74,"column":20}},"loc":{"start":{"line":74,"column":28},"end":{"line":77,"column":13}},"line":74},"16":{"name":"(anonymous_16)","decl":{"start":{"line":81,"column":52},"end":{"line":81,"column":53}},"loc":{"start":{"line":81,"column":58},"end":{"line":93,"column":1}},"line":81},"17":{"name":"(anonymous_17)","decl":{"start":{"line":83,"column":71},"end":{"line":83,"column":72}},"loc":{"start":{"line":85,"column":8},"end":{"line":91,"column":14}},"line":85},"18":{"name":"(anonymous_18)","decl":{"start":{"line":86,"column":18},"end":{"line":86,"column":19}},"loc":{"start":{"line":86,"column":24},"end":{"line":86,"column":101}},"line":86},"19":{"name":"(anonymous_19)","decl":{"start":{"line":88,"column":19},"end":{"line":88,"column":20}},"loc":{"start":{"line":88,"column":28},"end":{"line":91,"column":13}},"line":88},"20":{"name":"(anonymous_20)","decl":{"start":{"line":95,"column":37},"end":{"line":95,"column":38}},"loc":{"start":{"line":95,"column":43},"end":{"line":109,"column":1}},"line":95},"21":{"name":"(anonymous_21)","decl":{"start":{"line":97,"column":15},"end":{"line":97,"column":16}},"loc":{"start":{"line":97,"column":21},"end":{"line":97,"column":38}},"line":97},"22":{"name":"(anonymous_22)","decl":{"start":{"line":98,"column":57},"end":{"line":98,"column":58}},"loc":{"start":{"line":98,"column":69},"end":{"line":108,"column":5}},"line":98},"23":{"name":"(anonymous_23)","decl":{"start":{"line":110,"column":24},"end":{"line":110,"column":25}},"loc":{"start":{"line":110,"column":30},"end":{"line":118,"column":1}},"line":110},"24":{"name":"(anonymous_24)","decl":{"start":{"line":111,"column":43},"end":{"line":111,"column":44}},"loc":{"start":{"line":111,"column":49},"end":{"line":117,"column":5}},"line":111},"25":{"name":"(anonymous_25)","decl":{"start":{"line":113,"column":15},"end":{"line":113,"column":16}},"loc":{"start":{"line":113,"column":21},"end":{"line":113,"column":86}},"line":113},"26":{"name":"(anonymous_26)","decl":{"start":{"line":114,"column":15},"end":{"line":114,"column":16}},"loc":{"start":{"line":114,"column":21},"end":{"line":114,"column":78}},"line":114},"27":{"name":"(anonymous_27)","decl":{"start":{"line":115,"column":15},"end":{"line":115,"column":16}},"loc":{"start":{"line":115,"column":21},"end":{"line":115,"column":101}},"line":115},"28":{"name":"(anonymous_28)","decl":{"start":{"line":121,"column":10},"end":{"line":121,"column":11}},"loc":{"start":{"line":121,"column":16},"end":{"line":121,"column":72}},"line":121}},"branchMap":{},"s":{"0":1,"1":1,"2":1,"3":1,"4":1,"5":1,"6":1,"7":1,"8":1,"9":1,"10":1,"11":1,"12":5,"13":5,"14":5,"15":5,"16":5,"17":5,"18":5,"19":5,"20":5,"21":5,"22":5,"23":5,"24":5,"25":5,"26":1,"27":1,"28":1,"29":1,"30":1,"31":1,"32":1,"33":1,"34":1,"35":1,"36":1,"37":1,"38":1,"39":1,"40":1,"41":1,"42":1,"43":1,"44":1,"45":1,"46":1,"47":1,"48":1,"49":1,"50":1,"51":1,"52":1,"53":1,"54":1,"55":1,"56":1,"57":1,"58":0,"59":1,"60":1,"61":1,"62":1,"63":1,"64":1,"65":1,"66":1,"67":1,"68":1,"69":1,"70":5,"71":1},"f":{"0":1,"1":1,"2":5,"3":5,"4":5,"5":5,"6":5,"7":1,"8":1,"9":1,"10":1,"11":1,"12":1,"13":1,"14":1,"15":1,"16":1,"17":1,"18":1,"19":1,"20":1,"21":1,"22":1,"23":1,"24":1,"25":1,"26":1,"27":1,"28":5},"b":{},"_coverageSchema":"1a1c01bbd47fc00a2c39e90264f33305004495a9","hash":"590d492bb742518c37c26892d4de80e2b4d0e3a2","contentHash":"9a6eb5cf303b292dea1feb613d7e32597ed9efcaec559437928780f90dc240d1"},"/Users/mac/bootcamp/collab/skylab-bootcamp-202004/staff/sergi-ramos/coohappy/coohappy-server-logic/register-cohousing.js":{"path":"/Users/mac/bootcamp/collab/skylab-bootcamp-202004/staff/sergi-ramos/coohappy/coohappy-server-logic/register-cohousing.js","statementMap":{"0":{"start":{"line":1,"column":0},"end":{"line":1,"column":44}},"1":{"start":{"line":2,"column":0},"end":{"line":2,"column":42}},"2":{"start":{"line":3,"column":57},"end":{"line":3,"column":84}},"3":{"start":{"line":4,"column":40},"end":{"line":4,"column":64}},"4":{"start":{"line":5,"column":40},"end":{"line":5,"column":67}},"5":{"start":{"line":8,"column":0},"end":{"line":33,"column":1}},"6":{"start":{"line":9,"column":4},"end":{"line":9,"column":33}},"7":{"start":{"line":10,"column":4},"end":{"line":10,"column":87}},"8":{"start":{"line":10,"column":37},"end":{"line":10,"column":87}},"9":{"start":{"line":11,"column":4},"end":{"line":11,"column":35}},"10":{"start":{"line":12,"column":20},"end":{"line":12,"column":22}},"11":{"start":{"line":14,"column":4},"end":{"line":32,"column":8}},"12":{"start":{"line":15,"column":34},"end":{"line":18,"column":10}},"13":{"start":{"line":20,"column":8},"end":{"line":20,"column":116}},"14":{"start":{"line":20,"column":23},"end":{"line":20,"column":116}},"15":{"start":{"line":21,"column":8},"end":{"line":21,"column":69}},"16":{"start":{"line":21,"column":19},"end":{"line":21,"column":69}},"17":{"start":{"line":23,"column":27},"end":{"line":23,"column":49}},"18":{"start":{"line":25,"column":8},"end":{"line":25,"column":26}},"19":{"start":{"line":27,"column":29},"end":{"line":27,"column":117}},"20":{"start":{"line":29,"column":8},"end":{"line":29,"column":102}},"21":{"start":{"line":31,"column":8},"end":{"line":31,"column":14}}},"fnMap":{"0":{"name":"(anonymous_0)","decl":{"start":{"line":8,"column":17},"end":{"line":8,"column":18}},"loc":{"start":{"line":8,"column":56},"end":{"line":33,"column":1}},"line":8},"1":{"name":"(anonymous_1)","decl":{"start":{"line":14,"column":12},"end":{"line":14,"column":13}},"loc":{"start":{"line":14,"column":24},"end":{"line":32,"column":5}},"line":14}},"branchMap":{"0":{"loc":{"start":{"line":10,"column":4},"end":{"line":10,"column":87}},"type":"if","locations":[{"start":{"line":10,"column":4},"end":{"line":10,"column":87}},{"start":{"line":10,"column":4},"end":{"line":10,"column":87}}],"line":10},"1":{"loc":{"start":{"line":20,"column":8},"end":{"line":20,"column":116}},"type":"if","locations":[{"start":{"line":20,"column":8},"end":{"line":20,"column":116}},{"start":{"line":20,"column":8},"end":{"line":20,"column":116}}],"line":20},"2":{"loc":{"start":{"line":21,"column":8},"end":{"line":21,"column":69}},"type":"if","locations":[{"start":{"line":21,"column":8},"end":{"line":21,"column":69}},{"start":{"line":21,"column":8},"end":{"line":21,"column":69}}],"line":21}},"s":{"0":1,"1":1,"2":1,"3":1,"4":1,"5":1,"6":9,"7":8,"8":1,"9":7,"10":6,"11":6,"12":6,"13":6,"14":2,"15":4,"16":1,"17":3,"18":3,"19":3,"20":3,"21":3},"f":{"0":9,"1":6},"b":{"0":[1,7],"1":[2,4],"2":[1,3]},"_coverageSchema":"1a1c01bbd47fc00a2c39e90264f33305004495a9","hash":"db5d3ba59f9035f01f37170cd6bfb3a9cded4c5c","contentHash":"984a72efcadefb0dc0b6b2f29c3b4db4cff7a368a4a299f535a52748a0f72f59"},"/Users/mac/bootcamp/collab/skylab-bootcamp-202004/staff/sergi-ramos/coohappy/coohappy-server-logic/register-user.spec.js":{"path":"/Users/mac/bootcamp/collab/skylab-bootcamp-202004/staff/sergi-ramos/coohappy/coohappy-server-logic/register-user.spec.js","statementMap":{"0":{"start":{"line":1,"column":0},"end":{"line":1,"column":26}},"1":{"start":{"line":3,"column":51},"end":{"line":3,"column":58}},"2":{"start":{"line":5,"column":21},"end":{"line":5,"column":47}},"3":{"start":{"line":6,"column":19},"end":{"line":6,"column":23}},"4":{"start":{"line":7,"column":19},"end":{"line":7,"column":34}},"5":{"start":{"line":8,"column":0},"end":{"line":8,"column":42}},"6":{"start":{"line":9,"column":39},"end":{"line":9,"column":63}},"7":{"start":{"line":10,"column":15},"end":{"line":10,"column":34}},"8":{"start":{"line":12,"column":0},"end":{"line":66,"column":2}},"9":{"start":{"line":13,"column":4},"end":{"line":13,"column":47}},"10":{"start":{
[...]
ers/mac/bootcamp/collab/skylab-bootcamp-202004/staff/sergi-ramos/coohappy/coohappy-server-logic/update-cohousing.js","statementMap":{"0":{"start":{"line":1,"column":0},"end":{"line":1,"column":44}},"1":{"start":{"line":2,"column":0},"end":{"line":2,"column":42}},"2":{"start":{"line":3,"column":0},"end":{"line":3,"column":44}},"3":{"start":{"line":4,"column":41},"end":{"line":4,"column":68}},"4":{"start":{"line":5,"column":64},"end":{"line":5,"column":88}},"5":{"start":{"line":8,"column":0},"end":{"line":33,"column":1}},"6":{"start":{"line":10,"column":4},"end":{"line":10,"column":97}},"7":{"start":{"line":10,"column":42},"end":{"line":10,"column":97}},"8":{"start":{"line":11,"column":4},"end":{"line":11,"column":35}},"9":{"start":{"line":12,"column":4},"end":{"line":19,"column":5}},"10":{"start":{"line":13,"column":8},"end":{"line":13,"column":70}},"11":{"start":{"line":13,"column":28},"end":{"line":13,"column":70}},"12":{"start":{"line":14,"column":8},"end":{"line":18,"column":9}},"13":{"start":{"line":15,"column":12},"end":{"line":15,"column":121}},"14":{"start":{"line":15,"column":58},"end":{"line":15,"column":121}},"15":{"start":{"line":16,"column":27},"end":{"line":16,"column":59}},"16":{"start":{"line":17,"column":12},"end":{"line":17,"column":67}},"17":{"start":{"line":17,"column":36},"end":{"line":17,"column":66}},"18":{"start":{"line":21,"column":4},"end":{"line":28,"column":8}},"19":{"start":{"line":22,"column":21},"end":{"line":22,"column":48}},"20":{"start":{"line":23,"column":8},"end":{"line":23,"column":86}},"21":{"start":{"line":23,"column":19},"end":{"line":23,"column":86}},"22":{"start":{"line":25,"column":26},"end":{"line":25,"column":103}},"23":{"start":{"line":26,"column":8},"end":{"line":26,"column":101}},"24":{"start":{"line":26,"column":23},"end":{"line":26,"column":101}},"25":{"start":{"line":27,"column":8},"end":{"line":27,"column":14}}},"fnMap":{"0":{"name":"(anonymous_0)","decl":{"start":{"line":8,"column":17},"end":{"line":8,"column":18}},"loc":{"start":{"line":8,"column":43},"end":{"line":33,"column":1}},"line":8},"1":{"name":"(anonymous_1)","decl":{"start":{"line":17,"column":27},"end":{"line":17,"column":28}},"loc":{"start":{"line":17,"column":36},"end":{"line":17,"column":66}},"line":17},"2":{"name":"(anonymous_2)","decl":{"start":{"line":21,"column":12},"end":{"line":21,"column":13}},"loc":{"start":{"line":21,"column":24},"end":{"line":28,"column":5}},"line":21}},"branchMap":{"0":{"loc":{"start":{"line":10,"column":4},"end":{"line":10,"column":97}},"type":"if","locations":[{"start":{"line":10,"column":4},"end":{"line":10,"column":97}},{"start":{"line":10,"column":4},"end":{"line":10,"column":97}}],"line":10},"1":{"loc":{"start":{"line":13,"column":8},"end":{"line":13,"column":70}},"type":"if","locations":[{"start":{"line":13,"column":8},"end":{"line":13,"column":70}},{"start":{"line":13,"column":8},"end":{"line":13,"column":70}}],"line":13},"2":{"loc":{"start":{"line":14,"column":8},"end":{"line":18,"column":9}},"type":"if","locations":[{"start":{"line":14,"column":8},"end":{"line":18,"column":9}},{"start":{"line":14,"column":8},"end":{"line":18,"column":9}}],"line":14},"3":{"loc":{"start":{"line":15,"column":12},"end":{"line":15,"column":121}},"type":"if","locations":[{"start":{"line":15,"column":12},"end":{"line":15,"column":121}},{"start":{"line":15,"column":12},"end":{"line":15,"column":121}}],"line":15},"4":{"loc":{"start":{"line":23,"column":8},"end":{"line":23,"column":86}},"type":"if","locations":[{"start":{"line":23,"column":8},"end":{"line":23,"column":86}},{"start":{"line":23,"column":8},"end":{"line":23,"column":86}}],"line":23},"5":{"loc":{"start":{"line":26,"column":8},"end":{"line":26,"column":101}},"type":"if","locations":[{"start":{"line":26,"column":8},"end":{"line":26,"column":101}},{"start":{"line":26,"column":8},"end":{"line":26,"column":101}}],"line":26}},"s":{"0":1,"1":1,"2":1,"3":1,"4":1,"5":1,"6":6,"7":1,"8":5,"9":4,"10":4,"11":4,"12":3,"13":0,"14":0,"15":0,"16":0,"17":0,"18":3,"19":3,"20":3,"21":1,"22":2,"23":2,"24":1,"25":1},"f":{"0":6,"1":0,"2":3},"b":{"0":[1,5],"1":[4,0],"2":[0,3],"3":[0,0],"4":[1,2],"5":[1,1]},"_coverageSchema":"1a1c01bbd47fc00a2c39e90264f33305004495a9","hash":"c587a93946cc90099c87f7fde615b912bc28e312","contentHash":"37e6e40c459070d15a46f4bac2412ee7f9167fbfb947865622b1c52b6e57f424"},"/Users/mac/bootcamp/collab/skylab-bootcamp-202004/staff/sergi-ramos/coohappy/coohappy-server-logic/update-user.spec.js":{"path":"/Users/mac/bootcamp/collab/skylab-bootcamp-202004/staff/sergi-ramos/coohappy/coohappy-server-logic/update-user.spec.js","statementMap":{"0":{"start":{"line":1,"column":0},"end":{"line":1,"column":26}},"1":{"start":{"line":3,"column":51},"end":{"line":3,"column":58}},"2":{"start":{"line":5,"column":19},"end":{"line":5,"column":43}},"3":{"start":{"line":6,"column":19},"end":{"line":6,"column":23}},"4":{"start":{"line":7,"column":19},"end":{"line":7,"column":34}},"5":{"start":{"line":8,"column":39},"end":{"line":8,"column":63}},"6":{"start":{"line":9,"column":15},"end":{"line":9,"column":34}},"7":{"start":{"line":10,"column":52},"end":{"line":10,"column":79}},"8":{"start":{"line":12,"column":0},"end":{"line":132,"column":2}},"9":{"start":{"line":13,"column":4},"end":{"line":13,"column":47}},"10":{"start":{"line":13,"column":17},"end":{"line":13,"column":46}},"11":{"start":{"line":17,"column":4},"end":{"line":36,"column":5}},"12":{"start":{"line":18,"column":8},"end":{"line":35,"column":47}},"13":{"start":{"line":20,"column":16},"end":{"line":20,"column":41}},"14":{"start":{"line":21,"column":16},"end":{"line":21,"column":47}},"15":{"start":{"line":22,"column":16},"end":{"line":22,"column":48}},"16":{"start":{"line":23,"column":16},"end":{"line":23,"column":49}},"17":{"start":{"line":25,"column":16},"end":{"line":25,"column":47}},"18":{"start":{"line":26,"column":16},"end":{"line":26,"column":53}},"19":{"start":{"line":27,"column":16},"end":{"line":27,"column":49}},"20":{"start":{"line":28,"column":16},"end":{"line":28,"column":55}},"21":{"start":{"line":30,"column":16},"end":{"line":30,"column":48}},"22":{"start":{"line":32,"column":27},"end":{"line":32,"column":39}},"23":{"start":{"line":33,"column":24},"end":{"line":33,"column":77}},"24":{"start":{"line":35,"column":28},"end":{"line":35,"column":44}},"25":{"start":{"line":37,"column":4},"end":{"line":53,"column":6}},"26":{"start":{"line":39,"column":8},"end":{"line":45,"column":10}},"27":{"start":{"line":40,"column":12},"end":{"line":40,"column":91}},"28":{"start":{"line":41,"column":25},"end":{"line":41,"column":52}},"29":{"start":{"line":42,"column":26},"end":{"line":42,"column":74}},"30":{"start":{"line":43,"column":12},"end":{"line":43,"column":47}},"31":{"start":{"line":44,"column":12},"end":{"line":44,"column":40}},"32":{"start":{"line":46,"column":8},"end":{"line":52,"column":10}},"33":{"start":{"line":47,"column":12},"end":{"line":47,"column":101}},"34":{"start":{"line":48,"column":25},"end":{"line":48,"column":52}},"35":{"start":{"line":50,"column":12},"end":{"line":50,"column":53}},"36":{"start":{"line":51,"column":12},"end":{"line":51,"column":49}},"37":{"start":{"line":55,"column":4},"end":{"line":101,"column":6}},"38":{"start":{"line":57,"column":8},"end":{"line":71,"column":10}},"39":{"start":{"line":59,"column":12},"end":{"line":69,"column":13}},"40":{"start":{"line":60,"column":16},"end":{"line":60,"column":77}},"41":{"start":{"line":64,"column":29},"end":{"line":64,"column":56}},"42":{"start":{"line":65,"column":16},"end":{"line":65,"column":38}},"43":{"start":{"line":66,"column":16},"end":{"line":66,"column":78}},"44":{"start":{"line":67,"column":16},"end":{"line":67,"column":48}},"45":{"start":{"line":72,"column":8},"end":{"line":85,"column":10}},"46":{"start":{"line":74,"column":12},"end":{"line":84,"column":13}},"47":{"start":{"line":75,"column":16},"end":{"line":75,"column":108}},"48":{"start":{"line":78,"column":29},"end":{"line":78,"column":56}},"49":{"start":{"line":79,"column":16},"end":{"line":79,"column":38}},"50":{"start":{"line":80,"column":16},"end":{"line":80,"column":64}},"51":{"start":{"line":81,"column":16},"end":{"line":81,"column":54}},"52":{"start":{"line":82,"column":16},"end":{"line":82,"column":50}},"53":{"start":{"line":86,"column":8},"end":{"line":100,"column":10}},"54":{"start":{"line":88,"column":12},"end":{"line":99,"column":13}},"55":{"start":{"line":89,"column":16},"end":{"line":89,"column":82}},"56":{"start":{"line":92,"column":29},"end":{"line":92,"column":56}},"57":{"start":{"line":93,"column":16},"end":{"line":93,"column":38}},"58":{"start":{"line":94,"column":16},"end":{"line":94,"column":66}},"59":{"start":{"line":95,"column":16},"end":{"line":95,"column":72}},"60":{"start":{"line":96,"column":16},"end":{"line":96,"column":54}},"61":{"start":{"line":97,"column":16},"end":{"line":97,"column":50}},"62":{"start":{"line":102,"column":4},"end":{"line":115,"column":6}},"63":{"start":{"line":104,"column":8},"end":{"line":104,"column":43}},"64":{"start":{"line":104,"column":25},"end":{"line":104,"column":42}},"65":{"start":{"line":105,"column":8},"end":{"line":114,"column":10}},"66":{"start":{"line":106,"column":12},"end":{"line":113,"column":13}},"67":{"start":{"line":107,"column":16},"end":{"line":107,"column":95}},"68":{"start":{"line":108,"column":16},"end":{"line":108,"column":63}},"69":{"start":{"line":111,"column":16},"end":{"line":111,"column":38}},"70":{"start":{"line":112,"column":16},"end":{"line":112,"column":87}},"71":{"start":{"line":117,"column":4},"end":{"line":127,"column":6}},"72":{"start":{"line":119,"column":8},"end":{"line":126,"column":10}},"73":{"start":{"line":121,"column":12},"end":{"line":121,"column":147}},"74":{"start":{"line":121,"column":25},"end":{"line":121,"column":94}},"75":{"start":{"line":122,"column":12},"end":{"line":122,"column":140}},"76":{"start":{"line":122,"column":25},"end":{"line":122,"column":95}},"77":{"start":{"line":123,"column":12},"end":{"line":123,"column":92}},"78":{"start":{"line":123,"column":25},"end":{"line":123,"column":46}},"79":{"start":{"line":129,"column":4},"end":{"line":129,"column":51}},"80":{"start":{"line":129,"column":27},"end":{"line":129,"column":50}},"81":{"start":{"line":131,"column":4},"end":{"line":131,"column":30}}},"fnMap":{"0":{"name":"(anonymous_0)","decl":{"start":{"line":12,"column":32},"end":{"line":12,"column":33}},"loc":{"start":{"line":12,"column":38},"end":{"line":132,"column":1}},"line":12},"1":{"name":"(anonymous_1)","decl":{"start":{"line":13,"column":11},"end":{"line":13,"column":12}},"loc":{"start":{"line":13,"column":17},"end":{"line":13,"column":46}},"line":13},"2":{"name":"(anonymous_2)","decl":{"start":{"line":17,"column":15},"end":{"line":17,"column":16}},"loc":{"start":{"line":18,"column":8},"end":{"line":35,"column":47}},"line":18},"3":{"name":"(anonymous_3)","decl":{"start":{"line":19,"column":18},"end":{"line":19,"column":19}},"loc":{"start":{"line":19,"column":24},"end":{"line":31,"column":13}},"line":19},"4":{"name":"(anonymous_4)","decl":{"start":{"line":32,"column":18},"end":{"line":32,"column":19}},"loc":{"start":{"line":32,"column":27},"end":{"line":32,"column":39}},"line":32},"5":{"name":"(anonymous_5)","decl":{"start":{"line":33,"column":18},"end":{"line":33,"column":19}},"loc":{"start":{"line":33,"column":24},"end":{"line":33,"column":77}},"line":33},"6":{"name":"(anonymous_6)","decl":{"start":{"line":35,"column":18},"end":{"line":35,"column":19}},"loc":{"start":{"line":35,"column":26},"end":{"line":35,"column":46}},"line":35},"7":{"name":"(anonymous_7)","decl":{"start":{"line":37,"column":41},"end":{"line":37,"column":42}},"loc":{"start":{"line":37,"column":47},"end":{"line":53,"column":5}},"line":37},"8":{"name":"(anonymous_8)","decl":{"start":{"line":39,"column":81},"end":{"line":39,"column":82}},"loc":{"start":{"line":39,"column":93},"end":{"line":45,"column":9}},"line":39},"9":{"name":"(anonymous_9)","decl":{"start":{"line":46,"column":101},"end":{"line":46,"column":102}},"loc":{"start":{"line":46,"column":113},"end":{"line":52,"column":9}},"line":46},"10":{"name":"(anonymous_10)","decl":{"start":{"line":55,"column":44},"end":{"line":55,"column":45}},"loc":{"start":{"line":55,"column":50},"end":{"line":101,"column":5}},"line":55},"11":{"name":"(anonymous_11)","decl":{"start":{"line":57,"column":50},"end":{"line":57,"column":51}},"loc":{"start":{"line":57,"column":62},"end":{"line":71,"column":9}},"line":57},"12":{"name":"(anonymous_12)","decl":{"start":{"line":72,"column":59},"end":{"line":72,"column":60}},"loc":{"start":{"line":72,"column":71},"end":{"line":85,"column":9}},"line":72},"13":{"name":"(anonymous_13)","decl":{"start":{"line":86,"column":59},"end":{"line":86,"column":60}},"loc":{"start":{"line":86,"column":71},"end":{"line":100,"column":9}},"line":86},"14":{"name":"(anonymous_14)","decl":{"start":{"line":102,"column":42},"end":{"line":102,"column":43}},"loc":{"start":{"line":102,"column":48},"end":{"line":115,"column":5}},"line":102},"15":{"name":"(anonymous_15)","decl":{"start":{"line":104,"column":19},"end":{"line":104,"column":20}},"loc":{"start":{"line":104,"column":25},"end":{"line":104,"column":42}},"line":104},"16":{"name":"(anonymous_16)","decl":{"start":{"line":105,"column":78},"end":{"line":105,"column":79}},"loc":{"start":{"line":105,"column":90},"end":{"line":114,"column":9}},"line":105},"17":{"name":"(anonymous_17)","decl":{"start":{"line":117,"column":31},"end":{"line":117,"column":32}},"loc":{"start":{"line":117,"column":37},"end":{"line":127,"column":5}},"line":117},"18":{"name":"(anonymous_18)","decl":{"start":{"line":119,"column":37},"end":{"line":119,"column":38}},"loc":{"start":{"line":119,"column":43},"end":{"line":126,"column":9}},"line":119},"19":{"name":"(anonymous_19)","decl":{"start":{"line":121,"column":19},"end":{"line":121,"column":20}},"loc":{"start":{"line":121,"column":25},"end":{"line":121,"column":94}},"line":121},"20":{"name":"(anonymous_20)","decl":{"start":{"line":122,"column":19},"end":{"line":122,"column":20}},"loc":{"start":{"line":122,"column":25},"end":{"line":122,"column":95}},"line":122},"21":{"name":"(anonymous_21)","decl":{"start":{"line":123,"column":19},"end":{"line":123,"column":20}},"loc":{"start":{"line":123,"column":25},"end":{"line":123,"column":46}},"line":123},"22":{"name":"(anonymous_22)","decl":{"start":{"line":129,"column":15},"end":{"line":129,"column":16}},"loc":{"start":{"line":129,"column":27},"end":{"line":129,"column":50}},"line":129}},"branchMap":{},"s":{"0":1,"1":1,"2":1,"3":1,"4":1,"5":1,"6":1,"7":1,"8":1,"9":1,"10":1,"11":1,"12":7,"13":7,"14":7,"15":7,"16":7,"17":7,"18":7,"19":7,"20":7,"21":7,"22":7,"23":7,"24":7,"25":1,"26":1,"27":1,"28":1,"29":1,"30":1,"31":1,"32":1,"33":1,"34":1,"35":1,"36":1,"37":1,"38":1,"39":1,"40":1,"41":1,"42":1,"43":1,"44":1,"45":1,"46":1,"47":1,"48":1,"49":1,"50":1,"51":1,"52":1,"53":1,"54":1,"55":1,"56":1,"57":1,"58":1,"59":1,"60":1,"61":1,"62":1,"63":1,"64":1,"65":1,"66":1,"67":1,"68":0,"69":1,"70":1,"71":1,"72":1,"73":1,"74":1,"75":1,"76":1,"77":1,"78":1,"79":1,"80":7,"81":1},"f":{"0":1,"1":1,"2":7,"3":7,"4":7,"5":7,"6":7,"7":1,"8":1,"9":1,"10":1,"11":1,"12":1,"13":1,"14":1,"15":1,"16":1,"17":1,"18":1,"19":1,"20":1,"21":1,"22":7},"b":{},"_coverageSchema":"1a1c01bbd47fc00a2c39e90264f33305004495a9","hash":"0d28d1ec32b7769a5f75f8d72b75862946ddfecc","contentHash":"4336a2789e28b915dad6d29dbb5657c636ba8d5ddd7c28414c91b3b07e0dcd85"},"/Users/mac/bootcamp/collab/skylab-bootcamp-202004/staff/sergi-ramos/coohappy/coohappy-server-logic/update-user.js":{"path":"/Users/mac/bootcamp/collab/skylab-bootcamp-202004/staff/sergi-ramos/coohappy/coohappy-server-logic/update-user.js","statementMap":{"0":{"start":{"line":1,"column":0},"end":{"line":1,"column":44}},"1":{"start":{"line":2,"column":0},"end":{"line":2,"column":42}},"2":{"start":{"line":3,"column":0},"end":{"line":3,"column":44}},"3":{"start":{"line":4,"column":29},"end":{"line":4,"column":56}},"4":{"start":{"line":5,"column":59},"end":{"line":5,"column":86}},"5":{"start":{"line":6,"column":29},"end":{"line":6,"column":53}},"6":{"start":{"line":7,"column":15},"end":{"line":7,"column":34}},"7":{"start":{"line":9,"column":0},"end":{"line":43,"column":1}},"8":{"start":{"line":11,"column":4},"end":{"line":11,"column":96}},"9":{"start":{"line":11,"column":41},"end":{"line":11,"column":96}},"10":{"start":{"line":12,"column":4},"end":{"line":12,"column":35}},"11":{"start":{"line":13,"column":4},"end":{"line":17,"column":5}},"12":{"start":{"line":14,"column":8},"end":{"line":14,"column":59}},"13":{"start":{"line":16,"column":8},"end":{"line":16,"column":50}},"14":{"start":{"line":19,"column":4},"end":{"line":38,"column":8}},"15":{"start":{"line":20,"column":21},"end":{"line":20,"column":48}},"16":{"start":{"line":21,"column":8},"end":{"line":21,"column":86}},"17":{"start":{"line":21,"column":19},"end":{"line":21,"column":86}},"18":{"start":{"line":23,"column":45},"end":{"line":23,"column":57}},"19":{"start":{"line":25,"column":8},"end":{"line":28,"column":61}},"20":{"start":{"line":26,"column":26},"end":{"line":26,"column":74}},"21":{"start":{"line":27,"column":12},"end":{"line":27,"column":68}},"22":{"start":{"line":27,"column":24},"end":{"line":27,"column":68}},"23":{"start":{"line":28,"column":15},"end":{"line":28,"column":61}},"24":{"start":{"line":30,"column":8},"end":{"line":34,"column":9}},"25":{"start":{"line":31,"column":25},"end":{"line":31,"column":59}},"26":{"start":{"line":32,"column":12},"end":{"line":32,"column":40}},"27":{"start":{"line":33,"column":12},"end":{"line":33,"column":76}},"28":{"start":{"line":36,"column":8},"end":{"line":36,"column":58}},"29":{"start":{"line":37,"column":8},"end":{"line":37,"column":14}}},"fnMap":{"0":{"name":"(anonymous_0)","decl":{"start":{"line":9,"column":17},"end":{"line":9,"column":18}},"loc":{"start":{"line":9,"column":43},"end":{"line":43,"column":1}},"line":9},"1":{"name":"(anonymous_1)","decl":{"start":{"line":19,"column":12},"end":{"line":19,"column":13}},"loc":{"start":{"line":19,"column":24},"end":{"line":38,"column":5}},"line":19}},"branchMap":{"0":{"loc":{"start":{"line":11,"column":4},"end":{"line":11,"column":96}},"type":"if","locations":[{"start":{"line":11,"column":4},"end":{"line":11,"column":96}},{"start":{"line":11,"column":4},"end":{"line":11,"column":96}}],"line":11},"1":{"loc":{"start":{"line":14,"column":8},"end":{"line":14,"column":59}},"type":"binary-expr","locations":[{"start":{"line":14,"column":8},"end":{"line":14,"column":23}},{"start":{"line":14,"column":27},"end":{"line":14,"column":59}}],"line":14},"2":{"loc":{"start":{"line":21,"column":8},"end":{"line":21,"column":86}},"type":"if","locations":[{"start":{"line":21,"column":8},"end":{"line":21,"column":86}},{"start":{"line":21,"column":8},"end":{"line":21,"column":86}}],"line":21},"3":{"loc":{"start":{"line":25,"column":8},"end":{"line":28,"column":61}},"type":"if","locations":[{"start":{"line":25,"column":8},"end":{"line":28,"column":61}},{"start":{"line":25,"column":8},"end":{"line":28,"column":61}}],"line":25},"4":{"loc":{"start":{"line":27,"column":12},"end":{"line":27,"column":68}},"type":"if","locations":[{"start":{"line":27,"column":12},"end":{"line":27,"column":68}},{"start":{"line":27,"column":12},"end":{"line":27,"column":68}}],"line":27},"5":{"loc":{"start":{"line":30,"column":8},"end":{"line":34,"column":9}},"type":"if","locations":[{"start":{"line":30,"column":8},"end":{"line":34,"column":9}},{"start":{"line":30,"column":8},"end":{"line":34,"column":9}}],"line":30}},"s":{"0":1,"1":1,"2":1,"3":1,"4":1,"5":1,"6":1,"7":1,"8":9,"9":1,"10":8,"11":7,"12":16,"13":16,"14":5,"15":5,"16":5,"17":1,"18":4,"19":4,"20":3,"21":3,"22":1,"23":1,"24":2,"25":1,"26":1,"27":1,"28":2,"29":2},"f":{"0":9,"1":5},"b":{"0":[1,8],"1":[16,3],"2":[1,4],"3":[3,1],"4":[1,2],"5":[1,1]},"_coverageSchema":"1a1c01bbd47fc00a2c39e90264f33305004495a9","hash":"8da3e9a449a597bcb447e1d95e07cf6d748d2736","contentHash":"423f1ed5335324f90be639fafac8728d5ca53794a086a4a8d570e9af7bd32de6"}}