{"/Users/mac/bootcamp/collab/skylab-bootcamp-202004/staff/sergi-ramos/coohappy/coohappy-client-logic/add-date-laundry.spec.js":{"path":"/Users/mac/bootcamp/collab/skylab-bootcamp-202004/staff/sergi-ramos/coohappy/coohappy-client-logic/add-date-laundry.spec.js","statementMap":{"0":{"start":{"line":1,"column":0},"end":{"line":1,"column":26}},"1":{"start":{"line":3,"column":72},"end":{"line":3,"column":79}},"2":{"start":{"line":5,"column":19},"end":{"line":5,"column":34}},"3":{"start":{"line":6,"column":19},"end":{"line":6,"column":23}},"4":{"start":{"line":7,"column":23},"end":{"line":7,"column":52}},"5":{"start":{"line":8,"column":15},"end":{"line":8,"column":34}},"6":{"start":{"line":9,"column":40},"end":{"line":9,"column":67}},"7":{"start":{"line":10,"column":21},"end":{"line":10,"column":45}},"8":{"start":{"line":11,"column":34},"end":{"line":11,"column":61}},"9":{"start":{"line":12,"column":64},"end":{"line":12,"column":88}},"10":{"start":{"line":14,"column":20},"end":{"line":14,"column":43}},"11":{"start":{"line":15,"column":0},"end":{"line":15,"column":36}},"12":{"start":{"line":16,"column":24},"end":{"line":16,"column":52}},"13":{"start":{"line":17,"column":14},"end":{"line":17,"column":26}},"14":{"start":{"line":19,"column":0},"end":{"line":19,"column":35}},"15":{"start":{"line":20,"column":0},"end":{"line":20,"column":43}},"16":{"start":{"line":25,"column":0},"end":{"line":144,"column":2}},"17":{"start":{"line":27,"column":4},"end":{"line":27,"column":47}},"18":{"start":{"line":27,"column":17},"end":{"line":27,"column":46}},"19":{"start":{"line":29,"column":4},"end":{"line":62,"column":6}},"20":{"start":{"line":31,"column":8},"end":{"line":31,"column":31}},"21":{"start":{"line":32,"column":8},"end":{"line":32,"column":36}},"22":{"start":{"line":34,"column":8},"end":{"line":34,"column":33}},"23":{"start":{"line":35,"column":8},"end":{"line":35,"column":39}},"24":{"start":{"line":36,"column":8},"end":{"line":36,"column":40}},"25":{"start":{"line":37,"column":8},"end":{"line":37,"column":41}},"26":{"start":{"line":39,"column":8},"end":{"line":39,"column":34}},"27":{"start":{"line":40,"column":8},"end":{"line":40,"column":40}},"28":{"start":{"line":41,"column":8},"end":{"line":41,"column":41}},"29":{"start":{"line":42,"column":8},"end":{"line":42,"column":42}},"30":{"start":{"line":44,"column":8},"end":{"line":44,"column":42}},"31":{"start":{"line":45,"column":8},"end":{"line":45,"column":37}},"32":{"start":{"line":46,"column":8},"end":{"line":46,"column":25}},"33":{"start":{"line":47,"column":8},"end":{"line":47,"column":33}},"34":{"start":{"line":48,"column":8},"end":{"line":48,"column":43}},"35":{"start":{"line":49,"column":8},"end":{"line":49,"column":22}},"36":{"start":{"line":52,"column":8},"end":{"line":52,"column":46}},"37":{"start":{"line":53,"column":8},"end":{"line":53,"column":47}},"38":{"start":{"line":54,"column":21},"end":{"line":54,"column":80}},"39":{"start":{"line":55,"column":8},"end":{"line":55,"column":24}},"40":{"start":{"line":56,"column":8},"end":{"line":56,"column":101}},"41":{"start":{"line":57,"column":8},"end":{"line":57,"column":26}},"42":{"start":{"line":58,"column":22},"end":{"line":58,"column":46}},"43":{"start":{"line":59,"column":26},"end":{"line":59,"column":141}},"44":{"start":{"line":60,"column":8},"end":{"line":60,"column":67}},"45":{"start":{"line":61,"column":8},"end":{"line":61,"column":63}},"46":{"start":{"line":64,"column":4},"end":{"line":76,"column":6}},"47":{"start":{"line":66,"column":8},"end":{"line":75,"column":10}},"48":{"start":{"line":68,"column":12},"end":{"line":68,"column":42}},"49":{"start":{"line":69,"column":30},"end":{"line":69,"column":76}},"50":{"start":{"line":71,"column":12},"end":{"line":71,"column":46}},"51":{"start":{"line":72,"column":12},"end":{"line":72,"column":58}},"52":{"start":{"line":73,"column":12},"end":{"line":73,"column":59}},"53":{"start":{"line":74,"column":12},"end":{"line":74,"column":73}},"54":{"start":{"line":79,"column":4},"end":{"line":123,"column":6}},"55":{"start":{"line":81,"column":8},"end":{"line":85,"column":10}},"56":{"start":{"line":82,"column":30},"end":{"line":82,"column":76}},"57":{"start":{"line":83,"column":12},"end":{"line":83,"column":43}},"58":{"start":{"line":84,"column":12},"end":{"line":84,"column":28}},"59":{"start":{"line":87,"column":8},"end":{"line":105,"column":10}},"60":{"start":{"line":89,"column":12},"end":{"line":89,"column":50}},"61":{"start":{"line":91,"column":30},"end":{"line":91,"column":76}},"62":{"start":{"line":93,"column":12},"end":{"line":93,"column":46}},"63":{"start":{"line":94,"column":12},"end":{"line":94,"column":58}},"64":{"start":{"line":95,"column":12},"end":{"line":95,"column":59}},"65":{"start":{"line":96,"column":12},"end":{"line":96,"column":73}},"66":{"start":{"line":97,"column":12},"end":{"line":104,"column":13}},"67":{"start":{"line":98,"column":16},"end":{"line":98,"column":55}},"68":{"start":{"line":102,"column":16},"end":{"line":102,"column":38}},"69":{"start":{"line":103,"column":16},"end":{"line":103,"column":90}},"70":{"start":{"line":107,"column":8},"end":{"line":121,"column":10}},"71":{"start":{"line":109,"column":30},"end":{"line":109,"column":114}},"72":{"start":{"line":111,"column":12},"end":{"line":111,"column":50}},"73":{"start":{"line":113,"column":12},"end":{"line":120,"column":13}},"74":{"start":{"line":114,"column":16},"end":{"line":114,"column":54}},"75":{"start":{"line":118,"column":16},"end":{"line":118,"column":38}},"76":{"start":{"line":119,"column":16},"end":{"line":119,"column":97}},"77":{"start":{"line":126,"column":4},"end":{"line":134,"column":6}},"78":{"start":{"line":128,"column":8},"end":{"line":133,"column":10}},"79":{"start":{"line":130,"column":12},"end":{"line":130,"column":103}},"80":{"start":{"line":130,"column":25},"end":{"line":130,"column":53}},"81":{"start":{"line":131,"column":12},"end":{"line":131,"column":101}},"82":{"start":{"line":131,"column":25},"end":{"line":131,"column":48}},"83":{"start":{"line":137,"column":4},"end":{"line":140,"column":6}},"84":{"start":{"line":138,"column":8},"end":{"line":138,"column":25}},"85":{"start":{"line":139,"column":8},"end":{"line":139,"column":30}},"86":{"start":{"line":142,"column":4},"end":{"line":142,"column":30}}},"fnMap":{"0":{"name":"(anonymous_0)","decl":{"start":{"line":25,"column":37},"end":{"line":25,"column":38}},"loc":{"start":{"line":25,"column":43},"end":{"line":144,"column":1}},"line":25},"1":{"name":"(anonymous_1)","decl":{"start":{"line":27,"column":11},"end":{"line":27,"column":12}},"loc":{"start":{"line":27,"column":17},"end":{"line":27,"column":46}},"line":27},"2":{"name":"(anonymous_2)","decl":{"start":{"line":29,"column":15},"end":{"line":29,"column":16}},"loc":{"start":{"line":29,"column":27},"end":{"line":62,"column":5}},"line":29},"3":{"name":"(anonymous_3)","decl":{"start":{"line":64,"column":48},"end":{"line":64,"column":49}},"loc":{"start":{"line":64,"column":54},"end":{"line":76,"column":5}},"line":64},"4":{"name":"(anonymous_4)","decl":{"start":{"line":66,"column":43},"end":{"line":66,"column":44}},"loc":{"start":{"line":66,"column":55},"end":{"line":75,"column":9}},"line":66},"5":{"name":"(anonymous_5)","decl":{"start":{"line":79,"column":44},"end":{"line":79,"column":45}},"loc":{"start":{"line":79,"column":50},"end":{"line":123,"column":5}},"line":79},"6":{"name":"(anonymous_6)","decl":{"start":{"line":81,"column":19},"end":{"line":81,"column":20}},"loc":{"start":{"line":81,"column":31},"end":{"line":85,"column":9}},"line":81},"7":{"name":"(anonymous_7)","decl":{"start":{"line":87,"column":140},"end":{"line":87,"column":141}},"loc":{"start":{"line":87,"column":152},"end":{"line":105,"column":9}},"line":87},"8":{"name":"(anonymous_8)","decl":{"start":{"line":107,"column":103},"end":{"line":107,"column":104}},"loc":{"start":{"line":107,"column":115},"end":{"line":121,"column":9}},"line":107},"9":{"name":"(anonymous_9)","decl":{"start":{"line":126,"column":28},"end":{"line":126,"column":29}},"loc":{"start":{"line":126,"column":34},"end":{"line":134,"column":5}},"line":126},"10":{"name":"(anonymous_10)","decl":{"start":{"line":128,"column":36},"end":{"line":128,"column":37}},"loc":{"start":{"line":128,"column":42},"end":{"line":133,"column":9}},"line":128},"11":{"name":"(anonymous_11)","decl":{"start":{"line":130,"column":19},"end":{"line":130,"column":20}},"loc":{"start":{"line":130,"column":25},"end":{"line":130,"column":53}},"line":130},"12":{"name":"(anonymous_12)","decl":{"start":{"line":131,"column":19},"end":{"line":131,"column":20}},"loc":{"start":{"line":131,"column":25},"end":{"line":131,"column":48}},"line":131},"13":{"name":"(anonymous_13)","decl":{"start":{"line":137,"column":14},"end":{"line":137,"column":15}},"loc":{"start":{"line":137,"column":20},"end":{"line":140,"column":5}},"line":137}},"branchMap":{},"s":{"0":1,"1":1,"2":1,"3":1,"4":1,"5":1,"6":1,"7":1,"8":1,"9":1,"10":1,"11":1,"12":1,"13":1,"14":1,"15":1,"16":1,"17":1,"18":1,"19":1,"20":4,"21":4,"22":4,"23":4,"24":4,"25":4,"26":4,"27":4,"28":4,"29":4,"30":4,"31":4,"32":4,"33":4,"34":4,"35":4,"36":4,"37":4,"38":4,"39":4,"40":4,"41":4,"42":4,"43":4,"44":4,"45":4,"46":1,"47":1,"48":1,"49":1,"50":1,"51":1,"52":1,"53":1,"54":1,"55":1,"56":2,"57":2,"58":2,"59":1,"60":1,"61":1,"62":1,"63":1,"64":1,"65":1,"66":1,"67":1,"68":1,"69":1,"70":1,"71":1,"72":1,"73":1,"74":1,"75":1,"76":1,"77":1,"78":1,"79":1,"80":1,"81":1,"82":1,"83":1,"84":4,"85":4,"86":1},"f":{"0":1,"1":1,"2":4,"3":1,"4":1,"5":1,"6":2,"7":1,"8":1,"9":1,"10":1,"11":1,"12":1,"13":4},"b":{},"_coverageSchema":"1a1c01bbd47fc00a2c39e90264f33305004495a9","hash":"ef2da2ca13ad33136ce6fec8837ad0ac6cd5fc54","contentHash":"84aa77792dedd6f92135b65dacc0d84d9013fd5311edaf07b020ceda65bc1edf"},"/Users/mac/bootcamp/collab/skylab-bootcamp-202004/staff/sergi-ramos/coohappy/coohappy-client-logic/add-date-laundry.js":{"path":"/Users/mac/bootcamp/collab/skylab-bootcamp-202004/staff/sergi-ramos/coohappy/coohappy-client-logic/add-date-laundry.js","statementMap":{"0":{"start":{"line":1,"column":0},"end":{"line":1,"column":44}},"1":{"start":{"line":2,"column":35},"end":{"line":2,"column":62}},"2":{"start":{"line":3,"column":16},"end":{"line":3,"column":36}},"3":{"start":{"line":5,"column":0},"end":{"line":30,"column":15}},"4":{"start":{"line":7,"column":4},"end":{"line":7,"column":24}},"5":{"start":{"line":8,"column":4},"end":{"line":8,"column":32}},"6":{"start":{"line":10,"column":4},"end":{"line":10,"column":33}},"7":{"start":{"line":12,"column":4},"end":{"line":29,"column":8}},"8":{"start":{"line":14,"column":22},"end":{"line":14,"column":57}},"9":{"start":{"line":16,"column":25},"end":{"line":20,"column":87}},"10":{"start":{"line":22,"column":27},"end":{"line":22,"column":35}},"11":{"start":{"line":24,"column":8},"end":{"line":24,"column":34}},"12":{"start":{"line":24,"column":28},"end":{"line":24,"column":34}},"13":{"start":{"line":26,"column":26},"end":{"line":26,"column":51}},"14":{"start":{"line":28,"column":8},"end":{"line":28,"column":30}}},"fnMap":{"0":{"name":"(anonymous_0)","decl":{"start":{"line":5,"column":17},"end":{"line":5,"column":18}},"loc":{"start":{"line":5,"column":38},"end":{"line":30,"column":1}},"line":5},"1":{"name":"(anonymous_1)","decl":{"start":{"line":12,"column":12},"end":{"line":12,"column":13}},"loc":{"start":{"line":12,"column":24},"end":{"line":29,"column":5}},"line":12}},"branchMap":{"0":{"loc":{"start":{"line":24,"column":8},"end":{"line":24,"column":34}},"type":"if","locations":[{"start":{"line":24,"column":8},"end":{"line":24,"column":34}},{"start":{"line":24,"column":8},"end":{"line":24,"column":34}}],"line":24}},"s":{"0":1,"1":1,"2":1,"3":1,"4":7,"5":7,"6":6,"7":5,"8":5,"9":5,"10":5,"11":5,"12":3,"13":2,"14":2},"f":{"0":7,"1":5},"b":{"0":[3,2]},"_coverageSchema":"1a1c01bbd47fc00a2c39e90264f33305004495a9","hash":"76d884a9c4f1344cfac08645c167136392ef48b4","contentHash":"9cdc23927e96b904c193c497e362726d0a569c6a778cfb336ecc6d4f615259d4"},"/Users/mac/bootcamp/collab/skylab-bootcamp-202004/staff/sergi-ramos/coohappy/coohappy-client-logic/context.js":{"path":"/Users/mac/bootcamp/collab/skylab-bootcamp-202004/staff/sergi-ramos/coohappy/coohappy-client-logic/context.js","statementMap":{"0":{"start":{"line":1,"column":0},"end":{"line":3,"column":1}}},"fnMap":{},"branchMap":{},"s":{"0":1},"f":{},"b":{},"_coverageSchema":"1a1c01bbd47fc00a2c39e90264f33305004495a9","hash":"24462c7d07b0b944e3970a09ba6d0016aa3370ae","contentHash":"01118ba231159d63ed8b59e95c12d7d51e9d184469b282b8bb56aa86f04d62e4"},"/Users/mac/bootcamp/collab/skylab-bootcamp-202004/staff/sergi-ramos/coohappy/coohappy-client-logic/index.js":{"path":"/Users/mac/bootcamp/collab/skylab-bootcamp-202004/staff/sergi-ramos/coohappy/coohappy-client-logic/index.js","statementMap":{"0":{"start":{"line":1,"column":16},"end":{"line":1,"column":36}},"1":{"start":{"line":3,"column":0},"end":{"line":25,"column":1}},"2":{"start":{"line":5,"column":8},"end":{"line":5,"column":22}}},"fnMap":{"0":{"name":"(anonymous_0)","decl":{"start":{"line":4,"column":4},"end":{"line":4,"column":5}},"loc":{"start":{"line":4,"column":21},"end":{"line":6,"column":5}},"line":4}},"branchMap":{},"s":{"0":1,"1":1,"2":63},"f":{"0":63},"b":{},"_coverageSchema":"1a1c01bbd47fc00a2c39e90264f33305004495a9","hash":"1e7b77abd6aa7e2c343e58c06ce22dea767f6b95","contentHash":"dd6064f8e212cfd1d2352e90de6a69757bd28a35364e6de363423a996959f7d9"},"/Users/mac/bootcamp/collab/skylab-bootcamp-202004/staff/sergi-ramos/coohappy/coohappy-client-logic/authenticate-user.js":{"path":"/Users/mac/bootcamp/collab/skylab-bootcamp-202004/staff/sergi-ramos/coohappy/coohappy-client-logic/authenticate-user.js","statementMap":{"0":{"start":{"line":1,"column":0},"end":{"line":1,"column":44}},"1":{"start":{"line":2,"column":35},"end":{"line":2,"column":62}},"2":{"start":{"line":3,"column":16},"end":{"line":3,"column":36}},"3":{"start":{"line":5,"column":0},"end":{"line":27,"column":15}},"4":{"start":{"line":6,"column":4},"end":{"line":6,"column":34}},"5":{"start":{"line":7,"column":4},"end":{"line":7,"column":25}},"6":{"start":{"line":8,"column":4},"end":{"line":8,"column":55}},"7":{"start":{"line":10,"column":4},"end":{"line":26,"column":8}},"8":{"start":{"line":12,"column":20},"end":{"line":12,"column":145}},"9":{"start":{"line":13,"column":8},"end":{"line":24,"column":9}},"10":{"start":{"line":15,"column":30},"end":{"line":15,"column":50}},"11":{"start":{"line":17,"column":12},"end":{"line":17,"column":54}},"12":{"start":{"line":18,"column":12},"end":{"line":18,"column":18}},"13":{"start":{"line":21,"column":30},"end":{"line":21,"column":50}},"14":{"start":{"line":23,"column":12},"end":{"line":23,"column":34}}},"fnMap":{"0":{"name":"(anonymous_0)","decl":{"start":{"line":5,"column":17},"end":{"line":5,"column":18}},"loc":{"start":{"line":5,"column":43},"end":{"line":27,"column":1}},"line":5},"1":{"name":"(anonymous_1)","decl":{"start":{"line":10,"column":12},"end":{"line":10,"column":13}},"loc":{"start":{"line":10,"column":24},"end":{"line":26,"column":5}},"line":10}},"branchMap":{"0":{"loc":{"start":{"line":13,"column":8},"end":{"line":24,"column":9}},"type":"if","locations":[{"start":{"line":13,"column":8},"end":{"line":24,"column":9}},{"start":{"line":13,"column":8},"end":{"line":24,"column":9}}],"line":13}},"s":{"0":1,"1":1,"2":1,"3":1,"4":3,"5":3,"6":3,"7":3,"8":3,"9":3,"10":1,"11":1,"12":1,"13":2,"14":2},"f":{"0":3,"1":3},"b":{"0":[1,2]},"_coverageSchema":"1a1c01bbd47fc00a2c39e90264f33305004495a9","hash":"adef4511703c24948dcc97c5da7018dae3e062f8","contentHash":"39e644be9f0a827661010b6b374cd49a1e5f29372de56d9beb93373ae5f3467e"},"/Users/mac/bootcamp/collab/skylab-bootcamp-202004/staff/sergi-ramos/coohappy/coohappy-client-logic/register-user.js":{"path":"/Users/mac/bootcamp/collab/skylab-bootcamp-202004/staff/sergi-ramos/coohappy/coohappy-client-logic/register-user.js","statementMap":{"0":{"start":{"line":1,"column":0},"end":{"line":1,"column":44}},"1":{"start":{"line":2,"column":35},"end":{"line":2,"column":62}},"2":{"start":{"line":3,"column":16},"end":{"line":3,"column":36}},"3":{"start":{"line":5,"column":0},"end":{"line":24,"column":15}},"4":{"start":{"line":7,"column":4},"end":{"line":7,"column":33}},"5":{"start":{"line":8,"column":4},"end":{"line":8,"column":36}},"6":{"start":{"line":9,"column":4},"end":{"line":9,"column":34}},"7":{"start":{"line":10,"column":4},"end":{"line":10,"column":25}},"8":{"start":{"line":11,"column":4},"end":{"line":11,"column":55}},"9":{"start":{"line":14,"column":4},"end":{"line":23,"column":16}},"10":{"start":{"line":15,"column":20},"end":{"line":15,"column":154}},"11":{"start":{"line":18,"column":8},"end":{"line":18,"column":38}},"12":{"start":{"line":18,"column":32},"end":{"line":18,"column":38}},"13":{"start":{"line":20,"column":34},"end":{"line":20,"column":54}},"14":{"start":{"line":22,"column":16},"end":{"line":22,"column":38}}},"fnMap":{"0":{"name":"(anonymous_0)","decl":{"start":{"line":5,"column":17},"end":{"line":5,"column":18}},"loc":{"start":{"line":5,"column":75},"end":{"line":24,"column":1}},"line":5},"1":{"name":"(anonymous_1)","decl":{"start":{"line":14,"column":12},"end":{"line":14,"column":13}},"loc":{"start":{"line":14,"column":24},"end":{"line":23,"column":13}},"line":14}},"branchMap":{"0":{"loc":{"start":{"line":18,"column":8},"end":{"line":18,"column":38}},"type":"if","locations":[{"start":{"line":18,"column":8},"end":{"line":18,"column":38}},{"start":{"line":18,"column":8},"end":{"line":18,"column":38}}],"line":18}},"s":{"0":1,"1":1,"2":1,"3":1,"4":2,"5":2,"6":2,"7":2,"8":2,"9":2,"10":2,"11":2,"12":1,"13":1,"14":1},"f":{"0":2,"1":2},"b":{"0":[1,1]},"_coverageSchema":"1a1c01bbd47fc00a2c39e90264f33305004495a9","hash":"7f06b818e121648eb5ba8e53463b6cdf64ccc238","contentHash":"ba4db40bb71546875cd345c5410ba59e0b863480a7994dde7fa415139ae00cfb"},"/Users/mac/bootcamp/collab/skylab-bootcamp-202004/staff/sergi-ramos/coohappy/coohappy-client-logic/retrieve-user.js":{"path":"/Users/mac/bootcamp/collab/skylab-bootcamp-202004/staff/sergi-ramos/coohappy/coohappy-client-logic/retrieve-user.js","statementMap":{"0":{"start":{"line":1,"column":0},"end":{"line":1,"column":44}},"1":{"start":{"line":2,"column":35},"end":{"line":2,"column":62}},"2":{"start":{"line":3,"column":16},"end":{"line":3,"column":36}},"3":{"start":{"line":5,"column":0},"end":{"line":20,"column":15}},"4":{"start":{"line":8,"column":4},"end":{"line":19,"column":16}},"5":{"start":{"line":10,"column":22},"end":{"line":10,"column":57}},"6":{"start":{"line":12,"column":19},"end":{"line":12,"column":112}},"7":{"start":{"line":14,"column":16},"end":{"line":14,"column":67}},"8":{"start":{"line":14,"column":40},"end":{"line":14,"column":67}},"9":{"start":{"line":16,"column":34},"end":{"line":16,"column":54}},"10":{"start":{"line":18,"column":16},"end":{"line":18,"column":38}}},"fnMap":{"0":{"name":"(anonymous_0)","decl":{"start":{"line":5,"column":17},"end":{"line":5,"column":18}},"loc":{"start":{"line":5,"column":28},"end":{"line":20,"column":1}},"line":5},"1":{"name":"(anonymous_1)","decl":{"start":{"line":8,"column":12},"end":{"line":8,"column":13}},"loc":{"start":{"line":8,"column":24},"end":{"line":19,"column":13}},"line":8}},"branchMap":{"0":{"loc":{"start":{"line":14,"column":16},"end":{"line":14,"column":67}},"type":"if","locations":[{"start":{"line":14,"column":16},"end":{"line":14,"column":67}},{"start":{"line":14,"column":16},"end":{"line":14,"column":67}}],"line":14}},"s":{"0":1,"1":1,"2":1,"3":1,"4":2,"5":2,"6":2,"7":2,"8":1,"9":1,"10":1},"f":{"0":2,"1":2},"b":{"0":[1,1]},"_coverageSchema":"1a1c01bbd47fc00a2c39e90264f33305004495a9","hash":"da82499153d2c8414a9a98a61283f5b539bff08c","contentHash":"9337d51f6d06ee17dcaa5169e1ef04014253c0edaaa1611d3550dcf79bad5760"},"/Users/mac/bootcamp/collab/skylab-bootcamp-202004/staff/sergi-ramos/coohappy/coohappy-client-logic/register-cohousing.js":{"path":"/Users/mac/bootcamp/collab/skylab-bootcamp-202004/staff/sergi-ramos/coohappy/coohappy-client-logic/register-cohousing.js","statementMap":{"0":{"start":{"line":1,"column":0},"end":{"line":1,"column":44}},"1":{"start":{"line":2,"column":28},"end":{"line":2,"column":55}},"2":{"start":{"line":3,"column":16},"end":{"line":3,"column":36}},"3":{"start":{"line":5,"column":0},"end":{"line":35,"column":15}},"4":{"start":{"line":7,"column":4},"end":{"line":7,"column":29}},"5":{"start":{"line":8,"column":4},"end":{"line":8,"column":33}},"6":{"start":{"line":9,"column":4},"end":{"line":9,"column":35}},"7":{"start":{"line":10,"column":4},"end":{"line":10,"column":84}},"8":{"start":{"line":10,"column":36},"end":{"line":10,"column":84}},"9":{"start":{"line":11,"column":4},"end":{"line":11,"column":92}},"10":{"start":{"line":11,"column":40},"end":{"line":11,"column":92}},"11":{"start":{"line":12,"column":4},"end":{"line":12,"column":33}},"12":{"start":{"line":13,"column":4},"end":{"line":13,"column":36}},"13":{"start":{"line":18,"column":4},"end":{"line":34,"column":8}},"14":{"start":{"line":20,"column":22},"end":{"line":20,"column":57}},"15":{"start":{"line":22,"column":25},"end":{"line":26,"column":87}},"16":{"start":{"line":28,"column":25},"end":{"line":28,"column":33}},"17":{"start":{"line":29,"column":8},"end":{"line":29,"column":35}},"18":{"start":{"line":29,"column":28},"end":{"line":29,"column":35}},"19":{"start":{"line":31,"column":26},"end":{"line":31,"column":51}},"20":{"start":{"line":33,"column":8},"end":{"line":33,"column":30}}},"fnMap":{"0":{"name":"(anonymous_0)","decl":{"start":{"line":5,"column":17},"end":{"line":5,"column":18}},"loc":{"start":{"line":5,"column":79},"end":{"line":35,"column":1}},"line":5},"1":{"name":"(anonymous_1)","decl":{"start":{"line":18,"column":12},"end":{"line":18,"column":13}},"loc":{"start":{"line":18,"column":24},"end":{"line":34,"column":5}},"line":18}},"branchMap":{"0":{"loc":{"start":{"line":10,"column":4},"end":{"line":10,"column":84}},"type":"if","locations":[{"start":{"line":10,"column":4},"end":{"line":10,"column":84}},{"start":{"line":10,"column":4},"end":{"line":10,"column":84}}],"line":10},"1":{"loc":{"start":{"line":11,"column":4},"end":{"line":11,"column":92}},"type":"if","locations":[{"start":{"line":11,"column":4},"end":{"line":11,"column":92}},{"start":{"line":11,"column":4},"end":{"line":11,"column":92}}],"line":11},"2":{"loc":{"start":{"line":29,"column":8},"end":{"line":29,"column":35}},"type":"if","locations":[{"start":{"line":29,"column":8},"end":{"line":29,"column":35}},{"start":{"line":29,"column":8},"end":{"line":29,"column":35}}],"line":29}},"s":{"0":1,"1":1,"2":1,"3":1,"4":8,"5":8,"6":7,"7":6,"8":0,"9":6,"10":0,"11":6,"12":6,"13":6,"14":6,"15":6,"16":6,"17":6,"18":3,"19":3,"20":3},"f":{"0":8,"1":6},"b":{"0":[0,6],"1":[0,6],"2":[3,3]},"_coverageSchema":"1a1c01bbd47fc00a2c39e90264f33305004495a9","hash":"2ab6b3fb2e9c5c2c43f4f763976b92c62bcd7a21","contentHash":"508b88820573a7449f33ad17f5b613be785b8e6ab6590965a7ac0a010c4daed3"},"/Users/mac/bootcamp/collab/skylab-bootcamp-202004/staff/sergi-ramos/coohappy/coohappy-client-logic/update-user.js":{"path":"/Users/mac/bootcamp/collab/skylab-bootcamp-202004/staff/sergi-ramos/coohappy/coohappy-client-logic/update-user.js","statementMap":{"0":{"start":{"line":1,"column":0},"end":{"line":1,"column":44}},"1":{"start":{"line":2,"column":35},"end":{"line":2,"column":62}},"2":{"start":{"line":3,"column":16},"end":{"line":3,"column":36}},"3":{"start":{"line":5,"column":0},"end":{"line":19,"column":15}},"4":{"start":{"line":7,"column":4},"end":{"line":18,"column":16}},"5":{"start":{"line":9,"column":22},"end":{"line":9,"column":57}},"6":{"start":{"line":11,"column":19},"end":{"line":11,"column":168}},"7":{"start":{"line":13,"column":16},"end":{"line":13,"column":46}},"8":{"start":{"line":13,"column":40},"end":{"line":13,"column":46}},"9":{"start":{"line":15,"column":34},"end":{"line":15,"column":54}},"10":{"start":{"line":17,"column":16},"end":{"line":17,"column":38}}},"fnMap":{"0":{"name":"(anonymous_0)","decl":{"start":{"line":5,"column":17},"end":{"line":5,"column":18}},"loc":{"start":{"line":5,"column":40},"end":{"line":19,"column":1}},"line":5},"1":{"name":"(anonymous_1)","decl":{"start":{"line":7,"column":12},"end":{"line":7,"column":13}},"loc":{"start":{"line":7,"column":24},"end":{"line":18,"column":13}},"line":7}},"branchMap":{"0":{"loc":{"start":{"line":13,"column":16},"end":{"line":13,"column":46}},"type":"if","locations":[{"start":{"line":13,"column":16},"end":{"line":13,"column":46}},{"start":{"line":13,"column":16},"end":{"line":13,"column":46}}],"line":13}},"s":{"0":1,"1":1,"2":1,"3":1,"4":6,"5":6,"6":6,"7":6,"8":2,"9":4,"10":4},"f":{"0":6,"1":6},"b":{"0":[2,4]},"_coverageSchema":"1a1c01bbd47fc00a2c39e90264f33305004495a9","hash":"449a8d24bf12bf11f769374ea055b0fdd3e5b3d7","contentHash":"7d306fea82f6b096c53b71ef58afdbd0cbd07f3705f02530ec167dafe346df76"},"/Users/mac/bootcamp/collab/skylab-bootcamp-202004/staff/sergi-ramos/coohappy/coohappy-client-logic/retrieve-laundry.js":{"path":"/Users/mac/bootcamp/collab/skylab-bootcamp-202004/staff/sergi-ramos/coohappy/coohappy-client-logic/retrieve-laundry.js","statementMap":{"0":{"start":{"line":1,"column":0},"end":{"line":1,"column":44}},"1":{"start":{"line":2,"column":35},"end":{"line":2,"column":62}},"2":{"start":{"line":3,"column":16},"end":{"line":3,"column":36}},"3":{"start":{"line":5,"column":0},"end":{"line":22,"column":15}},"4":{"start":{"line":9,"column":2},"end":{"line":21,"column":6}},"5":{"start":{"line":11,"column":18},"end":{"line":11,"column":53}},"6":{"start":{"line":13,"column":16},"end":{"line":13,"column":129}},"7":{"start":{"line":15,"column":4},"end":{"line":15,"column":55}},"8":{"start":{"line":15,"column":28},"end":{"line":15,"column":55}},"9":{"start":{"line":17,"column":22},"end":{"line":17,"column":42}},"10":{"start":{"line":20,"column":4},"end":{"line":20,"column":26}}},"fnMap":{"0":{"name":"(anonymous_0)","decl":{"start":{"line":5,"column":17},"end":{"line":5,"column":18}},"loc":{"start":{"line":5,"column":31},"end":{"line":22,"column":1}},"line":5},"1":{"name":"(anonymous_1)","decl":{"start":{"line":9,"column":10},"end":{"line":9,"column":11}},"loc":{"start":{"line":9,"column":22},"end":{"line":21,"column":3}},"line":9}},"branchMap":{"0":{"loc":{"start":{"line":15,"column":4},"end":{"line":15,"column":55}},"type":"if","locations":[{"start":{"line":15,"column":4},"end":{"line":15,"column":55}},{"start":{"line":15,"column":4},"end":{"line":15,"column":55}}],"line":15}},"s":{"0":1,"1":1,"2":1,"3":1,"4":2,"5":2,"6":2,"7":2,"8":2,"9":0,"10":0},"f":{"0":2,"1":2},"b":{"0":[2,0]},"_coverageSchema":"1a1c01bbd47fc00a2c39e90264f33305004495a9","hash":"58a42eda7e167bddc1182e3d5f2b04274676935a","contentHash":"89ae792e4484c97dcf890e17872e5739c37ac49c5fd6f6c65d339b56e248010d"},"/Users/mac/bootcamp/collab/skylab-bootcamp-202004/staff/sergi-ramos/coohappy/coohappy-client-logic/delete-date-laundry.js":{"path":"/Users/mac/bootcamp/collab/skylab-bootcamp-202004/staff/sergi-ramos/coohappy/coohappy-client-logic/delete-date-laundry.js","statementMap":{"0":{"start":{"line":1,"column":0},"end":{"line":1,"column":44}},"1":{"start":{"line":2,"column":28},"end":{"line":2,"column":55}},"2":{"start":{"line":3,"column":16},"end":{"line":3,"column":36}},"3":{"start":{"line":5,"column":0},"end":{"line":19,"column":15}},"4":{"start":{"line":7,"column":4},"end":{"line":18,"column":8}},"5":{"start":{"line":9,"column":22},"end":{"line":9,"column":57}},"6":{"start":{"line":11,"column":20},"end":{"line":11,"column":128}},"7":{"start":{"line":13,"column":8},"end":{"line":13,"column":38}},"8":{"start":{"line":13,"column":32},"end":{"line":13,"column":38}},"9":{"start":{"line":15,"column":26},"end":{"line":15,"column":46}},"10":{"start":{"line":17,"column":8},"end":{"line":17,"column":30}}},"fnMap":{"0":{"name":"(anonymous_0)","decl":{"start":{"line":5,"column":17},"end":{"line":5,"column":18}},"loc":{"start":{"line":5,"column":28},"end":{"line":19,"column":1}},"line":5},"1":{"name":"(anonymous_1)","decl":{"start":{"line":7,"column":12},"end":{"line":7,"column":13}},"loc":{"start":{"line":7,"column":24},"end":{"line":18,"column":5}},"line":7}},"branchMap":{"0":{"loc":{"start":{"line":13,"column":8},"end":{"line":13,"column":38}},"type":"if","locations":[{"start":{"line":13,"column":8},"end":{"line":13,"column":38}},{"start":{"line":13,"column":8},"end":{"line":13,"column":38}}],"line":13}},"s":{"0":1,"1":1,"2":1,"3":1,"4":3,"5":3,"6":3,"7":3,"8":1,"9":2,"10":2},"f":{"0":3,"1":3},"b":{"0":[1,2]},"_coverageSchema":"1a1c01bbd47fc00a2c39e90264f33305004495a9","hash":"a93a9342b0cac68439a27be1cac816a006932793","contentHash":"005a68335daced0935a311ea73e2c8cbb96c007c9f8e3a2868ee1d12c201d96b"},"/Users/mac/bootcamp/collab/skylab-bootcamp-202004/staff/sergi-ramos/coohappy/coohappy-client-logic/send-message.js":{"path":"/Users/mac/bootcamp/collab/skylab-bootcamp-202004/staff/sergi-ramos/coohappy/coohappy-client-logic/send-message.js","statementMap":{"0":{"start":{"line":1,"column":0},"end":{"line":1,"column":44}},"1":{"start":{"line":2,"column":35},"end":{"line":2,"column":62}},"2":{"start":{"line":3,"column":16},"end":{"line":3,"column":36}},"3":{"start":{"line":5,"column":0},"end":{"line":25,"column":15}},"4":{"start":{"line":7,"column":4},"end":{"line":7,"column":36}},"5":{"start":{"line":8,"column":4},"end":{"line":8,"column":76}},"6":{"start":{"line":8,"column":33},"end":{"line":8,"column":76}},"7":{"start":{"line":10,"column":4},"end":{"line":24,"column":16}},"8":{"start":{"line":12,"column":22},"end":{"line":12,"column":57}},"9":{"start":{"line":14,"column":19},"end":{"line":17,"column":82}},"10":{"start":{"line":19,"column":16},"end":{"line":19,"column":46}},"11":{"start":{"line":19,"column":40},"end":{"line":19,"column":46}},"12":{"start":{"line":21,"column":34},"end":{"line":21,"column":54}},"13":{"start":{"line":23,"column":16},"end":{"line":23,"column":38}}},"fnMap":{"0":{"name":"(anonymous_0)","decl":{"start":{"line":5,"column":17},"end":{"line":5,"column":18}},"loc":{"start":{"line":5,"column":41},"end":{"line":25,"column":1}},"line":5},"1":{"name":"(anonymous_1)","decl":{"start":{"line":10,"column":12},"end":{"line":10,"column":13}},"loc":{"start":{"line":10,"column":24},"end":{"line":24,"column":13}},"line":10}},"branchMap":{"0":{"loc":{"start":{"line":8,"column":4},"end":{"line":8,"column":76}},"type":"if","locations":[{"start":{"line":8,"column":4},"end":{"line":8,"column":76}},{"start":{"line":8,"column":4},"end":{"line":8,"column":76}}],"line":8},"1":{"loc":{"start":{"line":19,"column":16},"end":{"line":19,"column":46}},"type":"if","locations":[{"start":{"line":19,"column":16},"end":{"line":19,"column":46}},{"start":{"line":19,"column":16},"end":{"line":19,"column":46}}],"line":19}},"s":{"0":1,"1":1,"2":1,"3":1,"4":4,"5":3,"6":1,"7":2,"8":2,"9":2,"10":2,"11":1,"12":1,"13":1},"f":{"0":4,"1":2},"b":{"0":[1,2],"1":[1,1]},"_coverageSchema":"1a1c01bbd47fc00a2c39e90264f33305004495a9","hash":"95501c59594eb6a4437da85354676d66ca61c31e","contentHash":"3bd458e4dfacf46fba54cd9b5eaef131351763d7c04741518e999ca6073a9613"},"/Users/mac/bootcamp/collab/skylab-bootcamp-202004/staff/sergi-ramos/coohappy/coohappy-client-logic/retrieve-messages.js":{"path":"/Users/mac/bootcamp/collab/skylab-bootcamp-202004/staff/sergi-ramos/coohappy/coohappy-client-logic/retrieve-messages.js","statementMap":{"0":{"start":{"line":1,"column":0},"end":{"line":1,"column":44}},"1":{"start":{"line":2,"column":35},"end":{"line":2,"column":62}},"2":{"start":{"line":3,"column":16},"end":{"line":3,"column":36}},"3":{"start":{"line":5,"column":0},"end":{"line":23,"column":15}},"4":{"start":{"line":10,"column":2},"end":{"line":22,"column":6}},"5":{"start":{"line":12,"column":18},"end":{"line":12,"column":53}},"6":{"start":{"line":14,"column":16},"end":{"line":14,"column":123}},"7":{"start":{"line":16,"column":4},"end":{"line":16,"column":55}},"8":{"start":{"line":16,"column":28},"end":{"line":16,"column":55}},"9":{"start":{"line":18,"column":22},"end":{"line":18,"column":42}},"10":{"start":{"line":21,"column":4},"end":{"line":21,"column":26}}},"fnMap":{"0":{"name":"(anonymous_0)","decl":{"start":{"line":5,"column":17},"end":{"line":5,"column":18}},"loc":{"start":{"line":5,"column":29},"end":{"line":23,"column":1}},"line":5},"1":{"name":"(anonymous_1)","decl":{"start":{"line":10,"column":10},"end":{"line":10,"column":11}},"loc":{"start":{"line":10,"column":22},"end":{"line":22,"column":3}},"line":10}},"branchMap":{"0":{"loc":{"start":{"line":16,"column":4},"end":{"line":16,"column":55}},"type":"if","locations":[{"start":{"line":16,"column":4},"end":{"line":16,"column":55}},{"start":{"line":16,"column":4},"end":{"line":16,"column":55}}],"line":16}},"s":{"0":1,"1":1,"2":1,"3":1,"4":2,"5":2,"6":2,"7":2,"8":1,"9":1,"10":1},"f":{"0":2,"1":2},"b":{"0":[1,1]},"_coverageSchema":"1a1c01bbd47fc00a2c39e90264f33305004495a9","hash":"01dfe31fcf5e4f635ed8170e6f6f9831dc6ac8b5","contentHash":"f7e5afeefdb4e9c9b1d36852fc646b7add559cb67c91077ce4aefd6debe68fc6"},"/Users/mac/bootcamp/collab/skylab-bootcamp-202004/staff/sergi-ramos/coohappy/coohappy-client-logic/add-food.js":{"path":"/Users/mac/bootcamp/collab/skylab-bootcamp-202004/staff/sergi-ramos/coohappy/coohappy-client-logic/add-food.js","statementMap":{"0":{"start":{"line":1,"column":0},"end":{"line":1,"column":44}},"1":{"start":{"line":2,"column":35},"end":{"line":2,"column":62}},"2":{"start":{"line":3,"column":16},"end":{"line":3,"column":36}},"3":{"start":{"line":5,"column":0},"end":{"line":25,"column":15}},"4":{"start":{"line":7,"column":4},"end":{"line":7,"column":37}},"5":{"start":{"line":9,"column":4},"end":{"line":24,"column":8}},"6":{"start":{"line":10,"column":22},"end":{"line":10,"column":57}},"7":{"start":{"line":12,"column":25},"end":{"line":16,"column":87}},"8":{"start":{"line":18,"column":27},"end":{"line":18,"column":35}},"9":{"start":{"line":19,"column":8},"end":{"line":19,"column":34}},"10":{"start":{"line":19,"column":28},"end":{"line":19,"column":34}},"11":{"start":{"line":21,"column":26},"end":{"line":21,"column":51}},"12":{"start":{"line":23,"column":8},"end":{"line":23,"column":30}}},"fnMap":{"0":{"name":"(anonymous_0)","decl":{"start":{"line":5,"column":17},"end":{"line":5,"column":18}},"loc":{"start":{"line":5,"column":36},"end":{"line":25,"column":1}},"line":5},"1":{"name":"(anonymous_1)","decl":{"start":{"line":9,"column":12},"end":{"line":9,"column":13}},"loc":{"start":{"line":9,"column":24},"end":{"line":24,"column":5}},"line":9}},"branchMap":{"0":{"loc":{"start":{"line":19,"column":8},"end":{"line":19,"column":34}},"type":"if","locations":[{"start":{"line":19,"column":8},"end":{"line":19,"column":34}},{"start":{"line":19,"column":8},"end":{"line":19,"column":34}}],"line":19}},"s":{"0":1,"1":1,"2":1,"3":1,"4":8,"5":7,"6":7,"7":7,"8":7,"9":7,"10":7,"11":0,"12":0},"f":{"0":8,"1":7},"b":{"0":[7,0]},"_coverageSchema":"1a1c01bbd47fc00a2c39e90264f33305004495a9","hash":"13768d9599d96b52907d7df8a3dd2d0c43d3d072","contentHash":"a422ff256a70e87b69eb35cba669a9f2884af10bcd3087beee88488fff298e47"},"/Users/mac/bootcamp/collab/skylab-bootcamp-202004/staff/sergi-ramos/coohappy/coohappy-client-logic/substract-food.js":{"path":"/Users/mac/bootcamp/collab/skylab-bootcamp-202004/staff/sergi-ramos/coohappy/coohappy-client-logic/substract-food.js","statementMap":{"0":{"start":{"line":1,"column":0},"end":{"line":1,"column":44}},"1":{"start":{"line":2,"column":35},"end":{"line":2,"column":62}},"2":{"start":{"line":3,"column":16},"end":{"line":3,"column":36}},"3":{"start":{"line":5,"column":0},"end":{"line":26,"column":15}},"4":{"start":{"line":7,"column":4},"end":{"line":7,"column":37}},"5":{"start":{"line":9,"column":4},"end":{"line":25,"column":8}},"6":{"start":{"line":11,"column":22},"end":{"line":11,"column":57}},"7":{"start":{"line":13,"column":25},"end":{"line":17,"column":87}},"8":{"start":{"line":19,"column":27},"end":{"line":19,"column":35}},"9":{"start":{"line":20,"column":8},"end":{"line":20,"column":34}},"10":{"start":{"line":20,"column":28},"end":{"line":20,"column":34}},"11":{"start":{"line":22,"column":26},"end":{"line":22,"column":51}},"12":{"start":{"line":24,"column":8},"end":{"line":24,"column":30}}},"fnMap":{"0":{"name":"(anonymous_0)","decl":{"start":{"line":5,"column":17},"end":{"line":5,"column":18}},"loc":{"start":{"line":5,"column":36},"end":{"line":26,"column":1}},"line":5},"1":{"name":"(anonymous_1)","decl":{"start":{"line":9,"column":12},"end":{"line":9,"column":13}},"loc":{"start":{"line":9,"column":24},"end":{"line":25,"column":5}},"line":9}},"branchMap":{"0":{"loc":{"start":{"line":20,"column":8},"end":{"line":20,"column":34}},"type":"if","locations":[{"start":{"line":20,"column":8},"end":{"line":20,"column":34}},{"start":{"line":20,"column":8},"end":{"line":20,"column":34}}],"line":20}},"s":{"0":1,"1":1,"2":1,"3":1,"4":7,"5":6,"6":6,"7":6,"8":6,"9":6,"10":5,"11":1,"12":1},"f":{"0":7,"1":6},"b":{"0":[5,1]},"_coverageSchema":"1a1c01bbd47fc00a2c39e90264f33305004495a9","hash":"698ac73113bc3749c14b8aba528cbfdca48f3cb1","contentHash":"139cfb797a42f8d8f45fafa92287bcee8b7fe0fb89faf7a1ede5069521060c5a"},"/Users/mac/bootcamp/collab/skylab-bootcamp-202004/staff/sergi-ramos/coohappy/coohappy-client-logic/retrieve-user-food-list.js":{"path":"/Users/mac/bootcamp/collab/skylab-bootcamp-202004/staff/sergi-ramos/coohappy/coohappy-client-logic/retrieve-user-food-list.js","statementMap":{"0":{"start":{"line":1,"column":0},"end":{"line":1,"column":44}},"1":{"start":{"line":2,"column":35},"end":{"line":2,"column":62}},"2":{"start":{"line":3,"column":16},"end":{"line":3,"column":36}},"3":{"start":{"line":5,"column":0},"end":{"line":21,"column":15}},"4":{"start":{"line":8,"column":2},"end":{"line":20,"column":6}},"5":{"start":{"line":10,"column":18},"end":{"line":10,"column":53}},"6":{"start":{"line":12,"column":16},"end":{"line":12,"column":113}},"7":{"start":{"line":14,"column":4},"end":{"line":14,"column":55}},"8":{"start":{"line":14,"column":28},"end":{"line":14,"column":55}},"9":{"start":{"line":16,"column":22},"end":{"line":16,"column":42}},"10":{"start":{"line":19,"column":4},"end":{"line":19,"column":26}}},"fnMap":{"0":{"name":"(anonymous_0)","decl":{"start":{"line":5,"column":17},"end":{"line":5,"column":18}},"loc":{"start":{"line":5,"column":28},"end":{"line":21,"column":1}},"line":5},"1":{"name":"(anonymous_1)","decl":{"start":{"line":8,"column":10},"end":{"line":8,"column":11}},"loc":{"start":{"line":8,"column":22},"end":{"line":20,"column":3}},"line":8}},"branchMap":{"0":{"loc":{"start":{"line":14,"column":4},"end":{"line":14,"column":55}},"type":"if","locations":[{"start":{"line":14,"column":4},"end":{"line":14,"column":55}},{"start":{"line":14,"column":4},"end":{"line":14,"column":55}}],"line":14}},"s":{"0":1,"1":1,"2":1,"3":1,"4":4,"5":4,"6":4,"7":4,"8":4,"9":0,"10":0},"f":{"0":4,"1":4},"b":{"0":[4,0]},"_coverageSchema":"1a1c01bbd47fc00a2c39e90264f33305004495a9","hash":"8df892281820dd79a1e77e1768e8014c106d9dfc","contentHash":"a4ba00143f14cc7cf76ce0bf5f470d69a67083d73623fdbed31c20746705c4d0"},"/Users/mac/bootcamp/collab/skylab-bootcamp-202004/staff/sergi-ramos/coohappy/coohappy-client-logic/retrieve-cohousing.js":{"path":"/Users/mac/bootcamp/collab/skylab-bootcamp-202004/staff/sergi-ramos/coohappy/coohappy-client-logic/retrieve-cohousing.js","statementMap":{"0":{"start":{"line":1,"column":0},"end":{"line":1,"column":44}},"1":{"start":{"line":2,"column":28},"end":{"line":2,"column":55}},"2":{"start":{"line":3,"column":16},"end":{"line":3,"column":36}},"3":{"start":{"line":5,"column":0},"end":{"line":21,"column":15}},"4":{"start":{"line":9,"column":4},"end":{"line":20,"column":16}},"5":{"start":{"line":11,"column":22},"end":{"line":11,"column":57}},"6":{"start":{"line":13,"column":19},"end":{"line":13,"column":116}},"7":{"start":{"line":15,"column":16},"end":{"line":15,"column":67}},"8":{"start":{"line":15,"column":40},"end":{"line":15,"column":67}},"9":{"start":{"line":17,"column":34},"end":{"line":17,"column":54}},"10":{"start":{"line":19,"column":16},"end":{"line":19,"column":38}}},"fnMap":{"0":{"name":"(anonymous_0)","decl":{"start":{"line":5,"column":17},"end":{"line":5,"column":18}},"loc":{"start":{"line":5,"column":28},"end":{"line":21,"column":1}},"line":5},"1":{"name":"(anonymous_1)","decl":{"start":{"line":9,"column":12},"end":{"line":9,"column":13}},"loc":{"start":{"line":9,"column":24},"end":{"line":20,"column":13}},"line":9}},"branchMap":{"0":{"loc":{"start":{"line":15,"column":16},"end":{"line":15,"column":67}},"type":"if","locations":[{"start":{"line":15,"column":16},"end":{"line":15,"column":67}},{"start":{"line":15,"column":16},"end":{"line":15,"column":67}}],"line":15}},"s":{"0":1,"1":1,"2":1,"3":1,"4":2,"5":2,"6":2,"7":2,"8":1,"9":1,"10":1},"f":{"0":2,"1":2},"b":{"0":[1,1]},"_coverageSchema":"1a1c01bbd47fc00a2c39e90264f33305004495a9","hash":"7dda0d797fa3a844986404847d84d17d00750363","contentHash":"179e85584d501efebff5f900b6139e7914dd463931d08c5c625c9ccd34078ce3"},"/Users/mac/bootcamp/collab/skylab-bootcamp-202004/staff/sergi-ramos/coohappy/coohappy-client-logic/update-cohousing.js":{"path":"/Users/mac/bootcamp/collab/skylab-bootcamp-202004/staff/sergi-ramos/coohappy/coohappy-client-logic/update-cohousing.js","statementMap":{"0":{"start":{"line":1,"column":0},"end":{"line":1,"column":44}},"1":{"start":{"line":2,"column":28},"end":{"line":2,"column":55}},"2":{"start":{"line":3,"column":16},"end":{"line":3,"column":36}},"3":{"start":{"line":5,"column":0},"end":{"line":20,"column":15}},"4":{"start":{"line":8,"column":4},"end":{"line":19,"column":16}},"5":{"start":{"line":10,"column":22},"end":{"line":10,"column":57}},"6":{"start":{"line":12,"column":19},"end":{"line":12,"column":173}},"7":{"start":{"line":14,"column":16},"end":{"line":14,"column":46}},"8":{"start":{"line":14,"column":40},"end":{"line":14,"column":46}},"9":{"start":{"line":16,"column":34},"end":{"line":16,"column":54}},"10":{"start":{"line":18,"column":16},"end":{"line":18,"column":38}}},"fnMap":{"0":{"name":"(anonymous_0)","decl":{"start":{"line":5,"column":17},"end":{"line":5,"column":18}},"loc":{"start":{"line":5,"column":40},"end":{"line":20,"column":1}},"line":5},"1":{"name":"(anonymous_1)","decl":{"start":{"line":8,"column":12},"end":{"line":8,"column":13}},"loc":{"start":{"line":8,"column":24},"end":{"line":19,"column":13}},"line":8}},"branchMap":{"0":{"loc":{"start":{"line":14,"column":16},"end":{"line":14,"column":46}},"type":"if","locations":[{"start":{"line":14,"column":16},"end":{"line":14,"column":46}},{"start":{"line":14,"column":16},"end":{"line":14,"column":46}}],"line":14}},"s":{"0":1,"1":1,"2":1,"3":1,"4":4,"5":4,"6":4,"7":4,"8":1,"9":3,"10":3},"f":{"0":4,"1":4},"b":{"0":[1,3]},"_coverageSchema":"1a1c01bbd47fc00a2c39e90264f33305004495a9","hash":"795d61bb92b18a6d5f7b7011455fa6ac233abadc","contentHash":"20dcdda0eae8f14fe0dbd5e067a7221c647619a92586351a1224f82ebd799f77"},"/Users/mac/bootcamp/collab/skylab-bootcamp-202004/staff/sergi-ramos/coohappy/coohappy-client-logic/retrieve-all-users-food-list.js":{"path":"/Users/mac/bootcamp/collab/skylab-bootcamp-202004/staff/sergi-ramos/coohappy/coohappy-client-logic/retrieve-all-users-food-list.js","statementMap":{"0":{"start":{"line":1,"column":0},"end":{"line":1,"column":44}},"1":{"start":{"line":2,"column":28},"end":{"line":2,"column":55}},"2":{"start":{"line":3,"column":16},"end":{"line":3,"column":36}},"3":{"start":{"line":5,"column":0},"end":{"line":21,"column":15}},"4":{"start":{"line":9,"column":4},"end":{"line":20,"column":16}},"5":{"start":{"line":11,"column":22},"end":{"line":11,"column":57}},"6":{"start":{"line":13,"column":19},"end":{"line":13,"column":121}},"7":{"start":{"line":15,"column":16},"end":{"line":15,"column":67}},"8":{"start":{"line":15,"column":40},"end":{"line":15,"column":67}},"9":{"start":{"line":17,"column":34},"end":{"line":17,"column":54}},"10":{"start":{"line":19,"column":16},"end":{"line":19,"column":38}}},"fnMap":{"0":{"name":"(anonymous_0)","decl":{"start":{"line":5,"column":17},"end":{"line":5,"column":18}},"loc":{"start":{"line":5,"column":28},"end":{"line":21,"column":1}},"line":5},"1":{"name":"(anonymous_1)","decl":{"start":{"line":9,"column":12},"end":{"line":9,"column":13}},"loc":{"start":{"line":9,"column":24},"end":{"line":20,"column":13}},"line":9}},"branchMap":{"0":{"loc":{"start":{"line":15,"column":16},"end":{"line":15,"column":67}},"type":"if","locations":[{"start":{"line":15,"column":16},"end":{"line":15,"column":67}},{"start":{"line":15,"column":16},"end":{"line":15,"column":67}}],"line":15}},"s":{"0":1,"1":1,"2":1,"3":1,"4":0,"5":0,"6":0,"7":0,"8":0,"9":0,"10":0},"f":{"0":0,"1":0},"b":{"0":[0,0]},"_coverageSchema":"1a1c01bbd47fc00a2c39e90264f33305004495a9","hash":"d51e16ba39f590109f210a31f1009dc0b4306e9e","contentHash":"f78c5ed7303d2781e5bb9e20be5a9e480949043e2015173d2b50f2fa42233984"},"/Users/mac/bootcamp/collab/skylab-bootcamp-202004/staff/sergi-ramos/coohappy/coohappy-client-logic/send-food-list.js":{"path":"/Users/mac/bootcamp/collab/skylab-bootcamp-202004/staff/sergi-ramos/coohappy/coohappy-client-logic/send-food-list.js","statementMap":{"0":{"start":{"line":1,"column":0},"end":{"line":1,"column":44}},"1":{"start":{"line":2,"column":35},"end":{"line":2,"column":62}},"2":{"start":{"line":3,"column":16},"end":{"line":3,"column":36}},"3":{"start":{"line":5,"column":0},"end":{"line":30,"column":15}},"4":{"start":{"line":7,"column":25},"end":{"line":7,"column":32}},"5":{"start":{"line":8,"column":15},"end":{"line":8,"column":35}},"6":{"start":{"line":9,"column":4},"end":{"line":11,"column":5}},"7":{"start":{"line":10,"column":8},"end":{"line":10,"column":58}},"8":{"start":{"line":13,"column":4},"end":{"line":13,"column":34}},"9":{"start":{"line":14,"column":4},"end":{"line":14,"column":25}},"10":{"start":{"line":16,"column":4},"end":{"line":29,"column":8}},"11":{"start":{"line":18,"column":22},"end":{"line":18,"column":57}},"12":{"start":{"line":19,"column":20},"end":{"line":22,"column":87}},"13":{"start":{"line":24,"column":8},"end":{"line":24,"column":38}},"14":{"start":{"line":24,"column":32},"end":{"line":24,"column":38}},"15":{"start":{"line":26,"column":26},"end":{"line":26,"column":46}},"16":{"start":{"line":28,"column":8},"end":{"line":28,"column":30}}},"fnMap":{"0":{"name":"(anonymous_0)","decl":{"start":{"line":5,"column":17},"end":{"line":5,"column":18}},"loc":{"start":{"line":5,"column":43},"end":{"line":30,"column":1}},"line":5},"1":{"name":"(anonymous_1)","decl":{"start":{"line":9,"column":21},"end":{"line":9,"column":22}},"loc":{"start":{"line":10,"column":8},"end":{"line":10,"column":58}},"line":10},"2":{"name":"(anonymous_2)","decl":{"start":{"line":16,"column":12},"end":{"line":16,"column":13}},"loc":{"start":{"line":16,"column":24},"end":{"line":29,"column":5}},"line":16}},"branchMap":{"0":{"loc":{"start":{"line":24,"column":8},"end":{"line":24,"column":38}},"type":"if","locations":[{"start":{"line":24,"column":8},"end":{"line":24,"column":38}},{"start":{"line":24,"column":8},"end":{"line":24,"column":38}}],"line":24}},"s":{"0":1,"1":1,"2":1,"3":1,"4":0,"5":0,"6":0,"7":0,"8":0,"9":0,"10":0,"11":0,"12":0,"13":0,"14":0,"15":0,"16":0},"f":{"0":0,"1":0,"2":0},"b":{"0":[0,0]},"_coverageSchema":"1a1c01bbd47fc00a2c39e90264f33305004495a9","hash":"2158d46ab086e3d157a9be2c530c8a495518ed6a","contentHash":"458776421cafa7abf9194f450c63815dc212cb100440a3bdca7265c73d13c52a"},"/Users/mac/bootcamp/collab/skylab-bootcamp-202004/staff/sergi-ramos/coohappy/coohappy-client-logic/join-community.js":{"path":"/Users/mac/bootcamp/collab/skylab-bootcamp-202004/staff/sergi-ramos/coohappy/coohappy-client-logic/join-community.js","statementMap":{"0":{"start":{"line":1,"column":0},"end":{"line":1,"column":44}},"1":{"start":{"line":2,"column":35},"end":{"line":2,"column":62}},"2":{"start":{"line":3,"column":16},"end":{"line":3,"column":36}},"3":{"start":{"line":5,"column":0},"end":{"line":22,"column":15}},"4":{"start":{"line":7,"column":4},"end":{"line":7,"column":39}},"5":{"start":{"line":10,"column":4},"end":{"line":21,"column":16}},"6":{"start":{"line":11,"column":22},"end":{"line":11,"column":57}},"7":{"start":{"line":13,"column":20},"end":{"line":13,"column":179}},"8":{"start":{"line":16,"column":8},"end":{"line":16,"column":38}},"9":{"start":{"line":16,"column":32},"end":{"line":16,"column":38}},"10":{"start":{"line":18,"column":34},"end":{"line":18,"column":54}},"11":{"start":{"line":20,"column":16},"end":{"line":20,"column":38}}},"fnMap":{"0":{"name":"(anonymous_0)","decl":{"start":{"line":5,"column":17},"end":{"line":5,"column":18}},"loc":{"start":{"line":5,"column":38},"end":{"line":22,"column":1}},"line":5},"1":{"name":"(anonymous_1)","decl":{"start":{"line":10,"column":12},"end":{"line":10,"column":13}},"loc":{"start":{"line":10,"column":24},"end":{"line":21,"column":13}},"line":10}},"branchMap":{"0":{"loc":{"start":{"line":16,"column":8},"end":{"line":16,"column":38}},"type":"if","locations":[{"start":{"line":16,"column":8},"end":{"line":16,"column":38}},{"start":{"line":16,"column":8},"end":{"line":16,"column":38}}],"line":16}},"s":{"0":1,"1":1,"2":1,"3":1,"4":5,"5":4,"6":4,"7":4,"8":4,"9":1,"10":3,"11":3},"f":{"0":5,"1":4},"b":{"0":[1,3]},"_coverageSchema":"1a1c01bbd47fc00a2c39e90264f33305004495a9","hash":"047a7dd58372ee7e29b18c8404df56124a73d68e","contentHash":"406b4fd8afb0231eb2b9b93aa74afc43946e41c2c7323eff9c058de46b9a6b62"},"/Users/mac/bootcamp/collab/skylab-bootcamp-202004/staff/sergi-ramos/coohappy/coohappy-client-logic/add-food.spec.js":{"path":"/Users/mac/bootcamp/collab/skylab-bootcamp-202004/staff/sergi-ramos/coohappy/coohappy-client-logic/add-food.spec.js","statementMap":{"0":{"start":{"line":1,"column":0},"end":{"line":1,"column":26}},"1":{"start":{"line":3,"column":63},"end":{"line":3,"column":70}},"2":{"start":{"line":5,"column":19},"end":{"line":5,"column":34}},"3":{"start":{"line":6,"column":19},"end":{"line":6,"column":23}},"4":{"start":{"line":7,"column":16},"end":{"line":7,"column":37}},"5":{"start":{"line":8,"column":15},"end":{"line":8,"column":34}},"6":{"start":{"line":9,"column":40},"end":{"line":9,"column":67}},"7":{"start":{"line":12,"column":20},"end":{"line":12,"column":43}},"8":{"start":{"line":13,"column":0},"end":{"line":13,"column":36}},"9":{"start":{"line":14,"column":24},"end":{"line":14,"column":52}},"10":{"start":{"line":15,"column":14},"end":{"line":15,"column":26}},"11":{"start":{"line":16,"column":13},"end":{"line":16,"column":28}},"12":{"start":{"line":18,"column":21},"end":{"line":18,"column":45}},"13":{"start":{"line":19,"column":34},"end":{"line":19,"column":61}},"14":{"start":{"line":20,"column":64},"end":{"line":20,"column":88}},"15":{"start":{"line":24,"column":0},"end":{"line":150,"column":2}},"16":{"start":{"line":26,"column":4},"end":{"line":26,"column":47}},"17":{"start":{"line":26,"column":17},"end":{"line":26,"column":46}},"18":{"start":{"line":28,"column":4},"end":{"line":56,"column":6}},"19":{"start":{"line":30,"column":8},"end":{"line":30,"column":31}},"20":{"start":{"line":31,"column":8},"end":{"line":31,"column":36}},"21":{"start":{"line":33,"column":8},"end":{"line":33,"column":33}},"22":{"start":{"line":34,"column":8},"end":{"line":34,"column":39}},"23":{"start":{"line":35,"column":8},"end":{"line":35,"column":40}},"24":{"start":{"line":36,"column":8},"end":{"line":36,"column":41}},"25":{"start":{"line":38,"column":8},"end":{"line":38,"column":42}},"26":{"start":{"line":39,"column":8},"end":{"line":39,"column":37}},"27":{"start":{"line":40,"column":8},"end":{"line":40,"column":25}},"28":{"start":{"line":41,"column":8},"end":{"line":41,"column":33}},"29":{"start":{"line":42,"column":8},"end":{"line":42,"column":43}},"30":{"start":{"line":43,"column":8},"end":{"line":43,"column":22}},"31":{"start":{"line":45,"column":8},"end":{"line":45,"column":38}},"32":{"start":{"line":46,"column":8},"end":{"line":46,"column":40}},"33":{"start":{"line":49,"column":8},"end":{"line":49,"column":46}},"34":{"start":{"line":50,"column":21},"end":{"line":50,"column":80}},"35":{"start":{"line":51,"column":8},"end":{"line":51,"column":24}},"36":{"start":{"line":52,"column":22},"end":{"line":52,"column":46}},"37":{"start":{"line":53,"column":8},"end":{"line":53,"column":123}},"38":{"start":{"line":54,"column":8},"end":{"line":54,"column":67}},"39":{"start":{"line":55,"column":8},"end":{"line":55,"column":63}},"40":{"start":{"line":58,"column":4},"end":{"line":72,"column":6}},"41":{"start":{"line":60,"column":8},"end":{"line":71,"column":10}},"42":{"start":{"line":62,"column":12},"end":{"line":62,"column":35}},"43":{"start":{"line":63,"column":30},"end":{"line":63,"column":74}},"44":{"start":{"line":64,"column":25},"end":{"line":64,"column":52}},"45":{"start":{"line":65,"column":12},"end":{"line":65,"column":42}},"46":{"start":{"line":66,"column":12},"end":{"line":66,"column":60}},"47":{"start":{"line":67,"column":12},"end":{"line":67,"column":57}},"48":{"start":{"line":68,"column":12},"end":{"line":68,"column":47}},"49":{"start":{"line":69,"column":12},"end":{"line":69,"column":65}},"50":{"start":{"line":70,"column":12},"end":{"line":70,"column":62}},"51":{"start":{"line":74,"column":4},"end":{"line":98,"column":6}},"52":{"start":{"line":76,"column":8},"end":{"line":78,"column":10}},"53":{"start":{"line":77,"column":12},"end":{"line":77,"column":35}},"54":{"start":{"line":80,"column":8},"end":{"line":97,"column":10}},"55":{"start":{"line":82,"column":12},"end":{"line":82,"column":37}},"56":{"start":{"line":83,"column":30},"end":{"line":83,"column":74}},"57":{"start":{"line":84,"column":25},"end":{"line":84,"column":52}},"58":{"start":{"line":85,"column":12},"end":{"line":85,"column":42}},"59":{"start":{"line":86,"column":12},"end":{"line":86,"column":60}},"60":{"start":{"line":87,"column":12},"end":{"line":87,"column":57}},"61":{"start":{"line":88,"column":12},"end":{"line":88,"column":42}},"62":{"start":{"line":89,"column":12},"end":{"line":89,"column":62}},"63":{"start":{"line":90,"column":12},"end":{"line":90,"column":57}},"64":{"start":{"line":91,"column":12},"end":{"line":91,"column":47}},"65":{"start":{"line":92,"column":12},"end":{"line":92,"column":67}},"66":{"start":{"line":93,"column":12},"end":{"line":93,"column":62}},"67":{"start":{"line":94,"column":12},"end":{"line":94,"column":47}},"68":{"start":{"line":95,"column":12},"end":{"line":95,"column":65}},"69":{"start":{"line":96,"column":12},"end":{"line":96,"column":62}},"70":{"start":{"line":100,"column":4},"end":{"line":134,"column":6}},"71":{"start":{"line":102,"column":8},"end":{"line":104,"column":10}},"72":{"start":{"line":103,"column":12},"end":{"line":103,"column":35}},"73":{"start":{"line":106,"column":8},"end":{"line":117,"column":10}},"74":{"start":{"line":108,"column":12},"end":{"line":108,"column":35}},"75":{"start":{"line":109,"column":30},"end":{"line":109,"column":74}},"76":{"start":{"line":110,"column":25},"end":{"line":110,"column":52}},"77":{"start":{"line":111,"column":12},"end":{"line":111,"column":42}},"78":{"start":{"line":112,"column":12},"end":{"line":112,"column":60}},"79":{"start":{"line":113,"column":12},"end":{"line":113,"column":55}},"80":{"start":{"line":114,"column":12},"end":{"line":114,"column":47}},"81":{"start":{"line":115,"column":12},"end":{"line":115,"column":65}},"82":{"start":{"line":116,"column":12},"end":{"line":116,"column":60}},"83":{"start":{"line":118,"column":8},"end":{"line":133,"column":10}},"84":{"start":{"line":120,"column":12},"end":{"line":120,"column":37}},"85":{"start":{"line":121,"column":30},"end":{"line":121,"column":74}},"86":{"start":{"line":122,"column":25},"end":{"line":122,"column":52}},"87":{"start":{"line":123,"column":12},"end":{"line":123,"column":42}},"88":{"start":{"line":124,"column":12},"end":{"line":124,"column":60}},"89":{"start":{"line":125,"column":12},"end":{"line":125,"column":57}},"90":{"start":{"line":126,"column":12},"end":{"line":126,"column":62}},"91":{"start":{"line":127,"column":12},"end":{"line":127,"column":57}},"92":{"start":{"line":128,"column":12},"end":{"line":128,"column":47}},"93":{"start":{"line":129,"column":12},"end":{"line":129,"column":65}},"94":{"start":{"line":130,"column":12},"end":{"line":130,"column":62}},"95":{"start":{"line":131,"column":12},"end":{"line":131,"column":67}},"96":{"start":{"line":132,"column":12},"end":{"line":132,"column":62}},"97":{"start":{"line":136,"column":4},"end":{"line":143,"column":6}},"98":{"start":{"line":138,"column":8},"end":{"line":142,"column":10}},"99":{"start":{"line":140,"column":12},"end":{"line":140,"column":83}},"100":{"start":{"line":140,"column":25},"end":{"line":140,"column":38}},"101":{"start":{"line":146,"column":4},"end":{"line":146,"column":38}},"102":{"start":{"line":146,"column":20},"end":{"line":146,"column":37}},"103":{"start":{"line":148,"column":4},"end":{"line":148,"column":30}}},"fnMap":{"0":{"name":"(anonymous_0)","decl":{"start":{"line":24,"column":29},"end":{"line":24,"column":30}},"loc":{"start":{"line":24,"column":35},"end":{"line":150,"column":1}},"line":24},"1":{"name":"(anonymous_1)","decl":{"start":{"line":26,"column":11},"end":{"line":26,"column":12}},"loc":{"start":{"line":26,"column":17},"end":{"line":26,"column":46}},"line":26},"2":{"name":"(anonymous_2)","decl":{"start":{"line":28,"column":15},"end":{"line":28,"column":16}},"loc":{"start":{"line":28,"column":27},"end":{"line":56,"column":5}},"line":28},"3":{"name":"(anonymous_3)","decl":{"start":{"line":58,"column":64},"end":{"line":58,"column":65}},"loc":{"start":{"line":58,"column":70},"end":{"line":72,"column":5}},"line":58},"4":{"name":"(anonymous_4)","decl":{"start":{"line":60,"column":50},"end":{"line":60,"column":51}},"loc":{"start":{"line":60,"column":62},"end":{"line":71,"column":9}},"line":60},"5":{"name":"(anonymous_5)","decl":{"start":{"line":74,"column":80},"end":{"line":74,"column":81}},"loc":{"start":{"line":74,"column":86},"end":{"line":98,"column":5}},"line":74},"6":{"name":"(anonymous_6)","decl":{"start":{"line":76,"column":19},"end":{"line":76,"column":20}},"loc":{"start":{"line":76,"column":31},"end":{"line":78,"column":9}},"line":76},"7":{"name":"(anonymous_7)","decl":{"start":{"line":80,"column":50},"end":{"line":80,"column":51}},"loc":{"start":{"line":80,"column":62},"end":{"line":97,"column":9}},"line":80},"8":{"name":"(anonymous_8)","decl":{"start":{"line":100,"column":69},"end":{"line":100,"column":70}},"loc":{"start":{"line":100,"column":75},"end":{"line":134,"column":5}},"line":100},"9":{"name":"(anonymous_9)","decl":{"start":{"line":102,"column":19},"end":{"line":102,"column":20}},"loc":{"start":{"line":102,"column":31},"end":{"line":104,"column":9}},"line":102},"10":{"name":"(anonymous_10)","decl":{"start":{"line":106,"column":50},"end":{"line":106,"column":51}},"loc":{"start":{"line":106,"column":62},"end":{"line":117,"column":9}},"line":106},"11":{"name":"(anonymous_11)","decl":{"start":{"line":118,"column":86},"end":{"line":118,"column":87}},"loc":{"start":{"line":118,"column":98},"end":{"line":133,"column":9}},"line":118},"12":{"name":"(anonymous_12)","decl":{"start":{"line":136,"column":28},"end":{"line":136,"column":29}},"loc":{"start":{"line":136,"column":34},"end":{"line":143,"column":5}},"line":136},"13":{"name":"(anonymous_13)","decl":{"start":{"line":138,"column":36},"end":{"line":138,"column":37}},"loc":{"start":{"line":138,"column":42},"end":{"line":142,"column":9}},"line":138},"14":{"name":"(anonymous_14)","decl":{"start":{"line":140,"column":19},"end":{"line":140,"column":20}},"loc":{"start":{"line":140,"column":25},"end":{"line":140,"column":38}},"line":140},"15":{"name":"(anonymous_15)","decl":{"start":{"line":146,"column":14},"end":{"line":146,"column":15}},"loc":{"start":{"line":146,"column":20},"end":{"line":146,"column":37}},"line":146}},"branchMap":{},"s":{"0":1,"1":1,"2":1,"3":1,"4":1,"5":1,"6":1,"7":1,"8":1,"9":1,"10":1,"11":1,"12":1,"13":1,"14":1,"15":1,"16":1,"17":1,"18":1,"19":5,"20":5,"21":5,"22":5,"23":5,"24":5,"25":5,"26":5,"27":5,"28":5,"29":5,"30":5,"31":5,"32":5,"33":5,"34":5,"35":5,"36":5,"37":5,"38":5,"39":5,"40":1,"41":1,"42":1,"43":1,"44":1,"45":1,"46":1,"47":1,"48":1,"49":1,"50":1,"51":1,"52":1,"53":1,"54":1,"55":1,"56":1,"57":1,"58":1,"59":1,"60":1,"61":1,"62":1,"63":1,"64":1,"65":1,"66":1,"67":1,"68":1,"69":1,"70":1,"71":1,"72":2,"73":1,"74":1,"75":1,"76":1,"77":1,"78":1,"79":1,"80":1,"81":1,"82":1,"83":1,"84":1,"85":1,"86":1,"87":1,"88":1,"89":1,"90":1,"91":1,"92":1,"93":1,"94":1,"95":1,"96":1,"97":1,"98":1,"99":1,"100":1,"101":1,"102":5,"103":1},"f":{"0":1,"1":1,"2":5,"3":1,"4":1,"5":1,"6":1,"7":1,"8":1,"9":2,"10":1,"11":1,"12":1,"13":1,"14":1,"15":5},"b":{},"_coverageSchema":"1a1c01bbd47fc00a2c39e90264f33305004495a9","hash":"191e2c8379da03147b43189e5e78f4a13f14683c","contentHash":"92b10a40553c1e0350245625954aae73074889bafe5f70e76589b18231744a1c"},"/Users/mac/bootcamp/collab/skylab-bootcamp-202004/staff/sergi-ramos/coohappy/coohappy-client-logic/authenticate-user.spec.js":{"path":"/Users/mac/bootcamp/collab/skylab-bootcamp-202004/staff/sergi-ramos/coohappy/coohappy-client-logic/authenticate-user.spec.js","statementMap":{"0":{"start":{"line":1,"column":0},"end":{"line":1,"column":26}},"1":{"start":{"line":3,"column":60},"end":{"line":3,"column":67}},"2":{"start":{"line":5,"column":25},"end":{"line":5,"column":55}},"3":{"start":{"line":6,"column":19},"end":{"line":6,"column":23}},"4":{"start":{"line":7,"column":19},"end":{"line":7,"column":34}},"5":{"start":{"line":8,"column":39},"end":{"line":8,"column":63}},"6":{"start":{"line":9,"column":15},"end":{"line":9,"column":34}},"7":{"start":{"line":11,"column":0},"end":{"line":11,"column":36}},"8":{"start":{"line":12,"column":24},"end":{"line":12,"column":52}},"9":{"start":{"line":13,"column":14},"end":{"line":13,"column":26}},"10":{"start":{"line":14,"column":13},"end":{"line":14,"column":28}},"11":{"start":{"line":16,"column":0},"end":{"line":16,"column":35}},"12":{"start":{"line":17,"column":0},"end":{"line":17,"column":43}},"13":{"start":{"line":19,"column":0},"end":{"line":82,"column":2}},"14":{"start":{"line":20,"column":4},"end":{"line":20,"column":47}},"15":{"start":{"line":20,"column":17},"end":{"line":20,"column":46}},"16":{"start":{"line":24,"column":4},"end":{"line":35,"column":5}},"17":{"start":{"line":25,"column":8},"end":{"line":34,"column":40}},"18":{"start":{"line":27,"column":16},"end":{"line":27,"column":41}},"19":{"start":{"line":28,"column":16},"end":{"line":28,"column":47}},"20":{"start":{"line":29,"column":16},"end":{"line":29,"column":48}},"21":{"start":{"line":30,"column":16},"end":{"line":30,"column":49}},"22":{"start":{"line":32,"column":16},"end":{"line":32,"column":48}},"23":{"start":{"line":34,"column":27},"end":{"line":34,"column":39}},"24":{"start":{"line":37,"column":4},"end":{"line":68,"column":6}},"25":{"start":{"line":38,"column":8},"end":{"line":41,"column":9}},"26":{"start":{"line":39,"column":12},"end":{"line":40,"column":47}},"27":{"start":{"line":40,"column":30},"end":{"line":40,"column":46}},"28":{"start":{"line":43,"column":8},"end":{"line":56,"column":9}},"29":{"start":{"line":44,"column":12},"end":{"line":55,"column":18}},"30":{"start":{"line":46,"column":19},"end":{"line":54,"column":21}},"31":{"start":{"line":48,"column":23},"end":{"line":48,"column":31}},"32":{"start":{"line":49,"column":43},"end":{"line":49,"column":59}},"33":{"start":{"line":50,"column":37},"end":{"line":50,"column":62}},"34":{"start":{"line":52,"column":23},"end":{"line":52,"column":51}},"35":{"start":{"line":58,"column":8},"end":{"line":67,"column":10}},"36":{"start":{"line":59,"column":12},"end":{"line":59,"column":32}},"37":{"start":{"line":61,"column":12},"end":{"line":66,"column":18}},"38":{"start":{"line":62,"column":30},"end":{"line":62,"column":76}},"39":{"start":{"line":64,"column":20},"end":{"line":64,"column":60}},"40":{"start":{"line":65,"column":20},"end":{"line":65,"column":68}},"41":{"start":{"line":70,"column":4},"end":{"line":77,"column":5}},"42":{"start":{"line":71,"column":8},"end":{"line":76,"column":14}},"43":{"start":{"line":72,"column":26},"end":{"line":72,"column":72}},"44":{"start":{"line":74,"column":16},"end":{"line":74,"column":56}},"45":{"start":{"line":75,"column":16},"end":{"line":75,"column":90}},"46":{"start":{"line":79,"column":4},"end":{"line":79,"column":38}},"47":{"start":{"line":79,"column":20},"end":{"line":79,"column":37}},"48":{"start":{"line":81,"column":4},"end":{"line":81,"column":30}}},"fnMap":{"0":{"name":"(anonymous_0)","decl":{"start":{"line":19,"column":38},"end":{"line":19,"column":39}},"loc":{"start":{"line":19,"column":44},"end":{"line":82,"column":1}},"line":19},"1":{"name":"(anonymous_1)","decl":{"start":{"line":20,"column":11},"end":{"line":20,"column":12}},"loc":{"start":{"line":20,"column":17},"end":{"line":20,"column":46}},"line":20},"2":{"name":"(anonymous_2)","decl":{"start":{"line":24,"column":15},"end":{"line":24,"column":16}},"loc":{"start":{"line":25,"column":8},"end":{"line":34,"column":40}},"line":25},"3":{"name":"(anonymous_3)","decl":{"start":{"line":26,"column":18},"end":{"line":26,"column":19}},"loc":{"start":{"line":26,"column":24},"end":{"line":33,"column":13}},"line":26},"4":{"name":"(anonymous_4)","decl":{"start":{"line":34,"column":18},"end":{"line":34,"column":19}},"loc":{"start":{"line":34,"column":27},"end":{"line":34,"column":39}},"line":34},"5":{"name":"(anonymous_5)","decl":{"start":{"line":37,"column":41},"end":{"line":37,"column":42}},"loc":{"start":{"line":37,"column":47},"end":{"line":68,"column":5}},"line":37},"6":{"name":"(anonymous_6)","decl":{"start":{"line":38,"column":19},"end":{"line":38,"column":20}},"loc":{"start":{"line":39,"column":12},"end":{"line":40,"column":47}},"line":39},"7":{"name":"(anonymous_7)","decl":{"start":{"line":40,"column":22},"end":{"line":40,"column":23}},"loc":{"start":{"line":40,"column":30},"end":{"line":40,"column":46}},"line":40},"8":{"name":"(anonymous_8)","decl":{"start":{"line":43,"column":52},"end":{"line":43,"column":53}},"loc":{"start":{"line":44,"column":12},"end":{"line":55,"column":18}},"line":44},"9":{"name":"(anonymous_9)","decl":{"start":{"line":45,"column":22},"end":{"line":45,"column":23}},"loc":{"start":{"line":45,"column":28},"end":{"line":55,"column":17}},"line":45},"10":{"name":"(anonymous_10)","decl":{"start":{"line":47,"column":25},"end":{"line":47,"column":26}},"loc":{"start":{"line":47,"column":32},"end":{"line":54,"column":20}},"line":47},"11":{"name":"(anonymous_11)","decl":{"start":{"line":58,"column":44},"end":{"line":58,"column":45}},"loc":{"start":{"line":58,"column":50},"end":{"line":67,"column":9}},"line":58},"12":{"name":"(anonymous_12)","decl":{"start":{"line":62,"column":22},"end":{"line":62,"column":23}},"loc":{"start":{"line":62,"column":28},"end":{"line":62,"column":78}},"line":62},"13":{"name":"(anonymous_13)","decl":{"start":{"line":63,"column":23},"end":{"line":63,"column":24}},"loc":{"start":{"line":63,"column":32},"end":{"line":66,"column":17}},"line":63},"14":{"name":"(anonymous_14)","decl":{"start":{"line":70,"column":47},"end":{"line":70,"column":48}},"loc":{"start":{"line":71,"column":8},"end":{"line":76,"column":14}},"line":71},"15":{"name":"(anonymous_15)","decl":{"start":{"line":72,"column":18},"end":{"line":72,"column":19}},"loc":{"start":{"line":72,"column":24},"end":{"line":72,"column":74}},"line":72},"16":{"name":"(anonymous_16)","decl":{"start":{"line":73,"column":19},"end":{"line":73,"column":20}},"loc":{"start":{"line":73,"column":28},"end":{"line":76,"column":13}},"line":73},"17":{"name":"(anonymous_17)","decl":{"start":{"line":79,"column":14},"end":{"line":79,"column":15}},"loc":{"start":{"line":79,"column":20},"end":{"line":79,"column":37}},"line":79}},"branchMap":{},"s":{"0":1,"1":1,"2":1,"3":1,"4":1,"5":1,"6":1,"7":1,"8":1,"9":1,"10":1,"11":1,"12":1,"13":1,"14":1,"15":1,"16":1,"17":3,"18":3,"19":3,"20":3,"21":3,"22":3,"23":3,"24":1,"25":1,"26":2,"27":2,"28":1,"29":1,"30":1,"31":1,"32":1,"33":1,"34":1,"35":1,"36":1,"37":1,"38":0,"39":1,"40":1,"41":1,"42":1,"43":0,"44":1,"45":1,"46":1,"47":3,"48":1},"f":{"0":1,"1":1,"2":3,"3":3,"4":3,"5":1,"6":2,"7":2,"8":1,"9":1,"10":1,"11":1,"12":0,"13":1,"14":1,"15":0,"16":1,"17":3},"b":{},"_coverageSchema":"1a1c01bbd47fc00a2c39e90264f33305004495a9","hash":"8dc218a010d6f4729d3079367745ef9e274500a0","contentHash":"be7a21f06bc98efcf8f227f1f360efae25ce84fb20236bf485b0be4a0665f04b"},"/Users/mac/bootcamp/collab/skylab-bootcamp-202004/staff/sergi-ramos/coohappy/coohappy-client-logic/delete-date-laundry.spec.js":{"path":"/Users/mac/bootcamp/collab/skylab-bootcamp-202004/staff/sergi-ramos/coohappy/coohappy-client-logic/delete-date-laundry.spec.js","statementMap":{"0":{"start":{"line":1,"column":0},"end":{"line":1,"column":26}},"1":{"start":{"line":3,"column":63},"end":{"line":3,"column":70}},"2":{"start":{"line":5,"column":19},"end":{"line":5,"column":34}},"3":{"start":{"line":6,"column":26},"end":{"line":6,"column":30}},"4":{"start":{"line":7,"column":26},"end":{"line":7,"column":58}},"5":{"start":{"line":8,"column":15},"end":{"line":8,"column":34}},"6":{"start":{"line":9,"column":40},"end":{"line":9,"column":67}},"7":{"start":{"line":12,"column":20},"end":{"line":12,"column":43}},"8":{"start":{"line":13,"column":0},"end":{"line":13,"column":36}},"9":{"start":{"line":14,"column":24},"end":{"line":14,"column":52}},"10":{"start":{"line":15,"column":14},"end":{"line":15,"column":26}},"11":{"start":{"line":16,"column":13},"end":{"line":16,"column":28}},"12":{"start":{"line":18,"column":21},"end":{"line":18,"column":45}},"13":{"start":{"line":19,"column":34},"end":{"line":19,"column":61}},"14":{"start":{"line":20,"column":64},"end":{"line":20,"column":88}},"15":{"start":{"line":25,"column":0},"end":{"line":131,"column":2}},"16":{"start":{"line":27,"column":4},"end":{"line":27,"column":47}},"17":{"start":{"line":27,"column":17},"end":{"line":27,"column":46}},"18":{"start":{"line":29,"column":4},"end":{"line":69,"column":6}},"19":{"start":{"line":31,"column":8},"end":{"line":31,"column":31}},"20":{"start":{"line":32,"column":8},"end":{"line":32,"column":36}},"21":{"start":{"line":34,"column":8},"end":{"line":34,"column":33}},"22":{"start":{"line":35,"column":8},"end":{"line":35,"column":39}},"23":{"start":{"line":36,"column":8},"end":{"line":36,"column":40}},"24":{"start":{"line":37,"column":8},"end":{"line":37,"column":41}},"25":{"start":{"line":39,"column":8},"end":{"line":39,"column":34}},"26":{"start":{"line":40,"column":8},"end":{"line":40,"column":40}},"27":{"start":{"line":41,"column":8},"end":{"line":41,"column":41}},"28":{"start":{"line":42,"column":8},"end":{"line":42,"column":42}},"29":{"start":{"line":44,"column":8},"end":{"line":44,"column":42}},"30":{"start":{"line":45,"column":8},"end":{"line":45,"column":37}},"31":{"start":{"line":46,"column":8},"end":{"line":46,"column":25}},"32":{"start":{"line":47,"column":8},"end":{"line":47,"column":33}},"33":{"start":{"line":48,"column":8},"end":{"line":48,"column":43}},"34":{"start":{"line":49,"column":8},"end":{"line":49,"column":48}},"35":{"start":{"line":51,"column":8},"end":{"line":51,"column":47}},"36":{"start":{"line":52,"column":8},"end":{"line":52,"column":48}},"37":{"start":{"line":55,"column":8},"end":{"line":55,"column":46}},"38":{"start":{"line":56,"column":8},"end":{"line":56,"column":47}},"39":{"start":{"line":57,"column":21},"end":{"line":57,"column":80}},"40":{"start":{"line":58,"column":8},"end":{"line":58,"column":24}},"41":{"start":{"line":59,"column":8},"end":{"line":59,"column":101}},"42":{"start":{"line":60,"column":8},"end":{"line":60,"column":26}},"43":{"start":{"line":61,"column":8},"end":{"line":61,"column":67}},"44":{"start":{"line":62,"column":8},"end":{"line":62,"column":63}},"45":{"start":{"line":65,"column":22},"end":{"line":65,"column":46}},"46":{"start":{"line":66,"column":26},"end":{"line":66,"column":191}},"47":{"start":{"line":71,"column":4},"end":{"line":87,"column":6}},"48":{"start":{"line":73,"column":8},"end":{"line":86,"column":10}},"49":{"start":{"line":75,"column":31},"end":{"line":75,"column":77}},"50":{"start":{"line":77,"column":12},"end":{"line":77,"column":47}},"51":{"start":{"line":78,"column":12},"end":{"line":78,"column":59}},"52":{"start":{"line":79,"column":12},"end":{"line":79,"column":61}},"53":{"start":{"line":80,"column":12},"end":{"line":80,"column":74}},"54":{"start":{"line":82,"column":12},"end":{"line":82,"column":43}},"55":{"start":{"line":83,"column":30},"end":{"line":83,"column":76}},"56":{"start":{"line":85,"column":12},"end":{"line":85,"column":65}},"57":{"start":{"line":89,"column":4},"end":{"line":121,"column":6}},"58":{"start":{"line":91,"column":8},"end":{"line":105,"column":10}},"59":{"start":{"line":93,"column":12},"end":{"line":93,"column":109}},"60":{"start":{"line":95,"column":31},"end":{"line":95,"column":77}},"61":{"start":{"line":97,"column":12},"end":{"line":104,"column":13}},"62":{"start":{"line":99,"column":16},"end":{"line":99,"column":41}},"63":{"start":{"line":102,"column":16},"end":{"line":102,"column":38}},"64":{"start":{"line":103,"column":16},"end":{"line":103,"column":107}},"65":{"start":{"line":107,"column":8},"end":{"line":120,"column":10}},"66":{"start":{"line":108,"column":28},"end":{"line":108,"column":54}},"67":{"start":{"line":109,"column":12},"end":{"line":109,"column":73}},"68":{"start":{"line":110,"column":12},"end":{"line":110,"column":68}},"69":{"start":{"line":111,"column":12},"end":{"line":118,"column":13}},"70":{"start":{"line":113,"column":16},"end":{"line":113,"column":41}},"71":{"start":{"line":116,"column":16},"end":{"line":116,"column":38}},"72":{"start":{"line":117,"column":16},"end":{"line":117,"column":105}},"73":{"start":{"line":124,"column":4},"end":{"line":127,"column":6}},"74":{"start":{"line":125,"column":8},"end":{"line":126,"column":32}},"75":{"start":{"line":129,"column":4},"end":{"line":129,"column":30}}},"fnMap":{"0":{"name":"(anonymous_0)","decl":{"start":{"line":25,"column":37},"end":{"line":25,"column":38}},"loc":{"start":{"line":25,"column":43},"end":{"line":131,"column":1}},"line":25},"1":{"name":"(anonymous_1)","decl":{"start":{"line":27,"column":11},"end":{"line":27,"column":12}},"loc":{"start":{"line":27,"column":17},"end":{"line":27,"column":46}},"line":27},"2":{"name":"(anonymous_2)","decl":{"start":{"line":29,"column":15},"end":{"line":29,"column":16}},"loc":{"start":{"line":29,"column":27},"end":{"line":69,"column":5}},"line":29},"3":{"name":"(anonymous_3)","decl":{"start":{"line":71,"column":44},"end":{"line":71,"column":45}},"loc":{"start":{"line":71,"column":50},"end":{"line":87,"column":5}},"line":71},"4":{"name":"(anonymous_4)","decl":{"start":{"line":73,"column":50},"end":{"line":73,"column":51}},"loc":{"start":{"line":73,"column":62},"end":{"line":86,"column":9}},"line":73},"5":{"name":"(anonymous_5)","decl":{"start":{"line":89,"column":48},"end":{"line":89,"column":49}},"loc":{"start":{"line":89,"column":54},"end":{"line":121,"column":5}},"line":89},"6":{"name":"(anonymous_6)","decl":{"start":{"line":91,"column":48},"end":{"line":91,"column":49}},"loc":{"start":{"line":91,"column":60},"end":{"line":105,"column":9}},"line":91},"7":{"name":"(anonymous_7)","decl":{"start":{"line":107,"column":68},"end":{"line":107,"column":69}},"loc":{"start":{"line":107,"column":80},"end":{"line":120,"column":9}},"line":107},"8":{"name":"(anonymous_8)","decl":{"start":{"line":124,"column":14},"end":{"line":124,"column":15}},"loc":{"start":{"line":124,"column":26},"end":{"line":127,"column":5}},"line":124}},"branchMap":{},"s":{"0":1,"1":1,"2":1,"3":1,"4":1,"5":1,"6":1,"7":1,"8":1,"9":1,"10":1,"11":1,"12":1,"13":1,"14":1,"15":1,"16":1,"17":1,"18":1,"19":3,"20":3,"21":3,"22":3,"23":3,"24":3,"25":3,"26":3,"27":3,"28":3,"29":3,"30":3,"31":3,"32":3,"33":3,"34":3,"35":3,"36":3,"37":3,"38":3,"39":3,"40":3,"41":3,"42":3,"43":3,"44":3,"45":3,"46":3,"47":1,"48":1,"49":1,"50":1,"51":1,"52":1,"53":1,"54":1,"55":1,"56":1,"57":1,"58":1,"59":1,"60":1,"61":1,"62":1,"63":1,"64":1,"65":1,"66":1,"67":1,"68":1,"69":1,"70":1,"71":1,"72":1,"73":1,"74":3,"75":1},"f":{"0":1,"1":1,"2":3,"3":1,"4":1,"5":1,"6":1,"7":1,"8":3},"b":{},"_coverageSchema":"1a1c01bbd47fc00a2c39e90264f33305004495a9","hash":"be4c24c063a7d3f5d133f5eb00c9e73e953b89e2","contentHash":"50f7d17b6cb20e0912e0d31870df7a538eafabded7c890b8983391c3cec67ad3"},"/Users/mac/bootcamp/collab/skylab-bootcamp-202004/staff/sergi-ramos/coohappy/coohappy-client-logic/join-community.spec.js":{"path":"/Users/mac/bootcamp/collab/skylab-bootcamp-202004/staff/sergi-ramos/coohappy/coohappy-client-logic/join-community.spec.js","statementMap":{"0":{"start":{"line":1,"column":0},"end":{"line":1,"column":26}},"1":{"start":{"line":3,"column":63},"end":{"line":3,"column":70}},"2":{"start":{"line":5,"column":19},"end":{"line":5,"column":34}},"3":{"start":{"line":6,"column":19},"end":{"line":6,"column":23}},"4":{"start":{"line":7,"column":24},"end":{"line":7,"column":51}},"5":{"start":{"line":8,"column":15},"end":{"line":8,"column":34}},"6":{"start":{"line":10,"column":20},"end":{"line":10,"column":43}},"7":{"start":{"line":11,"column":0},"end":{"line":11,"column":36}},"8":{"start":{"line":12,"column":24},"end":{"line":12,"column":52}},"9":{"start":{"line":13,"column":14},"end":{"line":13,"column":26}},"10":{"start":{"line":15,"column":40},"end":{"line":15,"column":67}},"11":{"start":{"line":16,"column":21},"end":{"line":16,"column":45}},"12":{"start":{"line":17,"column":40},"end":{"line":17,"column":64}},"13":{"start":{"line":18,"column":34},"end":{"line":18,"column":61}},"14":{"start":{"line":22,"column":0},"end":{"line":131,"column":2}},"15":{"start":{"line":24,"column":4},"end":{"line":24,"column":47}},"16":{"start":{"line":24,"column":17},"end":{"line":24,"column":46}},"17":{"start":{"line":26,"column":4},"end":{"line":60,"column":6}},"18":{"start":{"line":28,"column":8},"end":{"line":28,"column":31}},"19":{"start":{"line":29,"column":8},"end":{"line":29,"column":36}},"20":{"start":{"line":31,"column":8},"end":{"line":31,"column":33}},"21":{"start":{"line":32,"column":8},"end":{"line":32,"column":39}},"22":{"start":{"line":33,"column":8},"end":{"line":33,"column":40}},"23":{"start":{"line":34,"column":8},"end":{"line":34,"column":41}},"24":{"start":{"line":36,"column":8},"end":{"line":36,"column":35}},"25":{"start":{"line":37,"column":8},"end":{"line":37,"column":41}},"26":{"start":{"line":38,"column":8},"end":{"line":38,"column":42}},"27":{"start":{"line":39,"column":8},"end":{"line":39,"column":43}},"28":{"start":{"line":41,"column":8},"end":{"line":41,"column":42}},"29":{"start":{"line":42,"column":8},"end":{"line":42,"column":37}},"30":{"start":{"line":43,"column":8},"end":{"line":43,"column":25}},"31":{"start":{"line":44,"column":8},"end":{"line":44,"column":33}},"32":{"start":{"line":45,"column":8},"end":{"line":45,"column":43}},"33":{"start":{"line":46,"column":8},"end":{"line":46,"column":22}},"34":{"start":{"line":48,"column":8},"end":{"line":48,"column":46}},"35":{"start":{"line":49,"column":8},"end":{"line":49,"column":50}},"36":{"start":{"line":50,"column":21},"end":{"line":50,"column":80}},"37":{"start":{"line":51,"column":23},"end":{"line":51,"column":112}},"38":{"start":{"line":52,"column":8},"end":{"line":52,"column":24}},"39":{"start":{"line":53,"column":8},"end":{"line":53,"column":28}},"40":{"start":{"line":54,"column":22},"end":{"line":54,"column":73}},"41":{"start":{"line":55,"column":8},"end":{"line":55,"column":63}},"42":{"start":{"line":57,"column":22},"end":{"line":57,"column":46}},"43":{"start":{"line":58,"column":23},"end":{"line":58,"column":138}},"44":{"start":{"line":59,"column":8},"end":{"line":59,"column":24}},"45":{"start":{"line":63,"column":4},"end":{"line":104,"column":6}},"46":{"start":{"line":65,"column":8},"end":{"line":75,"column":10}},"47":{"start":{"line":67,"column":26},"end":{"line":67,"column":79}},"48":{"start":{"line":68,"column":12},"end":{"line":68,"column":67}},"49":{"start":{"line":70,"column":12},"end":{"line":70,"column":45}},"50":{"start":{"line":71,"column":30},"end":{"line":71,"column":67}},"51":{"start":{"line":72,"column":12},"end":{"line":72,"column":38}},
[...]
,"line":141},"11":{"name":"(anonymous_11)","decl":{"start":{"line":147,"column":14},"end":{"line":147,"column":15}},"loc":{"start":{"line":147,"column":20},"end":{"line":147,"column":37}},"line":147}},"branchMap":{},"s":{"0":1,"1":1,"2":1,"3":1,"4":1,"5":1,"6":1,"7":1,"8":1,"9":1,"10":1,"11":1,"12":1,"13":1,"14":1,"15":1,"16":1,"17":1,"18":1,"19":4,"20":4,"21":4,"22":4,"23":4,"24":4,"25":4,"26":4,"27":4,"28":4,"29":4,"30":4,"31":4,"32":4,"33":4,"34":4,"35":4,"36":4,"37":4,"38":4,"39":4,"40":4,"41":4,"42":4,"43":4,"44":4,"45":1,"46":1,"47":1,"48":1,"49":1,"50":1,"51":1,"52":1,"53":1,"54":1,"55":1,"56":1,"57":1,"58":1,"59":1,"60":1,"61":1,"62":1,"63":1,"64":1,"65":1,"66":1,"67":1,"68":1,"69":1,"70":1,"71":1,"72":1,"73":1,"74":1,"75":1,"76":1,"77":1,"78":1,"79":1,"80":1,"81":1,"82":1,"83":1,"84":1,"85":1,"86":1,"87":1,"88":1,"89":1,"90":1,"91":1,"92":1,"93":1,"94":1,"95":1,"96":1,"97":1,"98":1,"99":4,"100":1},"f":{"0":1,"1":1,"2":4,"3":1,"4":1,"5":1,"6":1,"7":1,"8":1,"9":1,"10":1,"11":4},"b":{},"_coverageSchema":"1a1c01bbd47fc00a2c39e90264f33305004495a9","hash":"c327883422776aa8d75933d640b6f556dd40c867","contentHash":"3ab6dc0ce2bbc02957f6ff316fcbb1a74773cdd617fc0ae20daf3013c17ac2ca"},"/Users/mac/bootcamp/collab/skylab-bootcamp-202004/staff/sergi-ramos/coohappy/coohappy-client-logic/update-cohousing.spec.js":{"path":"/Users/mac/bootcamp/collab/skylab-bootcamp-202004/staff/sergi-ramos/coohappy/coohappy-client-logic/update-cohousing.spec.js","statementMap":{"0":{"start":{"line":1,"column":0},"end":{"line":1,"column":26}},"1":{"start":{"line":3,"column":63},"end":{"line":3,"column":70}},"2":{"start":{"line":5,"column":19},"end":{"line":5,"column":34}},"3":{"start":{"line":6,"column":19},"end":{"line":6,"column":23}},"4":{"start":{"line":7,"column":24},"end":{"line":7,"column":53}},"5":{"start":{"line":8,"column":15},"end":{"line":8,"column":34}},"6":{"start":{"line":10,"column":20},"end":{"line":10,"column":43}},"7":{"start":{"line":11,"column":0},"end":{"line":11,"column":36}},"8":{"start":{"line":12,"column":24},"end":{"line":12,"column":52}},"9":{"start":{"line":13,"column":14},"end":{"line":13,"column":26}},"10":{"start":{"line":14,"column":13},"end":{"line":14,"column":28}},"11":{"start":{"line":16,"column":40},"end":{"line":16,"column":67}},"12":{"start":{"line":17,"column":50},"end":{"line":17,"column":74}},"13":{"start":{"line":18,"column":34},"end":{"line":18,"column":61}},"14":{"start":{"line":22,"column":0},"end":{"line":127,"column":2}},"15":{"start":{"line":24,"column":4},"end":{"line":24,"column":47}},"16":{"start":{"line":24,"column":17},"end":{"line":24,"column":46}},"17":{"start":{"line":26,"column":4},"end":{"line":51,"column":6}},"18":{"start":{"line":28,"column":8},"end":{"line":28,"column":31}},"19":{"start":{"line":30,"column":8},"end":{"line":30,"column":33}},"20":{"start":{"line":31,"column":8},"end":{"line":31,"column":39}},"21":{"start":{"line":32,"column":8},"end":{"line":32,"column":40}},"22":{"start":{"line":33,"column":8},"end":{"line":33,"column":41}},"23":{"start":{"line":35,"column":8},"end":{"line":35,"column":42}},"24":{"start":{"line":36,"column":8},"end":{"line":36,"column":37}},"25":{"start":{"line":37,"column":8},"end":{"line":37,"column":25}},"26":{"start":{"line":38,"column":8},"end":{"line":38,"column":33}},"27":{"start":{"line":39,"column":8},"end":{"line":39,"column":43}},"28":{"start":{"line":40,"column":8},"end":{"line":40,"column":22}},"29":{"start":{"line":42,"column":8},"end":{"line":42,"column":45}},"30":{"start":{"line":44,"column":8},"end":{"line":44,"column":46}},"31":{"start":{"line":45,"column":21},"end":{"line":45,"column":80}},"32":{"start":{"line":46,"column":8},"end":{"line":46,"column":24}},"33":{"start":{"line":47,"column":22},"end":{"line":47,"column":67}},"34":{"start":{"line":48,"column":8},"end":{"line":48,"column":63}},"35":{"start":{"line":49,"column":22},"end":{"line":49,"column":46}},"36":{"start":{"line":50,"column":8},"end":{"line":50,"column":123}},"37":{"start":{"line":53,"column":4},"end":{"line":78,"column":6}},"38":{"start":{"line":55,"column":8},"end":{"line":64,"column":10}},"39":{"start":{"line":57,"column":12},"end":{"line":57,"column":61}},"40":{"start":{"line":58,"column":30},"end":{"line":58,"column":74}},"41":{"start":{"line":59,"column":12},"end":{"line":59,"column":61}},"42":{"start":{"line":60,"column":12},"end":{"line":60,"column":56}},"43":{"start":{"line":61,"column":12},"end":{"line":61,"column":61}},"44":{"start":{"line":62,"column":12},"end":{"line":62,"column":61}},"45":{"start":{"line":63,"column":12},"end":{"line":63,"column":57}},"46":{"start":{"line":66,"column":8},"end":{"line":77,"column":10}},"47":{"start":{"line":68,"column":12},"end":{"line":68,"column":35}},"48":{"start":{"line":70,"column":12},"end":{"line":76,"column":13}},"49":{"start":{"line":71,"column":16},"end":{"line":71,"column":65}},"50":{"start":{"line":74,"column":16},"end":{"line":74,"column":38}},"51":{"start":{"line":75,"column":16},"end":{"line":75,"column":87}},"52":{"start":{"line":79,"column":4},"end":{"line":98,"column":6}},"53":{"start":{"line":81,"column":8},"end":{"line":96,"column":10}},"54":{"start":{"line":83,"column":12},"end":{"line":83,"column":40}},"55":{"start":{"line":85,"column":12},"end":{"line":95,"column":13}},"56":{"start":{"line":86,"column":16},"end":{"line":86,"column":66}},"57":{"start":{"line":90,"column":34},"end":{"line":90,"column":78}},"58":{"start":{"line":91,"column":16},"end":{"line":91,"column":44}},"59":{"start":{"line":92,"column":16},"end":{"line":92,"column":38}},"60":{"start":{"line":93,"column":16},"end":{"line":93,"column":98}},"61":{"start":{"line":100,"column":4},"end":{"line":121,"column":6}},"62":{"start":{"line":102,"column":8},"end":{"line":120,"column":10}},"63":{"start":{"line":104,"column":32},"end":{"line":104,"column":34}},"64":{"start":{"line":106,"column":12},"end":{"line":119,"column":13}},"65":{"start":{"line":107,"column":16},"end":{"line":107,"column":61}},"66":{"start":{"line":111,"column":34},"end":{"line":111,"column":78}},"67":{"start":{"line":112,"column":16},"end":{"line":112,"column":38}},"68":{"start":{"line":113,"column":16},"end":{"line":113,"column":78}},"69":{"start":{"line":114,"column":16},"end":{"line":114,"column":62}},"70":{"start":{"line":115,"column":16},"end":{"line":115,"column":60}},"71":{"start":{"line":116,"column":16},"end":{"line":116,"column":65}},"72":{"start":{"line":117,"column":16},"end":{"line":117,"column":65}},"73":{"start":{"line":118,"column":16},"end":{"line":118,"column":61}},"74":{"start":{"line":124,"column":4},"end":{"line":124,"column":38}},"75":{"start":{"line":124,"column":20},"end":{"line":124,"column":37}},"76":{"start":{"line":126,"column":4},"end":{"line":126,"column":30}}},"fnMap":{"0":{"name":"(anonymous_0)","decl":{"start":{"line":22,"column":37},"end":{"line":22,"column":38}},"loc":{"start":{"line":22,"column":43},"end":{"line":127,"column":1}},"line":22},"1":{"name":"(anonymous_1)","decl":{"start":{"line":24,"column":11},"end":{"line":24,"column":12}},"loc":{"start":{"line":24,"column":17},"end":{"line":24,"column":46}},"line":24},"2":{"name":"(anonymous_2)","decl":{"start":{"line":26,"column":15},"end":{"line":26,"column":16}},"loc":{"start":{"line":26,"column":27},"end":{"line":51,"column":5}},"line":26},"3":{"name":"(anonymous_3)","decl":{"start":{"line":53,"column":37},"end":{"line":53,"column":38}},"loc":{"start":{"line":53,"column":43},"end":{"line":78,"column":5}},"line":53},"4":{"name":"(anonymous_4)","decl":{"start":{"line":55,"column":64},"end":{"line":55,"column":65}},"loc":{"start":{"line":55,"column":76},"end":{"line":64,"column":9}},"line":55},"5":{"name":"(anonymous_5)","decl":{"start":{"line":66,"column":47},"end":{"line":66,"column":48}},"loc":{"start":{"line":66,"column":59},"end":{"line":77,"column":9}},"line":66},"6":{"name":"(anonymous_6)","decl":{"start":{"line":79,"column":44},"end":{"line":79,"column":45}},"loc":{"start":{"line":79,"column":50},"end":{"line":98,"column":5}},"line":79},"7":{"name":"(anonymous_7)","decl":{"start":{"line":81,"column":54},"end":{"line":81,"column":55}},"loc":{"start":{"line":81,"column":66},"end":{"line":96,"column":9}},"line":81},"8":{"name":"(anonymous_8)","decl":{"start":{"line":100,"column":48},"end":{"line":100,"column":49}},"loc":{"start":{"line":100,"column":54},"end":{"line":121,"column":5}},"line":100},"9":{"name":"(anonymous_9)","decl":{"start":{"line":102,"column":70},"end":{"line":102,"column":71}},"loc":{"start":{"line":102,"column":82},"end":{"line":120,"column":9}},"line":102},"10":{"name":"(anonymous_10)","decl":{"start":{"line":124,"column":14},"end":{"line":124,"column":15}},"loc":{"start":{"line":124,"column":20},"end":{"line":124,"column":37}},"line":124}},"branchMap":{},"s":{"0":1,"1":1,"2":1,"3":1,"4":1,"5":1,"6":1,"7":1,"8":1,"9":1,"10":1,"11":1,"12":1,"13":1,"14":1,"15":1,"16":1,"17":1,"18":4,"19":4,"20":4,"21":4,"22":4,"23":4,"24":4,"25":4,"26":4,"27":4,"28":4,"29":4,"30":4,"31":4,"32":4,"33":4,"34":4,"35":4,"36":4,"37":1,"38":1,"39":1,"40":1,"41":1,"42":1,"43":1,"44":1,"45":1,"46":1,"47":1,"48":1,"49":1,"50":1,"51":1,"52":1,"53":1,"54":1,"55":1,"56":1,"57":1,"58":1,"59":1,"60":1,"61":1,"62":1,"63":1,"64":1,"65":1,"66":1,"67":1,"68":1,"69":1,"70":1,"71":1,"72":1,"73":1,"74":1,"75":4,"76":1},"f":{"0":1,"1":1,"2":4,"3":1,"4":1,"5":1,"6":1,"7":1,"8":1,"9":1,"10":4},"b":{},"_coverageSchema":"1a1c01bbd47fc00a2c39e90264f33305004495a9","hash":"4b2ab2675ef1d34cd23d89896aa327afea99646b","contentHash":"f6477f7f0cb3c83d9612c3a158b54dd814ee8dc789d01f8c56c778fee363f998"},"/Users/mac/bootcamp/collab/skylab-bootcamp-202004/staff/sergi-ramos/coohappy/coohappy-client-logic/update-user.spec.js":{"path":"/Users/mac/bootcamp/collab/skylab-bootcamp-202004/staff/sergi-ramos/coohappy/coohappy-client-logic/update-user.spec.js","statementMap":{"0":{"start":{"line":1,"column":0},"end":{"line":1,"column":26}},"1":{"start":{"line":3,"column":63},"end":{"line":3,"column":70}},"2":{"start":{"line":5,"column":19},"end":{"line":5,"column":43}},"3":{"start":{"line":6,"column":19},"end":{"line":6,"column":23}},"4":{"start":{"line":7,"column":19},"end":{"line":7,"column":34}},"5":{"start":{"line":8,"column":39},"end":{"line":8,"column":63}},"6":{"start":{"line":10,"column":20},"end":{"line":10,"column":43}},"7":{"start":{"line":11,"column":0},"end":{"line":11,"column":36}},"8":{"start":{"line":12,"column":24},"end":{"line":12,"column":52}},"9":{"start":{"line":13,"column":14},"end":{"line":13,"column":26}},"10":{"start":{"line":14,"column":13},"end":{"line":14,"column":28}},"11":{"start":{"line":16,"column":15},"end":{"line":16,"column":34}},"12":{"start":{"line":17,"column":52},"end":{"line":17,"column":79}},"13":{"start":{"line":19,"column":0},"end":{"line":129,"column":2}},"14":{"start":{"line":20,"column":4},"end":{"line":20,"column":47}},"15":{"start":{"line":20,"column":17},"end":{"line":20,"column":46}},"16":{"start":{"line":24,"column":4},"end":{"line":44,"column":5}},"17":{"start":{"line":25,"column":8},"end":{"line":43,"column":77}},"18":{"start":{"line":27,"column":16},"end":{"line":27,"column":41}},"19":{"start":{"line":28,"column":16},"end":{"line":28,"column":47}},"20":{"start":{"line":29,"column":16},"end":{"line":29,"column":48}},"21":{"start":{"line":30,"column":16},"end":{"line":30,"column":49}},"22":{"start":{"line":32,"column":16},"end":{"line":32,"column":47}},"23":{"start":{"line":33,"column":16},"end":{"line":33,"column":53}},"24":{"start":{"line":34,"column":16},"end":{"line":34,"column":49}},"25":{"start":{"line":35,"column":16},"end":{"line":35,"column":55}},"26":{"start":{"line":37,"column":16},"end":{"line":37,"column":48}},"27":{"start":{"line":39,"column":27},"end":{"line":39,"column":39}},"28":{"start":{"line":40,"column":24},"end":{"line":40,"column":77}},"29":{"start":{"line":41,"column":28},"end":{"line":41,"column":44}},"30":{"start":{"line":42,"column":24},"end":{"line":42,"column":69}},"31":{"start":{"line":43,"column":27},"end":{"line":43,"column":76}},"32":{"start":{"line":45,"column":4},"end":{"line":61,"column":6}},"33":{"start":{"line":47,"column":8},"end":{"line":53,"column":10}},"34":{"start":{"line":48,"column":12},"end":{"line":48,"column":83}},"35":{"start":{"line":49,"column":25},"end":{"line":49,"column":52}},"36":{"start":{"line":50,"column":26},"end":{"line":50,"column":74}},"37":{"start":{"line":51,"column":12},"end":{"line":51,"column":47}},"38":{"start":{"line":52,"column":12},"end":{"line":52,"column":40}},"39":{"start":{"line":54,"column":8},"end":{"line":60,"column":10}},"40":{"start":{"line":55,"column":12},"end":{"line":55,"column":93}},"41":{"start":{"line":56,"column":25},"end":{"line":56,"column":52}},"42":{"start":{"line":58,"column":12},"end":{"line":58,"column":53}},"43":{"start":{"line":59,"column":12},"end":{"line":59,"column":49}},"44":{"start":{"line":63,"column":4},"end":{"line":109,"column":6}},"45":{"start":{"line":65,"column":8},"end":{"line":79,"column":10}},"46":{"start":{"line":67,"column":12},"end":{"line":77,"column":13}},"47":{"start":{"line":68,"column":16},"end":{"line":68,"column":69}},"48":{"start":{"line":72,"column":29},"end":{"line":72,"column":56}},"49":{"start":{"line":73,"column":16},"end":{"line":73,"column":38}},"50":{"start":{"line":74,"column":16},"end":{"line":74,"column":78}},"51":{"start":{"line":75,"column":16},"end":{"line":75,"column":48}},"52":{"start":{"line":80,"column":8},"end":{"line":93,"column":10}},"53":{"start":{"line":82,"column":12},"end":{"line":92,"column":13}},"54":{"start":{"line":83,"column":16},"end":{"line":83,"column":101}},"55":{"start":{"line":86,"column":29},"end":{"line":86,"column":56}},"56":{"start":{"line":87,"column":16},"end":{"line":87,"column":38}},"57":{"start":{"line":88,"column":16},"end":{"line":88,"column":64}},"58":{"start":{"line":89,"column":16},"end":{"line":89,"column":54}},"59":{"start":{"line":90,"column":16},"end":{"line":90,"column":50}},"60":{"start":{"line":94,"column":8},"end":{"line":108,"column":10}},"61":{"start":{"line":96,"column":12},"end":{"line":107,"column":13}},"62":{"start":{"line":97,"column":16},"end":{"line":97,"column":75}},"63":{"start":{"line":100,"column":29},"end":{"line":100,"column":56}},"64":{"start":{"line":101,"column":16},"end":{"line":101,"column":38}},"65":{"start":{"line":102,"column":16},"end":{"line":102,"column":66}},"66":{"start":{"line":103,"column":16},"end":{"line":103,"column":61}},"67":{"start":{"line":104,"column":16},"end":{"line":104,"column":54}},"68":{"start":{"line":105,"column":16},"end":{"line":105,"column":50}},"69":{"start":{"line":110,"column":4},"end":{"line":123,"column":6}},"70":{"start":{"line":112,"column":8},"end":{"line":112,"column":43}},"71":{"start":{"line":112,"column":25},"end":{"line":112,"column":42}},"72":{"start":{"line":113,"column":8},"end":{"line":122,"column":10}},"73":{"start":{"line":114,"column":12},"end":{"line":121,"column":13}},"74":{"start":{"line":115,"column":16},"end":{"line":115,"column":88}},"75":{"start":{"line":116,"column":16},"end":{"line":116,"column":63}},"76":{"start":{"line":119,"column":16},"end":{"line":119,"column":38}},"77":{"start":{"line":120,"column":16},"end":{"line":120,"column":87}},"78":{"start":{"line":126,"column":4},"end":{"line":126,"column":51}},"79":{"start":{"line":126,"column":27},"end":{"line":126,"column":50}},"80":{"start":{"line":128,"column":4},"end":{"line":128,"column":30}}},"fnMap":{"0":{"name":"(anonymous_0)","decl":{"start":{"line":19,"column":32},"end":{"line":19,"column":33}},"loc":{"start":{"line":19,"column":38},"end":{"line":129,"column":1}},"line":19},"1":{"name":"(anonymous_1)","decl":{"start":{"line":20,"column":11},"end":{"line":20,"column":12}},"loc":{"start":{"line":20,"column":17},"end":{"line":20,"column":46}},"line":20},"2":{"name":"(anonymous_2)","decl":{"start":{"line":24,"column":15},"end":{"line":24,"column":16}},"loc":{"start":{"line":25,"column":8},"end":{"line":43,"column":77}},"line":25},"3":{"name":"(anonymous_3)","decl":{"start":{"line":26,"column":18},"end":{"line":26,"column":19}},"loc":{"start":{"line":26,"column":24},"end":{"line":38,"column":13}},"line":26},"4":{"name":"(anonymous_4)","decl":{"start":{"line":39,"column":18},"end":{"line":39,"column":19}},"loc":{"start":{"line":39,"column":27},"end":{"line":39,"column":39}},"line":39},"5":{"name":"(anonymous_5)","decl":{"start":{"line":40,"column":18},"end":{"line":40,"column":19}},"loc":{"start":{"line":40,"column":24},"end":{"line":40,"column":77}},"line":40},"6":{"name":"(anonymous_6)","decl":{"start":{"line":41,"column":18},"end":{"line":41,"column":19}},"loc":{"start":{"line":41,"column":26},"end":{"line":41,"column":46}},"line":41},"7":{"name":"(anonymous_7)","decl":{"start":{"line":42,"column":18},"end":{"line":42,"column":19}},"loc":{"start":{"line":42,"column":24},"end":{"line":42,"column":69}},"line":42},"8":{"name":"(anonymous_8)","decl":{"start":{"line":43,"column":18},"end":{"line":43,"column":19}},"loc":{"start":{"line":43,"column":27},"end":{"line":43,"column":76}},"line":43},"9":{"name":"(anonymous_9)","decl":{"start":{"line":45,"column":41},"end":{"line":45,"column":42}},"loc":{"start":{"line":45,"column":47},"end":{"line":61,"column":5}},"line":45},"10":{"name":"(anonymous_10)","decl":{"start":{"line":47,"column":81},"end":{"line":47,"column":82}},"loc":{"start":{"line":47,"column":93},"end":{"line":53,"column":9}},"line":47},"11":{"name":"(anonymous_11)","decl":{"start":{"line":54,"column":101},"end":{"line":54,"column":102}},"loc":{"start":{"line":54,"column":113},"end":{"line":60,"column":9}},"line":54},"12":{"name":"(anonymous_12)","decl":{"start":{"line":63,"column":44},"end":{"line":63,"column":45}},"loc":{"start":{"line":63,"column":50},"end":{"line":109,"column":5}},"line":63},"13":{"name":"(anonymous_13)","decl":{"start":{"line":65,"column":50},"end":{"line":65,"column":51}},"loc":{"start":{"line":65,"column":62},"end":{"line":79,"column":9}},"line":65},"14":{"name":"(anonymous_14)","decl":{"start":{"line":80,"column":59},"end":{"line":80,"column":60}},"loc":{"start":{"line":80,"column":71},"end":{"line":93,"column":9}},"line":80},"15":{"name":"(anonymous_15)","decl":{"start":{"line":94,"column":59},"end":{"line":94,"column":60}},"loc":{"start":{"line":94,"column":71},"end":{"line":108,"column":9}},"line":94},"16":{"name":"(anonymous_16)","decl":{"start":{"line":110,"column":42},"end":{"line":110,"column":43}},"loc":{"start":{"line":110,"column":48},"end":{"line":123,"column":5}},"line":110},"17":{"name":"(anonymous_17)","decl":{"start":{"line":112,"column":19},"end":{"line":112,"column":20}},"loc":{"start":{"line":112,"column":25},"end":{"line":112,"column":42}},"line":112},"18":{"name":"(anonymous_18)","decl":{"start":{"line":113,"column":78},"end":{"line":113,"column":79}},"loc":{"start":{"line":113,"column":90},"end":{"line":122,"column":9}},"line":113},"19":{"name":"(anonymous_19)","decl":{"start":{"line":126,"column":15},"end":{"line":126,"column":16}},"loc":{"start":{"line":126,"column":27},"end":{"line":126,"column":50}},"line":126}},"branchMap":{},"s":{"0":1,"1":1,"2":1,"3":1,"4":1,"5":1,"6":1,"7":1,"8":1,"9":1,"10":1,"11":1,"12":1,"13":1,"14":1,"15":1,"16":1,"17":6,"18":6,"19":6,"20":6,"21":6,"22":6,"23":6,"24":6,"25":6,"26":6,"27":6,"28":6,"29":6,"30":6,"31":6,"32":1,"33":1,"34":1,"35":1,"36":1,"37":1,"38":1,"39":1,"40":1,"41":1,"42":1,"43":1,"44":1,"45":1,"46":1,"47":1,"48":1,"49":1,"50":1,"51":1,"52":1,"53":1,"54":1,"55":1,"56":1,"57":1,"58":1,"59":1,"60":1,"61":1,"62":1,"63":1,"64":1,"65":1,"66":1,"67":1,"68":1,"69":1,"70":1,"71":1,"72":1,"73":1,"74":1,"75":0,"76":1,"77":1,"78":1,"79":6,"80":1},"f":{"0":1,"1":1,"2":6,"3":6,"4":6,"5":6,"6":6,"7":6,"8":6,"9":1,"10":1,"11":1,"12":1,"13":1,"14":1,"15":1,"16":1,"17":1,"18":1,"19":6},"b":{},"_coverageSchema":"1a1c01bbd47fc00a2c39e90264f33305004495a9","hash":"e4e6defd8892cb77d919d4f462738810e597514e","contentHash":"5344541911e39cc290e9e328c3a3595e1e949203f0aa80a2065a9118f01a3576"}}